TpTrace Verbose: 0 : 24732, 1, 2021/12/03, 20:43:26.720, 19760969910858, vstest.console.dll, Version: 16.11.0
TpTrace Information: 0 : 24732, 1, 2021/12/03, 20:43:26.748, 19760970127589, vstest.console.dll, FilePatternParser: The given file C:\Users\Admin\Documents\Kacper IT\source\repos\ZPSB202109\Kacper.Wozniak\TestProject1\TestProject1\bin\Debug\net5.0\fine-code-coverage\build-output\TestProject1.dll is a full path.
TpTrace Verbose: 0 : 24732, 1, 2021/12/03, 20:43:26.766, 19760970313221, vstest.console.dll, TestPluginCache.DiscoverTestExtensions: finding test extensions in assemblies ends with: RuntimeProvider.dll TPluginInfo: Microsoft.VisualStudio.TestPlatform.Common.ExtensionFramework.Utilities.TestRuntimePluginInformation TExtension: Microsoft.VisualStudio.TestPlatform.ObjectModel.Host.ITestRuntimeProvider
TpTrace Verbose: 0 : 24732, 1, 2021/12/03, 20:43:26.768, 19760970332805, vstest.console.dll, TestPluginCache.GetExtensionPaths: Filtered extension paths: 
TpTrace Verbose: 0 : 24732, 1, 2021/12/03, 20:43:26.770, 19760970355811, vstest.console.dll, TestPluginCache.GetExtensionPaths: Added default extension paths: C:\Program Files\dotnet\sdk\5.0.403\Extensions\Microsoft.Diagnostics.NETCore.Client.dll
C:\Program Files\dotnet\sdk\5.0.403\Extensions\Microsoft.TestPlatform.Extensions.BlameDataCollector.dll
C:\Program Files\dotnet\sdk\5.0.403\Extensions\Microsoft.TestPlatform.Extensions.EventLogCollector.dll
C:\Program Files\dotnet\sdk\5.0.403\Extensions\Microsoft.TestPlatform.TestHostRuntimeProvider.dll
C:\Program Files\dotnet\sdk\5.0.403\Extensions\Microsoft.VisualStudio.TestPlatform.Extensions.Html.TestLogger.dll
C:\Program Files\dotnet\sdk\5.0.403\Extensions\Microsoft.VisualStudio.TestPlatform.Extensions.Trx.TestLogger.dll
TpTrace Verbose: 0 : 24732, 1, 2021/12/03, 20:43:26.771, 19760970362216, vstest.console.dll, TestPluginCache.GetExtensionPaths: Added unfilterableExtensionPaths: 
TpTrace Information: 0 : 24732, 1, 2021/12/03, 20:43:26.773, 19760970385460, vstest.console.dll, AssemblyResolver.ctor: Creating AssemblyResolver with searchDirectories C:\Program Files\dotnet\sdk\5.0.403\Extensions,C:\Program Files\dotnet\sdk\5.0.403
TpTrace Verbose: 0 : 24732, 1, 2021/12/03, 20:43:26.777, 19760970419987, vstest.console.dll, TestPluginCache.DiscoverTestExtensions: Discovering the extensions using extension path.
TpTrace Verbose: 0 : 24732, 1, 2021/12/03, 20:43:26.777, 19760970426761, vstest.console.dll, TestPluginCache.GetExtensionPaths: Filtered extension paths: 
TpTrace Verbose: 0 : 24732, 1, 2021/12/03, 20:43:26.778, 19760970430848, vstest.console.dll, TestPluginCache.GetExtensionPaths: Added default extension paths: C:\Program Files\dotnet\sdk\5.0.403\Extensions\Microsoft.Diagnostics.NETCore.Client.dll
C:\Program Files\dotnet\sdk\5.0.403\Extensions\Microsoft.TestPlatform.Extensions.BlameDataCollector.dll
C:\Program Files\dotnet\sdk\5.0.403\Extensions\Microsoft.TestPlatform.Extensions.EventLogCollector.dll
C:\Program Files\dotnet\sdk\5.0.403\Extensions\Microsoft.TestPlatform.TestHostRuntimeProvider.dll
C:\Program Files\dotnet\sdk\5.0.403\Extensions\Microsoft.VisualStudio.TestPlatform.Extensions.Html.TestLogger.dll
C:\Program Files\dotnet\sdk\5.0.403\Extensions\Microsoft.VisualStudio.TestPlatform.Extensions.Trx.TestLogger.dll
TpTrace Verbose: 0 : 24732, 1, 2021/12/03, 20:43:26.778, 19760970436657, vstest.console.dll, TestPluginCache.GetExtensionPaths: Added unfilterableExtensionPaths: 
TpTrace Verbose: 0 : 24732, 1, 2021/12/03, 20:43:26.779, 19760970444599, vstest.console.dll, TestPluginCache.DiscoverTestExtensions: Discovering the extensions using allExtensionPaths: C:\Program Files\dotnet\sdk\5.0.403\Extensions\Microsoft.Diagnostics.NETCore.Client.dll
C:\Program Files\dotnet\sdk\5.0.403\Extensions\Microsoft.TestPlatform.Extensions.BlameDataCollector.dll
C:\Program Files\dotnet\sdk\5.0.403\Extensions\Microsoft.TestPlatform.Extensions.EventLogCollector.dll
C:\Program Files\dotnet\sdk\5.0.403\Extensions\Microsoft.TestPlatform.TestHostRuntimeProvider.dll
C:\Program Files\dotnet\sdk\5.0.403\Extensions\Microsoft.VisualStudio.TestPlatform.Extensions.Html.TestLogger.dll
C:\Program Files\dotnet\sdk\5.0.403\Extensions\Microsoft.VisualStudio.TestPlatform.Extensions.Trx.TestLogger.dll
TpTrace Information: 0 : 24732, 1, 2021/12/03, 20:43:26.780, 19760970454080, vstest.console.dll, AssemblyResolver.AddSearchDirectories: Adding more searchDirectories C:\Program Files\dotnet\sdk\5.0.403\Extensions,C:\Program Files\dotnet\sdk\5.0.403
TpTrace Information: 0 : 24732, 1, 2021/12/03, 20:43:26.781, 19760970461182, vstest.console.dll, AssemblyResolver.AddSearchDirectories: Adding more searchDirectories C:\Program Files\dotnet\sdk\5.0.403\Extensions,C:\Program Files\dotnet\sdk\5.0.403
TpTrace Information: 0 : 24732, 1, 2021/12/03, 20:43:26.781, 19760970465576, vstest.console.dll, AssemblyResolver.AddSearchDirectories: Adding more searchDirectories C:\Program Files\dotnet\sdk\5.0.403\Extensions,C:\Program Files\dotnet\sdk\5.0.403
TpTrace Information: 0 : 24732, 1, 2021/12/03, 20:43:26.782, 19760970470582, vstest.console.dll, AssemblyResolver.AddSearchDirectories: Adding more searchDirectories C:\Program Files\dotnet\sdk\5.0.403\Extensions,C:\Program Files\dotnet\sdk\5.0.403
TpTrace Information: 0 : 24732, 1, 2021/12/03, 20:43:26.783, 19760970479053, vstest.console.dll, AssemblyResolver.AddSearchDirectories: Adding more searchDirectories C:\Program Files\dotnet\sdk\5.0.403\Extensions,C:\Program Files\dotnet\sdk\5.0.403
TpTrace Information: 0 : 24732, 1, 2021/12/03, 20:43:26.783, 19760970483850, vstest.console.dll, AssemblyResolver.AddSearchDirectories: Adding more searchDirectories C:\Program Files\dotnet\sdk\5.0.403\Extensions,C:\Program Files\dotnet\sdk\5.0.403
TpTrace Information: 0 : 24732, 1, 2021/12/03, 20:43:26.784, 19760970493558, vstest.console.dll, AssemblyResolver.OnResolve: Microsoft.Diagnostics.NETCore.Client: Resolving assembly.
TpTrace Information: 0 : 24732, 1, 2021/12/03, 20:43:26.785, 19760970498850, vstest.console.dll, AssemblyResolver.OnResolve: Microsoft.Diagnostics.NETCore.Client: Searching in: 'C:\Program Files\dotnet\sdk\5.0.403\Extensions'.
TpTrace Information: 0 : 24732, 1, 2021/12/03, 20:43:26.786, 19760970510178, vstest.console.dll, AssemblyResolver.OnResolve: Microsoft.Diagnostics.NETCore.Client: Loading assembly 'C:\Program Files\dotnet\sdk\5.0.403\Extensions\Microsoft.Diagnostics.NETCore.Client.dll'.
TpTrace Information: 0 : 24732, 1, 2021/12/03, 20:43:26.788, 19760970535349, vstest.console.dll, AssemblyResolver.OnResolve: Resolved assembly: Microsoft.Diagnostics.NETCore.Client, from path: C:\Program Files\dotnet\sdk\5.0.403\Extensions\Microsoft.Diagnostics.NETCore.Client.dll
TpTrace Information: 0 : 24732, 1, 2021/12/03, 20:43:26.801, 19760970665842, vstest.console.dll, AssemblyResolver.OnResolve: Microsoft.Bcl.AsyncInterfaces: Resolving assembly.
TpTrace Information: 0 : 24732, 1, 2021/12/03, 20:43:26.802, 19760970674435, vstest.console.dll, AssemblyResolver.OnResolve: Microsoft.Bcl.AsyncInterfaces: Searching in: 'C:\Program Files\dotnet\sdk\5.0.403\Extensions'.
TpTrace Information: 0 : 24732, 1, 2021/12/03, 20:43:26.803, 19760970685903, vstest.console.dll, AssemblyResolver.OnResolve: Microsoft.Bcl.AsyncInterfaces: Assembly path does not exist: 'C:\Program Files\dotnet\sdk\5.0.403\Extensions\Microsoft.Bcl.AsyncInterfaces.dll', returning.
TpTrace Information: 0 : 24732, 1, 2021/12/03, 20:43:26.804, 19760970690287, vstest.console.dll, AssemblyResolver.OnResolve: Microsoft.Bcl.AsyncInterfaces: Assembly path does not exist: 'C:\Program Files\dotnet\sdk\5.0.403\Extensions\Microsoft.Bcl.AsyncInterfaces.exe', returning.
TpTrace Information: 0 : 24732, 1, 2021/12/03, 20:43:26.804, 19760970692551, vstest.console.dll, AssemblyResolver.OnResolve: Microsoft.Bcl.AsyncInterfaces: Searching in: 'C:\Program Files\dotnet\sdk\5.0.403'.
TpTrace Information: 0 : 24732, 1, 2021/12/03, 20:43:26.804, 19760970696232, vstest.console.dll, AssemblyResolver.OnResolve: Microsoft.Bcl.AsyncInterfaces: Assembly path does not exist: 'C:\Program Files\dotnet\sdk\5.0.403\Microsoft.Bcl.AsyncInterfaces.dll', returning.
TpTrace Information: 0 : 24732, 1, 2021/12/03, 20:43:26.805, 19760970702767, vstest.console.dll, AssemblyResolver.OnResolve: Microsoft.Bcl.AsyncInterfaces: Assembly path does not exist: 'C:\Program Files\dotnet\sdk\5.0.403\Microsoft.Bcl.AsyncInterfaces.exe', returning.
TpTrace Information: 0 : 24732, 1, 2021/12/03, 20:43:26.805, 19760970705458, vstest.console.dll, AssemblyResolver.OnResolve: Microsoft.Bcl.AsyncInterfaces: Failed to load assembly.
TpTrace Verbose: 0 : 24732, 1, 2021/12/03, 20:43:26.806, 19760970707851, vstest.console.dll, CurrentDomainAssemblyResolve: Resolving assembly 'Microsoft.Bcl.AsyncInterfaces'.
TpTrace Information: 0 : 24732, 1, 2021/12/03, 20:43:26.806, 19760970710865, vstest.console.dll, AssemblyResolver.OnResolve: Microsoft.Bcl.AsyncInterfaces: Resolving assembly.
TpTrace Information: 0 : 24732, 1, 2021/12/03, 20:43:26.806, 19760970712723, vstest.console.dll, AssemblyResolver.OnResolve: Microsoft.Bcl.AsyncInterfaces: Resolved from cache.
TpTrace Verbose: 0 : 24732, 1, 2021/12/03, 20:43:26.806, 19760970714449, vstest.console.dll, CurrentDomainAssemblyResolve: Resolving assembly 'Microsoft.Bcl.AsyncInterfaces'.
TpTrace Verbose: 0 : 24732, 1, 2021/12/03, 20:43:26.806, 19760970716023, vstest.console.dll, CurrentDomainAssemblyResolve: Failed to resolve assembly 'Microsoft.Bcl.AsyncInterfaces'.
TpTrace Verbose: 0 : 24732, 1, 2021/12/03, 20:43:26.809, 19760970743455, vstest.console.dll, CurrentDomainAssemblyResolve: Failed to resolve assembly 'Microsoft.Bcl.AsyncInterfaces'.
TpTrace Warning: 0 : 24732, 1, 2021/12/03, 20:43:26.840, 19760971049708, vstest.console.dll, TestPluginDiscoverer: Failed to get types from assembly 'Microsoft.Diagnostics.NETCore.Client, Version=0.2.2.41902, Culture=neutral, PublicKeyToken=31bf3856ad364e35'.  Skipping test extension scan for this assembly.  Error: System.Reflection.ReflectionTypeLoadException: Unable to load one or more of the requested types.
Could not load file or assembly 'Microsoft.Bcl.AsyncInterfaces, Version=1.0.0.0, Culture=neutral, PublicKeyToken=cc7b13ffcd2ddd51'. Nie można odnaleźć określonego pliku.
   at System.Reflection.RuntimeModule.GetTypes(RuntimeModule module)
   at System.Reflection.RuntimeModule.GetTypes()
   at System.Reflection.Assembly.GetTypes()
   at Microsoft.VisualStudio.TestPlatform.Common.ExtensionFramework.TestPluginDiscoverer.GetTestExtensionsFromAssembly[TPluginInfo,TExtension](Assembly assembly, Dictionary`2 pluginInfos)
System.IO.FileNotFoundException: Could not load file or assembly 'Microsoft.Bcl.AsyncInterfaces, Version=1.0.0.0, Culture=neutral, PublicKeyToken=cc7b13ffcd2ddd51'. Nie można odnaleźć określonego pliku.
File name: 'Microsoft.Bcl.AsyncInterfaces, Version=1.0.0.0, Culture=neutral, PublicKeyToken=cc7b13ffcd2ddd51'
TpTrace Warning: 0 : 24732, 1, 2021/12/03, 20:43:26.841, 19760971061599, vstest.console.dll, LoaderExceptions: System.IO.FileNotFoundException: Could not load file or assembly 'Microsoft.Bcl.AsyncInterfaces, Version=1.0.0.0, Culture=neutral, PublicKeyToken=cc7b13ffcd2ddd51'. Nie można odnaleźć określonego pliku.
File name: 'Microsoft.Bcl.AsyncInterfaces, Version=1.0.0.0, Culture=neutral, PublicKeyToken=cc7b13ffcd2ddd51'
TpTrace Information: 0 : 24732, 1, 2021/12/03, 20:43:26.842, 19760971067781, vstest.console.dll, AssemblyResolver.OnResolve: Microsoft.TestPlatform.Extensions.BlameDataCollector: Resolving assembly.
TpTrace Information: 0 : 24732, 1, 2021/12/03, 20:43:26.842, 19760971070182, vstest.console.dll, AssemblyResolver.OnResolve: Microsoft.TestPlatform.Extensions.BlameDataCollector: Searching in: 'C:\Program Files\dotnet\sdk\5.0.403\Extensions'.
TpTrace Information: 0 : 24732, 1, 2021/12/03, 20:43:26.843, 19760971077748, vstest.console.dll, AssemblyResolver.OnResolve: Microsoft.TestPlatform.Extensions.BlameDataCollector: Loading assembly 'C:\Program Files\dotnet\sdk\5.0.403\Extensions\Microsoft.TestPlatform.Extensions.BlameDataCollector.dll'.
TpTrace Information: 0 : 24732, 1, 2021/12/03, 20:43:26.844, 19760971096088, vstest.console.dll, AssemblyResolver.OnResolve: Resolved assembly: Microsoft.TestPlatform.Extensions.BlameDataCollector, from path: C:\Program Files\dotnet\sdk\5.0.403\Extensions\Microsoft.TestPlatform.Extensions.BlameDataCollector.dll
TpTrace Information: 0 : 24732, 1, 2021/12/03, 20:43:26.845, 19760971106792, vstest.console.dll, AssemblyResolver.OnResolve: Microsoft.TestPlatform.Extensions.EventLogCollector: Resolving assembly.
TpTrace Information: 0 : 24732, 1, 2021/12/03, 20:43:26.846, 19760971109793, vstest.console.dll, AssemblyResolver.OnResolve: Microsoft.TestPlatform.Extensions.EventLogCollector: Searching in: 'C:\Program Files\dotnet\sdk\5.0.403\Extensions'.
TpTrace Information: 0 : 24732, 1, 2021/12/03, 20:43:26.847, 19760971123497, vstest.console.dll, AssemblyResolver.OnResolve: Microsoft.TestPlatform.Extensions.EventLogCollector: Loading assembly 'C:\Program Files\dotnet\sdk\5.0.403\Extensions\Microsoft.TestPlatform.Extensions.EventLogCollector.dll'.
TpTrace Information: 0 : 24732, 1, 2021/12/03, 20:43:26.852, 19760971171305, vstest.console.dll, AssemblyResolver.OnResolve: Resolved assembly: Microsoft.TestPlatform.Extensions.EventLogCollector, from path: C:\Program Files\dotnet\sdk\5.0.403\Extensions\Microsoft.TestPlatform.Extensions.EventLogCollector.dll
TpTrace Information: 0 : 24732, 1, 2021/12/03, 20:43:26.858, 19760971236371, vstest.console.dll, AssemblyResolver.OnResolve: Microsoft.TestPlatform.TestHostRuntimeProvider: Resolving assembly.
TpTrace Information: 0 : 24732, 1, 2021/12/03, 20:43:26.859, 19760971240614, vstest.console.dll, AssemblyResolver.OnResolve: Microsoft.TestPlatform.TestHostRuntimeProvider: Searching in: 'C:\Program Files\dotnet\sdk\5.0.403\Extensions'.
TpTrace Information: 0 : 24732, 1, 2021/12/03, 20:43:26.860, 19760971248546, vstest.console.dll, AssemblyResolver.OnResolve: Microsoft.TestPlatform.TestHostRuntimeProvider: Loading assembly 'C:\Program Files\dotnet\sdk\5.0.403\Extensions\Microsoft.TestPlatform.TestHostRuntimeProvider.dll'.
TpTrace Information: 0 : 24732, 1, 2021/12/03, 20:43:26.861, 19760971265206, vstest.console.dll, AssemblyResolver.OnResolve: Resolved assembly: Microsoft.TestPlatform.TestHostRuntimeProvider, from path: C:\Program Files\dotnet\sdk\5.0.403\Extensions\Microsoft.TestPlatform.TestHostRuntimeProvider.dll
TpTrace Information: 0 : 24732, 1, 2021/12/03, 20:43:26.863, 19760971286697, vstest.console.dll, AssemblyResolver.OnResolve: Microsoft.VisualStudio.TestPlatform.Extensions.Html.TestLogger: Resolving assembly.
TpTrace Information: 0 : 24732, 1, 2021/12/03, 20:43:26.864, 19760971289328, vstest.console.dll, AssemblyResolver.OnResolve: Microsoft.VisualStudio.TestPlatform.Extensions.Html.TestLogger: Searching in: 'C:\Program Files\dotnet\sdk\5.0.403\Extensions'.
TpTrace Information: 0 : 24732, 1, 2021/12/03, 20:43:26.864, 19760971295037, vstest.console.dll, AssemblyResolver.OnResolve: Microsoft.VisualStudio.TestPlatform.Extensions.Html.TestLogger: Loading assembly 'C:\Program Files\dotnet\sdk\5.0.403\Extensions\Microsoft.VisualStudio.TestPlatform.Extensions.Html.TestLogger.dll'.
TpTrace Information: 0 : 24732, 1, 2021/12/03, 20:43:26.867, 19760971318812, vstest.console.dll, AssemblyResolver.OnResolve: Resolved assembly: Microsoft.VisualStudio.TestPlatform.Extensions.Html.TestLogger, from path: C:\Program Files\dotnet\sdk\5.0.403\Extensions\Microsoft.VisualStudio.TestPlatform.Extensions.Html.TestLogger.dll
TpTrace Information: 0 : 24732, 1, 2021/12/03, 20:43:26.867, 19760971327043, vstest.console.dll, AssemblyResolver.OnResolve: Microsoft.VisualStudio.TestPlatform.Extensions.Trx.TestLogger: Resolving assembly.
TpTrace Information: 0 : 24732, 1, 2021/12/03, 20:43:26.868, 19760971329444, vstest.console.dll, AssemblyResolver.OnResolve: Microsoft.VisualStudio.TestPlatform.Extensions.Trx.TestLogger: Searching in: 'C:\Program Files\dotnet\sdk\5.0.403\Extensions'.
TpTrace Information: 0 : 24732, 1, 2021/12/03, 20:43:26.869, 19760971338495, vstest.console.dll, AssemblyResolver.OnResolve: Microsoft.VisualStudio.TestPlatform.Extensions.Trx.TestLogger: Loading assembly 'C:\Program Files\dotnet\sdk\5.0.403\Extensions\Microsoft.VisualStudio.TestPlatform.Extensions.Trx.TestLogger.dll'.
TpTrace Information: 0 : 24732, 1, 2021/12/03, 20:43:26.871, 19760971364270, vstest.console.dll, AssemblyResolver.OnResolve: Resolved assembly: Microsoft.VisualStudio.TestPlatform.Extensions.Trx.TestLogger, from path: C:\Program Files\dotnet\sdk\5.0.403\Extensions\Microsoft.VisualStudio.TestPlatform.Extensions.Trx.TestLogger.dll
TpTrace Verbose: 0 : 24732, 1, 2021/12/03, 20:43:26.872, 19760971373383, vstest.console.dll, TestPluginCache: Discovered the extensions using extension path ''.
TpTrace Verbose: 0 : 24732, 1, 2021/12/03, 20:43:26.872, 19760971375603, vstest.console.dll, TestPluginCache: Discoverers are ''.
TpTrace Verbose: 0 : 24732, 1, 2021/12/03, 20:43:26.873, 19760971377424, vstest.console.dll, TestPluginCache: Executors are ''.
TpTrace Verbose: 0 : 24732, 1, 2021/12/03, 20:43:26.873, 19760971378965, vstest.console.dll, TestPluginCache: Executors2 are ''.
TpTrace Verbose: 0 : 24732, 1, 2021/12/03, 20:43:26.873, 19760971380425, vstest.console.dll, TestPluginCache: Setting providers are ''.
TpTrace Verbose: 0 : 24732, 1, 2021/12/03, 20:43:26.873, 19760971381782, vstest.console.dll, TestPluginCache: Loggers are ''.
TpTrace Information: 0 : 24732, 1, 2021/12/03, 20:43:26.886, 19760971510407, vstest.console.dll, RunTestsArgumentProcessor:Execute: Test run is starting.
TpTrace Verbose: 0 : 24732, 1, 2021/12/03, 20:43:26.886, 19760971513084, vstest.console.dll, RunTestsArgumentProcessor:Execute: Queuing Test run.
TpTrace Information: 0 : 24732, 1, 2021/12/03, 20:43:26.887, 19760971520968, vstest.console.dll, TestRequestManager.RunTests: run tests started.
TpTrace Information: 0 : 24732, 1, 2021/12/03, 20:43:26.895, 19760971606652, vstest.console.dll, AssemblyMetadataProvider.GetFrameWork: Determined framework:'.NETCoreApp,Version=v5.0' for source: 'C:\Users\Admin\Documents\Kacper IT\source\repos\ZPSB202109\Kacper.Wozniak\TestProject1\TestProject1\bin\Debug\net5.0\fine-code-coverage\build-output\TestProject1.dll'
TpTrace Information: 0 : 24732, 1, 2021/12/03, 20:43:26.896, 19760971610620, vstest.console.dll, Determined framework for all sources: .NETCoreApp,Version=v5.0
TpTrace Information: 0 : 24732, 1, 2021/12/03, 20:43:26.897, 19760971620893, vstest.console.dll, AssemblyMetadataProvider.GetArchitecture: Determined architecture:AnyCPU info for assembly: C:\Users\Admin\Documents\Kacper IT\source\repos\ZPSB202109\Kacper.Wozniak\TestProject1\TestProject1\bin\Debug\net5.0\fine-code-coverage\build-output\TestProject1.dll
TpTrace Information: 0 : 24732, 1, 2021/12/03, 20:43:26.900, 19760971652083, vstest.console.dll, Determined platform for all sources: X64
TpTrace Information: 0 : 24732, 1, 2021/12/03, 20:43:26.905, 19760971706979, vstest.console.dll, Compatible sources list : 
TpTrace Information: 0 : 24732, 1, 2021/12/03, 20:43:26.906, 19760971710790, vstest.console.dll, C:\Users\Admin\Documents\Kacper IT\source\repos\ZPSB202109\Kacper.Wozniak\TestProject1\TestProject1\bin\Debug\net5.0\fine-code-coverage\build-output\TestProject1.dll
TpTrace Information: 0 : 24732, 1, 2021/12/03, 20:43:26.915, 19760971799329, vstest.console.dll, InferRunSettingsHelper.IsTestSettingsEnabled: Unable to navigate to RunSettings/MSTest. Current node: RunSettings
TpTrace Information: 0 : 24732, 1, 2021/12/03, 20:43:26.918, 19760971832982, vstest.console.dll, AssemblyResolver.OnResolve: Microsoft.VisualStudio.TestPlatform.Fakes: Resolving assembly.
TpTrace Information: 0 : 24732, 1, 2021/12/03, 20:43:26.918, 19760971837018, vstest.console.dll, AssemblyResolver.OnResolve: Microsoft.VisualStudio.TestPlatform.Fakes: Searching in: 'C:\Program Files\dotnet\sdk\5.0.403\Extensions'.
TpTrace Information: 0 : 24732, 1, 2021/12/03, 20:43:26.919, 19760971840375, vstest.console.dll, AssemblyResolver.OnResolve: Microsoft.VisualStudio.TestPlatform.Fakes: Assembly path does not exist: 'C:\Program Files\dotnet\sdk\5.0.403\Extensions\Microsoft.VisualStudio.TestPlatform.Fakes.dll', returning.
TpTrace Information: 0 : 24732, 1, 2021/12/03, 20:43:26.919, 19760971842898, vstest.console.dll, AssemblyResolver.OnResolve: Microsoft.VisualStudio.TestPlatform.Fakes: Assembly path does not exist: 'C:\Program Files\dotnet\sdk\5.0.403\Extensions\Microsoft.VisualStudio.TestPlatform.Fakes.exe', returning.
TpTrace Information: 0 : 24732, 1, 2021/12/03, 20:43:26.919, 19760971844666, vstest.console.dll, AssemblyResolver.OnResolve: Microsoft.VisualStudio.TestPlatform.Fakes: Searching in: 'C:\Program Files\dotnet\sdk\5.0.403'.
TpTrace Information: 0 : 24732, 1, 2021/12/03, 20:43:26.920, 19760971847241, vstest.console.dll, AssemblyResolver.OnResolve: Microsoft.VisualStudio.TestPlatform.Fakes: Assembly path does not exist: 'C:\Program Files\dotnet\sdk\5.0.403\Microsoft.VisualStudio.TestPlatform.Fakes.dll', returning.
TpTrace Information: 0 : 24732, 1, 2021/12/03, 20:43:26.920, 19760971849676, vstest.console.dll, AssemblyResolver.OnResolve: Microsoft.VisualStudio.TestPlatform.Fakes: Assembly path does not exist: 'C:\Program Files\dotnet\sdk\5.0.403\Microsoft.VisualStudio.TestPlatform.Fakes.exe', returning.
TpTrace Information: 0 : 24732, 1, 2021/12/03, 20:43:26.920, 19760971851087, vstest.console.dll, AssemblyResolver.OnResolve: Microsoft.VisualStudio.TestPlatform.Fakes: Failed to load assembly.
TpTrace Information: 0 : 24732, 1, 2021/12/03, 20:43:26.921, 19760971859402, vstest.console.dll, Failed to create newly implemented Fakes Configurator. Reason:System.IO.FileNotFoundException: Could not load file or assembly 'Microsoft.VisualStudio.TestPlatform.Fakes, Version=16.0.0.0, Culture=neutral, PublicKeyToken=null'. Nie można odnaleźć określonego pliku.
File name: 'Microsoft.VisualStudio.TestPlatform.Fakes, Version=16.0.0.0, Culture=neutral, PublicKeyToken=null'
   at System.Reflection.RuntimeAssembly.InternalLoad(ObjectHandleOnStack assemblyName, ObjectHandleOnStack requestingAssembly, StackCrawlMarkHandle stackMark, Boolean throwOnFileNotFound, ObjectHandleOnStack assemblyLoadContext, ObjectHandleOnStack retAssembly)
   at System.Reflection.RuntimeAssembly.InternalLoad(AssemblyName assemblyName, RuntimeAssembly requestingAssembly, StackCrawlMark& stackMark, Boolean throwOnFileNotFound, AssemblyLoadContext assemblyLoadContext)
   at System.Reflection.Assembly.Load(AssemblyName assemblyRef)
   at Microsoft.VisualStudio.TestPlatform.Common.Utilities.FakesUtilities.TryGetFakesCrossPlatformDataCollectorConfigurator() 
TpTrace Verbose: 0 : 24732, 1, 2021/12/03, 20:43:26.929, 19760971943913, vstest.console.dll, TestPluginCache.DiscoverTestExtensions: finding test extensions in assemblies ends with: TestLogger.dll TPluginInfo: Microsoft.VisualStudio.TestPlatform.Common.ExtensionFramework.Utilities.TestLoggerPluginInformation TExtension: Microsoft.VisualStudio.TestPlatform.ObjectModel.Client.ITestLogger
TpTrace Verbose: 0 : 24732, 1, 2021/12/03, 20:43:26.930, 19760971948542, vstest.console.dll, TestPluginCache.GetExtensionPaths: Filtered extension paths: 
TpTrace Verbose: 0 : 24732, 1, 2021/12/03, 20:43:26.930, 19760971950352, vstest.console.dll, TestPluginCache.GetExtensionPaths: Added default extension paths: C:\Program Files\dotnet\sdk\5.0.403\Extensions\Microsoft.Diagnostics.NETCore.Client.dll
C:\Program Files\dotnet\sdk\5.0.403\Extensions\Microsoft.TestPlatform.Extensions.BlameDataCollector.dll
C:\Program Files\dotnet\sdk\5.0.403\Extensions\Microsoft.TestPlatform.Extensions.EventLogCollector.dll
C:\Program Files\dotnet\sdk\5.0.403\Extensions\Microsoft.TestPlatform.TestHostRuntimeProvider.dll
C:\Program Files\dotnet\sdk\5.0.403\Extensions\Microsoft.VisualStudio.TestPlatform.Extensions.Html.TestLogger.dll
C:\Program Files\dotnet\sdk\5.0.403\Extensions\Microsoft.VisualStudio.TestPlatform.Extensions.Trx.TestLogger.dll
TpTrace Verbose: 0 : 24732, 1, 2021/12/03, 20:43:26.930, 19760971952512, vstest.console.dll, TestPluginCache.GetExtensionPaths: Added unfilterableExtensionPaths: 
TpTrace Information: 0 : 24732, 1, 2021/12/03, 20:43:26.930, 19760971957029, vstest.console.dll, AssemblyResolver.AddSearchDirectories: Adding more searchDirectories C:\Program Files\dotnet\sdk\5.0.403\Extensions,C:\Program Files\dotnet\sdk\5.0.403
TpTrace Verbose: 0 : 24732, 1, 2021/12/03, 20:43:26.931, 19760971959665, vstest.console.dll, TestPluginCache.DiscoverTestExtensions: Discovering the extensions using extension path.
TpTrace Verbose: 0 : 24732, 1, 2021/12/03, 20:43:26.931, 19760971961306, vstest.console.dll, TestPluginCache.GetExtensionPaths: Filtered extension paths: 
TpTrace Verbose: 0 : 24732, 1, 2021/12/03, 20:43:26.931, 19760971962815, vstest.console.dll, TestPluginCache.GetExtensionPaths: Added default extension paths: C:\Program Files\dotnet\sdk\5.0.403\Extensions\Microsoft.Diagnostics.NETCore.Client.dll
C:\Program Files\dotnet\sdk\5.0.403\Extensions\Microsoft.TestPlatform.Extensions.BlameDataCollector.dll
C:\Program Files\dotnet\sdk\5.0.403\Extensions\Microsoft.TestPlatform.Extensions.EventLogCollector.dll
C:\Program Files\dotnet\sdk\5.0.403\Extensions\Microsoft.TestPlatform.TestHostRuntimeProvider.dll
C:\Program Files\dotnet\sdk\5.0.403\Extensions\Microsoft.VisualStudio.TestPlatform.Extensions.Html.TestLogger.dll
C:\Program Files\dotnet\sdk\5.0.403\Extensions\Microsoft.VisualStudio.TestPlatform.Extensions.Trx.TestLogger.dll
TpTrace Verbose: 0 : 24732, 1, 2021/12/03, 20:43:26.931, 19760971964479, vstest.console.dll, TestPluginCache.GetExtensionPaths: Added unfilterableExtensionPaths: 
TpTrace Verbose: 0 : 24732, 1, 2021/12/03, 20:43:26.931, 19760971966101, vstest.console.dll, TestPluginCache.DiscoverTestExtensions: Discovering the extensions using allExtensionPaths: C:\Program Files\dotnet\sdk\5.0.403\Extensions\Microsoft.Diagnostics.NETCore.Client.dll
C:\Program Files\dotnet\sdk\5.0.403\Extensions\Microsoft.TestPlatform.Extensions.BlameDataCollector.dll
C:\Program Files\dotnet\sdk\5.0.403\Extensions\Microsoft.TestPlatform.Extensions.EventLogCollector.dll
C:\Program Files\dotnet\sdk\5.0.403\Extensions\Microsoft.TestPlatform.TestHostRuntimeProvider.dll
C:\Program Files\dotnet\sdk\5.0.403\Extensions\Microsoft.VisualStudio.TestPlatform.Extensions.Html.TestLogger.dll
C:\Program Files\dotnet\sdk\5.0.403\Extensions\Microsoft.VisualStudio.TestPlatform.Extensions.Trx.TestLogger.dll
TpTrace Information: 0 : 24732, 1, 2021/12/03, 20:43:26.932, 19760971968061, vstest.console.dll, AssemblyResolver.AddSearchDirectories: Adding more searchDirectories C:\Program Files\dotnet\sdk\5.0.403\Extensions,C:\Program Files\dotnet\sdk\5.0.403
TpTrace Information: 0 : 24732, 1, 2021/12/03, 20:43:26.932, 19760971969615, vstest.console.dll, AssemblyResolver.AddSearchDirectories: Adding more searchDirectories C:\Program Files\dotnet\sdk\5.0.403\Extensions,C:\Program Files\dotnet\sdk\5.0.403
TpTrace Information: 0 : 24732, 1, 2021/12/03, 20:43:26.932, 19760971971096, vstest.console.dll, AssemblyResolver.AddSearchDirectories: Adding more searchDirectories C:\Program Files\dotnet\sdk\5.0.403\Extensions,C:\Program Files\dotnet\sdk\5.0.403
TpTrace Information: 0 : 24732, 1, 2021/12/03, 20:43:26.932, 19760971972573, vstest.console.dll, AssemblyResolver.AddSearchDirectories: Adding more searchDirectories C:\Program Files\dotnet\sdk\5.0.403\Extensions,C:\Program Files\dotnet\sdk\5.0.403
TpTrace Information: 0 : 24732, 1, 2021/12/03, 20:43:26.932, 19760971974495, vstest.console.dll, AssemblyResolver.AddSearchDirectories: Adding more searchDirectories C:\Program Files\dotnet\sdk\5.0.403\Extensions,C:\Program Files\dotnet\sdk\5.0.403
TpTrace Information: 0 : 24732, 1, 2021/12/03, 20:43:26.932, 19760971976124, vstest.console.dll, AssemblyResolver.AddSearchDirectories: Adding more searchDirectories C:\Program Files\dotnet\sdk\5.0.403\Extensions,C:\Program Files\dotnet\sdk\5.0.403
TpTrace Information: 0 : 24732, 1, 2021/12/03, 20:43:26.933, 19760971982728, vstest.console.dll, AssemblyResolver.OnResolve: Microsoft.Bcl.AsyncInterfaces: Resolving assembly.
TpTrace Information: 0 : 24732, 1, 2021/12/03, 20:43:26.933, 19760971984935, vstest.console.dll, AssemblyResolver.OnResolve: Microsoft.Bcl.AsyncInterfaces: Resolved from cache.
TpTrace Verbose: 0 : 24732, 1, 2021/12/03, 20:43:26.933, 19760971986622, vstest.console.dll, CurrentDomainAssemblyResolve: Resolving assembly 'Microsoft.Bcl.AsyncInterfaces'.
TpTrace Information: 0 : 24732, 1, 2021/12/03, 20:43:26.934, 19760971989176, vstest.console.dll, AssemblyResolver.OnResolve: Microsoft.Bcl.AsyncInterfaces: Resolving assembly.
TpTrace Information: 0 : 24732, 1, 2021/12/03, 20:43:26.934, 19760971992449, vstest.console.dll, AssemblyResolver.OnResolve: Microsoft.Bcl.AsyncInterfaces: Resolved from cache.
TpTrace Verbose: 0 : 24732, 1, 2021/12/03, 20:43:26.935, 19760971997613, vstest.console.dll, CurrentDomainAssemblyResolve: Resolving assembly 'Microsoft.Bcl.AsyncInterfaces'.
TpTrace Verbose: 0 : 24732, 1, 2021/12/03, 20:43:26.935, 19760972002047, vstest.console.dll, CurrentDomainAssemblyResolve: Failed to resolve assembly 'Microsoft.Bcl.AsyncInterfaces'.
TpTrace Verbose: 0 : 24732, 1, 2021/12/03, 20:43:26.936, 19760972007230, vstest.console.dll, CurrentDomainAssemblyResolve: Failed to resolve assembly 'Microsoft.Bcl.AsyncInterfaces'.
TpTrace Warning: 0 : 24732, 1, 2021/12/03, 20:43:26.936, 19760972013544, vstest.console.dll, TestPluginDiscoverer: Failed to get types from assembly 'Microsoft.Diagnostics.NETCore.Client, Version=0.2.2.41902, Culture=neutral, PublicKeyToken=31bf3856ad364e35'.  Skipping test extension scan for this assembly.  Error: System.Reflection.ReflectionTypeLoadException: Unable to load one or more of the requested types.
Could not load file or assembly 'Microsoft.Bcl.AsyncInterfaces, Version=1.0.0.0, Culture=neutral, PublicKeyToken=cc7b13ffcd2ddd51'. Nie można odnaleźć określonego pliku.
   at System.Reflection.RuntimeModule.GetTypes(RuntimeModule module)
   at System.Reflection.RuntimeModule.GetTypes()
   at System.Reflection.Assembly.GetTypes()
   at Microsoft.VisualStudio.TestPlatform.Common.ExtensionFramework.TestPluginDiscoverer.GetTestExtensionsFromAssembly[TPluginInfo,TExtension](Assembly assembly, Dictionary`2 pluginInfos)
System.IO.FileNotFoundException: Could not load file or assembly 'Microsoft.Bcl.AsyncInterfaces, Version=1.0.0.0, Culture=neutral, PublicKeyToken=cc7b13ffcd2ddd51'. Nie można odnaleźć określonego pliku.
File name: 'Microsoft.Bcl.AsyncInterfaces, Version=1.0.0.0, Culture=neutral, PublicKeyToken=cc7b13ffcd2ddd51'
TpTrace Warning: 0 : 24732, 1, 2021/12/03, 20:43:26.937, 19760972019826, vstest.console.dll, LoaderExceptions: System.IO.FileNotFoundException: Could not load file or assembly 'Microsoft.Bcl.AsyncInterfaces, Version=1.0.0.0, Culture=neutral, PublicKeyToken=cc7b13ffcd2ddd51'. Nie można odnaleźć określonego pliku.
File name: 'Microsoft.Bcl.AsyncInterfaces, Version=1.0.0.0, Culture=neutral, PublicKeyToken=cc7b13ffcd2ddd51'
TpTrace Verbose: 0 : 24732, 1, 2021/12/03, 20:43:26.938, 19760972032831, vstest.console.dll, TestPluginCache: Discovered the extensions using extension path ''.
TpTrace Verbose: 0 : 24732, 1, 2021/12/03, 20:43:26.938, 19760972035752, vstest.console.dll, TestPluginCache: Discoverers are ''.
TpTrace Verbose: 0 : 24732, 1, 2021/12/03, 20:43:26.939, 19760972037243, vstest.console.dll, TestPluginCache: Executors are ''.
TpTrace Verbose: 0 : 24732, 1, 2021/12/03, 20:43:26.939, 19760972038711, vstest.console.dll, TestPluginCache: Executors2 are ''.
TpTrace Verbose: 0 : 24732, 1, 2021/12/03, 20:43:26.939, 19760972040038, vstest.console.dll, TestPluginCache: Setting providers are ''.
TpTrace Verbose: 0 : 24732, 1, 2021/12/03, 20:43:26.939, 19760972042653, vstest.console.dll, TestPluginCache: Loggers are 'logger://Microsoft/TestPlatform/Extensions/Blame/v1,logger://Microsoft/TestPlatform/HtmlLogger/v1,logger://Microsoft/TestPlatform/TrxLogger/v1'.
TpTrace Information: 0 : 24732, 1, 2021/12/03, 20:43:26.941, 19760972059740, vstest.console.dll, TestPluginManager.CreateTestExtension: Attempting to load test extension: Microsoft.TestPlatform.Extensions.BlameDataCollector.BlameLogger
TpTrace Information: 0 : 24732, 1, 2021/12/03, 20:43:26.974, 19760972394820, vstest.console.dll, TestPluginManager.CreateTestExtension: Attempting to load test extension: Microsoft.VisualStudio.TestPlatform.CrossPlatEngine.Hosting.DefaultTestHostManager
TpTrace Information: 0 : 24732, 1, 2021/12/03, 20:43:26.975, 19760972404900, vstest.console.dll, TestPluginManager.CreateTestExtension: Attempting to load test extension: Microsoft.VisualStudio.TestPlatform.CrossPlatEngine.Hosting.DotnetTestHostManager
TpTrace Verbose: 0 : 24732, 1, 2021/12/03, 20:43:26.979, 19760972437874, vstest.console.dll, TestEngine: Initializing Parallel Execution as MaxCpuCount is set to: 1
TpTrace Information: 0 : 24732, 1, 2021/12/03, 20:43:26.983, 19760972482594, vstest.console.dll, InferRunSettingsHelper.IsTestSettingsEnabled: Unable to navigate to RunSettings/MSTest. Current node: RunSettings
TpTrace Verbose: 0 : 24732, 1, 2021/12/03, 20:43:27.009, 19760972737387, vstest.console.dll, TestRequestSender is acting as server
TpTrace Verbose: 0 : 24732, 4, 2021/12/03, 20:43:27.013, 19760972782537, vstest.console.dll, DataCollectionRequestSender.InitializeCommunication : Initialize communication. 
TpTrace Information: 0 : 24732, 4, 2021/12/03, 20:43:27.053, 19760973181489, vstest.console.dll, Listening on Endpoint : 127.0.0.1:62973
TpTrace Verbose: 0 : 24732, 4, 2021/12/03, 20:43:27.076, 19760973414159, vstest.console.dll, DotnetDataCollectionLauncher: Full path of dotnet.exe is C:\Program Files\dotnet\dotnet.exe
TpTrace Verbose: 0 : 24732, 4, 2021/12/03, 20:43:27.077, 19760973418620, vstest.console.dll, DotnetDataCollectionLauncher: Adding  --runtimeconfig "C:\Program Files\dotnet\sdk\5.0.403\datacollector.runtimeconfig.json" in args
TpTrace Verbose: 0 : 24732, 4, 2021/12/03, 20:43:27.077, 19760973421338, vstest.console.dll, DotnetDataCollectionLauncher: Adding  --depsfile "C:\Program Files\dotnet\sdk\5.0.403\datacollector.deps.json" in args
TpTrace Information: 0 : 24732, 4, 2021/12/03, 20:43:27.098, 19760973628309, vstest.console.dll, ProxyDataCollectionManager.Initialize: Launched datacollector processId: 28880 port: 62973
TpTrace Information: 0 : 24732, 4, 2021/12/03, 20:43:27.109, 19760973739934, vstest.console.dll, ProxyDataCollectionManager.Initialize: waiting for connection with timeout: 90 seconds
TpTrace Verbose: 0 : 24732, 4, 2021/12/03, 20:43:27.116, 19760973816191, vstest.console.dll, DataCollectionRequestSender.WaitForRequestHandlerConnection : Waiting for connection with timeout: 90000
TpTrace Information: 0 : 24732, 7, 2021/12/03, 20:43:27.576, 19760978414781, vstest.console.dll, Using the buffer size of 16384 bytes
TpTrace Verbose: 0 : 24732, 4, 2021/12/03, 20:43:27.576, 19760978415623, vstest.console.dll, ProxyDataCollectionManager.InvokeDataCollectionServiceAction: Starting.
TpTrace Information: 0 : 24732, 7, 2021/12/03, 20:43:27.577, 19760978418122, vstest.console.dll, Accepted Client request and set the flag
TpTrace Information: 0 : 24732, 4, 2021/12/03, 20:43:27.577, 19760978422283, vstest.console.dll, ProxyDataCollectionManager.BeforeTestRunStart: Get environment variable and port for datacollector processId: 28880 port: 62973
TpTrace Verbose: 0 : 24732, 4, 2021/12/03, 20:43:27.578, 19760978431742, vstest.console.dll, DataCollectionRequestSender.SendBeforeTestRunStartAndGetResult : Send BeforeTestRunStart message with settingsXml <RunSettings><RunConfiguration><ResultsDirectory>C:\Users\Admin\Documents\Kacper IT\source\repos\ZPSB202109\Kacper.Wozniak\TestProject1\TestProject1\bin\Debug\net5.0\fine-code-coverage\coverage-tool-output</ResultsDirectory><TargetPlatform>X64</TargetPlatform><TargetFrameworkVersion>.NETCoreApp,Version=v5.0</TargetFrameworkVersion><DesignMode>False</DesignMode><CollectSourceInformation>False</CollectSourceInformation><TestAdaptersPaths>C:\Program Files\dotnet\sdk\5.0.403\Extensions</TestAdaptersPaths></RunConfiguration><LoggerRunSettings><Loggers><Logger friendlyName="blame" enabled="True" /><Logger friendlyName="Console" uri="logger://microsoft/TestPlatform/ConsoleLogger/v1" assemblyQualifiedName="Microsoft.VisualStudio.TestPlatform.CommandLine.Internal.ConsoleLogger, vstest.console, Version=15.0.0.0, Culture=neutral, PublicKeyToken=b03f5f7f11d50a3a" codeBase="C:\Program Files\dotnet\sdk\5.0.403\vstest.console.dll" enabled="True" /></Loggers></LoggerRunSettings><DataCollectionRunSettings><DataCollectors><DataCollector friendlyName="blame" enabled="True"><Configuration><ResultsDirectory>C:\Users\Admin\Documents\Kacper IT\source\repos\ZPSB202109\Kacper.Wozniak\TestProject1\TestProject1\bin\Debug\net5.0\fine-code-coverage\coverage-tool-output</ResultsDirectory></Configuration></DataCollector></DataCollectors></DataCollectionRunSettings></RunSettings> and sources System.Linq.Enumerable+Concat2Iterator`1[System.String]: 
TpTrace Verbose: 0 : 24732, 4, 2021/12/03, 20:43:27.937, 19760982018605, vstest.console.dll, DataCollectionRequestSender.SendBeforeTestRunStartAndGetResult : Received message: (DataCollection.SendMessage) -> {
  "FriendlyName": null,
  "Uri": null,
  "TestCaseId": "00000000-0000-0000-0000-000000000000",
  "Message": "Logging DataCollector Diagnostics in file: C:\\Users\\Admin\\Documents\\Kacper IT\\source\\repos\\ZPSB202109\\Kacper.Wozniak\\TestProject1\\TestProject1\\bin\\Debug\\net5.0\\fine-code-coverage\\coverage-tool-output\\diagnostics.datacollector.21-12-03_20-43-27_06891_4.log",
  "Level": 0
}
TpTrace Verbose: 0 : 24732, 4, 2021/12/03, 20:43:28.262, 19760985272145, vstest.console.dll, DataCollectionRequestSender.SendBeforeTestRunStartAndGetResult : Received message: (DataCollection.BeforeTestRunStartResult) -> {
  "EnvironmentVariables": {},
  "DataCollectionEventsPort": 62975
}
TpTrace Information: 0 : 24732, 4, 2021/12/03, 20:43:28.271, 19760985366934, vstest.console.dll, ProxyDataCollectionManager.BeforeTestRunStart: SendBeforeTestRunStartAndGetResult successful, env variable from datacollector:   and testhost port: 62975
TpTrace Information: 0 : 24732, 4, 2021/12/03, 20:43:28.272, 19760985370341, vstest.console.dll, ProxyDataCollectionManager.InvokeDataCollectionServiceAction: Completed.
TpTrace Verbose: 0 : 24732, 1, 2021/12/03, 20:43:28.272, 19760985373722, vstest.console.dll, TestRunRequest.ExecuteAsync: Creating test run request.
TpTrace Verbose: 0 : 24732, 1, 2021/12/03, 20:43:28.273, 19760985380042, vstest.console.dll, TestRunRequest.ExecuteAsync: Starting.
TpTrace Information: 0 : 24732, 1, 2021/12/03, 20:43:28.273, 19760985386762, vstest.console.dll, TestRunRequest.ExecuteAsync: Starting run with settings:TestRunCriteria:
   KeepAlive=False,FrequencyOfRunStatsChangeEvent=10,RunStatsChangeEventTimeout=00:00:01.5000000,TestCaseFilter=,TestExecutorLauncher=
   Settingsxml=<RunSettings>
  <RunConfiguration>
    <ResultsDirectory>C:\Users\Admin\Documents\Kacper IT\source\repos\ZPSB202109\Kacper.Wozniak\TestProject1\TestProject1\bin\Debug\net5.0\fine-code-coverage\coverage-tool-output</ResultsDirectory>
    <TargetPlatform>X64</TargetPlatform>
    <TargetFrameworkVersion>.NETCoreApp,Version=v5.0</TargetFrameworkVersion>
    <DesignMode>False</DesignMode>
    <CollectSourceInformation>False</CollectSourceInformation>
  </RunConfiguration>
  <LoggerRunSettings>
    <Loggers>
      <Logger friendlyName="blame" enabled="True" />
      <Logger friendlyName="Console" uri="logger://microsoft/TestPlatform/ConsoleLogger/v1" assemblyQualifiedName="Microsoft.VisualStudio.TestPlatform.CommandLine.Internal.ConsoleLogger, vstest.console, Version=15.0.0.0, Culture=neutral, PublicKeyToken=b03f5f7f11d50a3a" codeBase="C:\Program Files\dotnet\sdk\5.0.403\vstest.console.dll" enabled="True" />
    </Loggers>
  </LoggerRunSettings>
  <DataCollectionRunSettings>
    <DataCollectors>
      <DataCollector friendlyName="blame" enabled="True">
        <Configuration>
          <ResultsDirectory>C:\Users\Admin\Documents\Kacper IT\source\repos\ZPSB202109\Kacper.Wozniak\TestProject1\TestProject1\bin\Debug\net5.0\fine-code-coverage\coverage-tool-output</ResultsDirectory>
        </Configuration>
      </DataCollector>
    </DataCollectors>
  </DataCollectionRunSettings>
</RunSettings>

TpTrace Verbose: 0 : 24732, 1, 2021/12/03, 20:43:28.274, 19760985390457, vstest.console.dll, TestRunRequest.ExecuteAsync: Wait for the first run request is over.
TpTrace Verbose: 0 : 24732, 1, 2021/12/03, 20:43:28.275, 19760985402164, vstest.console.dll, ParallelProxyExecutionManager: Start execution. Total sources: 1
TpTrace Information: 0 : 24732, 1, 2021/12/03, 20:43:28.278, 19760985431075, vstest.console.dll, ProxyParallelExecutionManager: Triggering test run for next source: C:\Users\Admin\Documents\Kacper IT\source\repos\ZPSB202109\Kacper.Wozniak\TestProject1\TestProject1\bin\Debug\net5.0\fine-code-coverage\build-output\TestProject1.dll
TpTrace Verbose: 0 : 24732, 4, 2021/12/03, 20:43:28.279, 19760985440688, vstest.console.dll, ParallelProxyExecutionManager: Execution started. Started clients: 1
TpTrace Verbose: 0 : 24732, 1, 2021/12/03, 20:43:28.279, 19760985444568, vstest.console.dll, ProxyParallelExecutionManager: No sources available for execution.
TpTrace Information: 0 : 24732, 1, 2021/12/03, 20:43:28.280, 19760985448797, vstest.console.dll, TestRunRequest.ExecuteAsync: Started.
TpTrace Verbose: 0 : 24732, 1, 2021/12/03, 20:43:28.280, 19760985454029, vstest.console.dll, TestRunRequest.WaitForCompletion: Waiting with timeout -1.
TpTrace Verbose: 0 : 24732, 4, 2021/12/03, 20:43:28.280, 19760985454029, vstest.console.dll, TestRunRequest:SendTestRunMessage: Starting.
TpTrace Information: 0 : 24732, 4, 2021/12/03, 20:43:28.281, 19760985461565, vstest.console.dll, TestRunRequest:SendTestRunMessage: Completed.
TpTrace Verbose: 0 : 24732, 4, 2021/12/03, 20:43:28.283, 19760985477492, vstest.console.dll, ProxyExecutionManager: Test host is always Lazy initialize.
TpTrace Verbose: 0 : 24732, 4, 2021/12/03, 20:43:28.283, 19760985484586, vstest.console.dll, TestRequestSender.InitializeCommunication: initialize communication. 
TpTrace Information: 0 : 24732, 4, 2021/12/03, 20:43:28.284, 19760985493997, vstest.console.dll, SocketServer.Start: Listening on endpoint : 127.0.0.1:62976
TpTrace Verbose: 0 : 24732, 4, 2021/12/03, 20:43:28.287, 19760985525650, vstest.console.dll, DotnetTestHostmanager: Adding  --runtimeconfig "C:\Users\Admin\Documents\Kacper IT\source\repos\ZPSB202109\Kacper.Wozniak\TestProject1\TestProject1\bin\Debug\net5.0\fine-code-coverage\build-output\TestProject1.runtimeconfig.json" in args
TpTrace Verbose: 0 : 24732, 4, 2021/12/03, 20:43:28.288, 19760985531410, vstest.console.dll, DotnetTestHostmanager: Adding  --depsfile "C:\Users\Admin\Documents\Kacper IT\source\repos\ZPSB202109\Kacper.Wozniak\TestProject1\TestProject1\bin\Debug\net5.0\fine-code-coverage\build-output\TestProject1.deps.json" in args
TpTrace Verbose: 0 : 24732, 4, 2021/12/03, 20:43:28.289, 19760985538842, vstest.console.dll, DotnetTestHostManager: Testhost.exe/testhost.x86.exe found at path: C:\Users\Admin\Documents\Kacper IT\source\repos\ZPSB202109\Kacper.Wozniak\TestProject1\TestProject1\bin\Debug\net5.0\fine-code-coverage\build-output\testhost.exe
TpTrace Verbose: 0 : 24732, 4, 2021/12/03, 20:43:28.289, 19760985541244, vstest.console.dll, DotnetTestHostmanager: Full path of host exe is C:\Users\Admin\Documents\Kacper IT\source\repos\ZPSB202109\Kacper.Wozniak\TestProject1\TestProject1\bin\Debug\net5.0\fine-code-coverage\build-output\testhost.exe
TpTrace Verbose: 0 : 24732, 6, 2021/12/03, 20:43:28.290, 19760985555356, vstest.console.dll, DotnetTestHostManager: Starting process 'C:\Users\Admin\Documents\Kacper IT\source\repos\ZPSB202109\Kacper.Wozniak\TestProject1\TestProject1\bin\Debug\net5.0\fine-code-coverage\build-output\testhost.exe' with command line ' --runtimeconfig "C:\Users\Admin\Documents\Kacper IT\source\repos\ZPSB202109\Kacper.Wozniak\TestProject1\TestProject1\bin\Debug\net5.0\fine-code-coverage\build-output\TestProject1.runtimeconfig.json" --depsfile "C:\Users\Admin\Documents\Kacper IT\source\repos\ZPSB202109\Kacper.Wozniak\TestProject1\TestProject1\bin\Debug\net5.0\fine-code-coverage\build-output\TestProject1.deps.json" --port 62976 --endpoint 127.0.0.1:062976 --role client --parentprocessid 24732 --diag "C:\Users\Admin\Documents\Kacper IT\source\repos\ZPSB202109\Kacper.Wozniak\TestProject1\TestProject1\bin\Debug\net5.0\fine-code-coverage\coverage-tool-output\diagnostics.host.21-12-03_20-43-28_28524_4.log" --tracelevel 4 --datacollectionport 62975 --telemetryoptedin false'
TpTrace Verbose: 0 : 24732, 6, 2021/12/03, 20:43:28.411, 19760986758780, vstest.console.dll, Test Runtime launched
TpTrace Verbose: 0 : 24732, 4, 2021/12/03, 20:43:28.426, 19760986916072, vstest.console.dll, TestRequestSender.WaitForRequestHandlerConnection: waiting for connection with timeout: 90000
TpTrace Verbose: 0 : 24732, 6, 2021/12/03, 20:43:29.381, 19760996460911, vstest.console.dll, SocketServer.OnClientConnected: Client connected for endPoint: 127.0.0.1:62976, starting MessageLoopAsync:
TpTrace Verbose: 0 : 24732, 6, 2021/12/03, 20:43:29.382, 19760996467586, vstest.console.dll, TcpClientExtensions.MessageLoopAsync: Polling on remoteEndPoint: 127.0.0.1:62977 localEndPoint: 127.0.0.1:62976
TpTrace Verbose: 0 : 24732, 6, 2021/12/03, 20:43:29.777, 19761000421948, vstest.console.dll, TcpClientExtensions.MessageLoopAsync: NotifyDataAvailable remoteEndPoint: 127.0.0.1:62977 localEndPoint: 127.0.0.1:62976
TpTrace Verbose: 0 : 24732, 6, 2021/12/03, 20:43:29.778, 19761000427744, vstest.console.dll, TestRequestSender.CheckVersionWithTestHost: onMessageReceived received message: (ProtocolVersion) -> 5
TpTrace Verbose: 0 : 24732, 6, 2021/12/03, 20:43:29.778, 19761000436438, vstest.console.dll, TcpClientExtensions.MessageLoopAsync: Polling on remoteEndPoint: 127.0.0.1:62977 localEndPoint: 127.0.0.1:62976
TpTrace Verbose: 0 : 24732, 4, 2021/12/03, 20:43:29.779, 19761000437584, vstest.console.dll, TestPluginCache.GetExtensionPaths: Filtered extension paths: 
TpTrace Verbose: 0 : 24732, 4, 2021/12/03, 20:43:29.780, 19761000447369, vstest.console.dll, TestPluginCache.GetExtensionPaths: Added default extension paths: C:\Program Files\dotnet\sdk\5.0.403\Extensions\Microsoft.Diagnostics.NETCore.Client.dll
C:\Program Files\dotnet\sdk\5.0.403\Extensions\Microsoft.TestPlatform.Extensions.BlameDataCollector.dll
C:\Program Files\dotnet\sdk\5.0.403\Extensions\Microsoft.TestPlatform.Extensions.EventLogCollector.dll
C:\Program Files\dotnet\sdk\5.0.403\Extensions\Microsoft.TestPlatform.TestHostRuntimeProvider.dll
C:\Program Files\dotnet\sdk\5.0.403\Extensions\Microsoft.VisualStudio.TestPlatform.Extensions.Html.TestLogger.dll
C:\Program Files\dotnet\sdk\5.0.403\Extensions\Microsoft.VisualStudio.TestPlatform.Extensions.Trx.TestLogger.dll
TpTrace Verbose: 0 : 24732, 4, 2021/12/03, 20:43:29.780, 19761000450573, vstest.console.dll, TestPluginCache.GetExtensionPaths: Added unfilterableExtensionPaths: 
TpTrace Verbose: 0 : 24732, 4, 2021/12/03, 20:43:29.788, 19761000533222, vstest.console.dll, TestRequestSender.InitializeExecution: Sending initializing execution with message: {"Version":5,"MessageType":"TestExecution.Initialize","Payload":["C:\\Users\\Admin\\Documents\\Kacper IT\\source\\repos\\ZPSB202109\\Kacper.Wozniak\\TestProject1\\TestProject1\\bin\\Debug\\net5.0\\fine-code-coverage\\build-output\\NUnit3.TestAdapter.dll"]}
TpTrace Verbose: 0 : 24732, 6, 2021/12/03, 20:43:29.802, 19761000671186, vstest.console.dll, TcpClientExtensions.MessageLoopAsync: NotifyDataAvailable remoteEndPoint: 127.0.0.1:62977 localEndPoint: 127.0.0.1:62976
TpTrace Verbose: 0 : 24732, 4, 2021/12/03, 20:43:29.802, 19761000673860, vstest.console.dll, TestRequestSender.StartTestRun: Sending test run with message: {"Version":5,"MessageType":"TestExecution.StartWithSources","Payload":{"AdapterSourceMap":{"_none_":["C:\\Users\\Admin\\Documents\\Kacper IT\\source\\repos\\ZPSB202109\\Kacper.Wozniak\\TestProject1\\TestProject1\\bin\\Debug\\net5.0\\fine-code-coverage\\build-output\\TestProject1.dll"]},"RunSettings":"<RunSettings>\r\n  <RunConfiguration>\r\n    <ResultsDirectory>C:\\Users\\Admin\\Documents\\Kacper IT\\source\\repos\\ZPSB202109\\Kacper.Wozniak\\TestProject1\\TestProject1\\bin\\Debug\\net5.0\\fine-code-coverage\\coverage-tool-output</ResultsDirectory>\r\n    <TargetPlatform>X64</TargetPlatform>\r\n    <TargetFrameworkVersion>.NETCoreApp,Version=v5.0</TargetFrameworkVersion>\r\n    <DesignMode>False</DesignMode>\r\n    <CollectSourceInformation>False</CollectSourceInformation>\r\n  </RunConfiguration>\r\n  <LoggerRunSettings>\r\n    <Loggers>\r\n      <Logger friendlyName=\"blame\" enabled=\"True\" />\r\n      <Logger friendlyName=\"Console\" uri=\"logger://microsoft/TestPlatform/ConsoleLogger/v1\" assemblyQualifiedName=\"Microsoft.VisualStudio.TestPlatform.CommandLine.Internal.ConsoleLogger, vstest.console, Version=15.0.0.0, Culture=neutral, PublicKeyToken=b03f5f7f11d50a3a\" codeBase=\"C:\\Program Files\\dotnet\\sdk\\5.0.403\\vstest.console.dll\" enabled=\"True\" />\r\n    </Loggers>\r\n  </LoggerRunSettings>\r\n  <DataCollectionRunSettings>\r\n    <DataCollectors>\r\n      <DataCollector friendlyName=\"blame\" enabled=\"True\">\r\n        <Configuration>\r\n          <ResultsDirectory>C:\\Users\\Admin\\Documents\\Kacper IT\\source\\repos\\ZPSB202109\\Kacper.Wozniak\\TestProject1\\TestProject1\\bin\\Debug\\net5.0\\fine-code-coverage\\coverage-tool-output</ResultsDirectory>\r\n        </Configuration>\r\n      </DataCollector>\r\n    </DataCollectors>\r\n  </DataCollectionRunSettings>\r\n</RunSettings>","TestExecutionContext":{"FrequencyOfRunStatsChangeEvent":10,"RunStatsChangeEventTimeout":"00:00:01.5000000","InIsolation":false,"KeepAlive":false,"AreTestCaseLevelEventsRequired":false,"IsDebug":false,"TestCaseFilter":null,"FilterOptions":null},"Package":null}}
TpTrace Verbose: 0 : 24732, 6, 2021/12/03, 20:43:29.802, 19761000675134, vstest.console.dll, TestRequestSender.OnExecutionMessageReceived: Received message: {"Version":5,"MessageType":"TestSession.Message","Payload":{"MessageLevel":0,"Message":"Logging TestHost Diagnostics in file: C:\\Users\\Admin\\Documents\\Kacper IT\\source\\repos\\ZPSB202109\\Kacper.Wozniak\\TestProject1\\TestProject1\\bin\\Debug\\net5.0\\fine-code-coverage\\coverage-tool-output\\diagnostics.host.21-12-03_20-43-28_28524_4.log"}}
TpTrace Verbose: 0 : 24732, 6, 2021/12/03, 20:43:29.805, 19761000706846, vstest.console.dll, TestRunRequest:SendTestRunMessage: Starting.
TpTrace Information: 0 : 24732, 6, 2021/12/03, 20:43:29.806, 19761000710175, vstest.console.dll, TestRunRequest:SendTestRunMessage: Completed.
TpTrace Verbose: 0 : 24732, 6, 2021/12/03, 20:43:29.806, 19761000712081, vstest.console.dll, TcpClientExtensions.MessageLoopAsync: Polling on remoteEndPoint: 127.0.0.1:62977 localEndPoint: 127.0.0.1:62976
TpTrace Verbose: 0 : 24732, 6, 2021/12/03, 20:43:30.493, 19761007586178, vstest.console.dll, TcpClientExtensions.MessageLoopAsync: NotifyDataAvailable remoteEndPoint: 127.0.0.1:62977 localEndPoint: 127.0.0.1:62976
TpTrace Verbose: 0 : 24732, 6, 2021/12/03, 20:43:30.494, 19761007588636, vstest.console.dll, TestRequestSender.OnExecutionMessageReceived: Received message: {"Version":5,"MessageType":"TestSession.Message","Payload":{"MessageLevel":0,"Message":"NUnit Adapter 3.17.0.0: Test execution started"}}
TpTrace Verbose: 0 : 24732, 6, 2021/12/03, 20:43:30.494, 19761007595527, vstest.console.dll, TestRunRequest:SendTestRunMessage: Starting.
TpTrace Information: 0 : 24732, 6, 2021/12/03, 20:43:30.496, 19761007608505, vstest.console.dll, TestRunRequest:SendTestRunMessage: Completed.
TpTrace Verbose: 0 : 24732, 6, 2021/12/03, 20:43:30.502, 19761007675616, vstest.console.dll, TcpClientExtensions.MessageLoopAsync: Polling on remoteEndPoint: 127.0.0.1:62977 localEndPoint: 127.0.0.1:62976
TpTrace Verbose: 0 : 24732, 6, 2021/12/03, 20:43:30.566, 19761008314559, vstest.console.dll, TcpClientExtensions.MessageLoopAsync: NotifyDataAvailable remoteEndPoint: 127.0.0.1:62977 localEndPoint: 127.0.0.1:62976
TpTrace Verbose: 0 : 24732, 6, 2021/12/03, 20:43:30.567, 19761008317327, vstest.console.dll, TestRequestSender.OnExecutionMessageReceived: Received message: {"Version":5,"MessageType":"TestSession.Message","Payload":{"MessageLevel":0,"Message":"Running all tests in C:\\Users\\Admin\\Documents\\Kacper IT\\source\\repos\\ZPSB202109\\Kacper.Wozniak\\TestProject1\\TestProject1\\bin\\Debug\\net5.0\\fine-code-coverage\\build-output\\TestProject1.dll"}}
TpTrace Verbose: 0 : 24732, 6, 2021/12/03, 20:43:30.567, 19761008322455, vstest.console.dll, TestRunRequest:SendTestRunMessage: Starting.
TpTrace Information: 0 : 24732, 6, 2021/12/03, 20:43:30.567, 19761008325084, vstest.console.dll, TestRunRequest:SendTestRunMessage: Completed.
TpTrace Verbose: 0 : 24732, 6, 2021/12/03, 20:43:30.567, 19761008326886, vstest.console.dll, TcpClientExtensions.MessageLoopAsync: Polling on remoteEndPoint: 127.0.0.1:62977 localEndPoint: 127.0.0.1:62976
TpTrace Verbose: 0 : 24732, 6, 2021/12/03, 20:43:31.574, 19761018393765, vstest.console.dll, TcpClientExtensions.MessageLoopAsync: Polling on remoteEndPoint: 127.0.0.1:62977 localEndPoint: 127.0.0.1:62976
TpTrace Verbose: 0 : 24732, 6, 2021/12/03, 20:43:31.668, 19761019332991, vstest.console.dll, TcpClientExtensions.MessageLoopAsync: NotifyDataAvailable remoteEndPoint: 127.0.0.1:62977 localEndPoint: 127.0.0.1:62976
TpTrace Verbose: 0 : 24732, 6, 2021/12/03, 20:43:31.668, 19761019336928, vstest.console.dll, TestRequestSender.OnExecutionMessageReceived: Received message: {"Version":5,"MessageType":"TestSession.Message","Payload":{"MessageLevel":0,"Message":"   NUnit3TestExecutor discovered 9 of 9 NUnit test cases"}}
TpTrace Verbose: 0 : 24732, 6, 2021/12/03, 20:43:31.669, 19761019341804, vstest.console.dll, TestRunRequest:SendTestRunMessage: Starting.
TpTrace Information: 0 : 24732, 6, 2021/12/03, 20:43:31.669, 19761019346555, vstest.console.dll, TestRunRequest:SendTestRunMessage: Completed.
TpTrace Verbose: 0 : 24732, 6, 2021/12/03, 20:43:31.670, 19761019349756, vstest.console.dll, TcpClientExtensions.MessageLoopAsync: Polling on remoteEndPoint: 127.0.0.1:62977 localEndPoint: 127.0.0.1:62976
TpTrace Verbose: 0 : 24732, 6, 2021/12/03, 20:43:32.376, 19761026415234, vstest.console.dll, TcpClientExtensions.MessageLoopAsync: NotifyDataAvailable remoteEndPoint: 127.0.0.1:62977 localEndPoint: 127.0.0.1:62976
TpTrace Verbose: 0 : 24732, 6, 2021/12/03, 20:43:32.377, 19761026426074, vstest.console.dll, TestRequestSender.OnExecutionMessageReceived: Received message: {"Version":5,"MessageType":"TestExecution.StatsChange","Payload":{"NewTestResults":[],"TestRunStatistics":{"ExecutedTests":0,"Stats":{}},"ActiveTests":[{"Id":"6d5716f7-631c-0760-6033-dbf2855c5d30","FullyQualifiedName":"TestProject1.Tests.SetCurrency_SwitchCurrencyAndValue_CashObjectsAreEqual(100)","DisplayName":"SetCurrency_SwitchCurrencyAndValue_CashObjectsAreEqual(100)","ExecutorUri":"executor://NUnit3TestExecutor","Source":"C:\\Users\\Admin\\Documents\\Kacper IT\\source\\repos\\ZPSB202109\\Kacper.Wozniak\\TestProject1\\TestProject1\\bin\\Debug\\net5.0\\fine-code-coverage\\build-output\\TestProject1.dll","CodeFilePath":null,"LineNumber":0,"Properties":[]}]}}
TpTrace Verbose: 0 : 24732, 6, 2021/12/03, 20:43:32.420, 19761026856798, vstest.console.dll, TestRunRequest:SendTestRunStatsChange: Starting.
TpTrace Verbose: 0 : 24732, 6, 2021/12/03, 20:43:32.424, 19761026887375, vstest.console.dll, InProgress is SetCurrency_SwitchCurrencyAndValue_CashObjectsAreEqual(100)
TpTrace Information: 0 : 24732, 6, 2021/12/03, 20:43:32.427, 19761026918207, vstest.console.dll, TestRunRequest:SendTestRunStatsChange: Completed.
TpTrace Verbose: 0 : 24732, 6, 2021/12/03, 20:43:32.428, 19761026927560, vstest.console.dll, TcpClientExtensions.MessageLoopAsync: Polling on remoteEndPoint: 127.0.0.1:62977 localEndPoint: 127.0.0.1:62976
TpTrace Verbose: 0 : 24732, 6, 2021/12/03, 20:43:32.457, 19761027226307, vstest.console.dll, TcpClientExtensions.MessageLoopAsync: NotifyDataAvailable remoteEndPoint: 127.0.0.1:62977 localEndPoint: 127.0.0.1:62976
TpTrace Verbose: 0 : 24732, 6, 2021/12/03, 20:43:32.459, 19761027240449, vstest.console.dll, TestRequestSender.OnExecutionMessageReceived: Received message: {"Version":5,"MessageType":"TestSession.Message","Payload":{"MessageLevel":0,"Message":"This is SetUp\r\nThis is Teardown\r\n"}}
TpTrace Verbose: 0 : 24732, 6, 2021/12/03, 20:43:32.460, 19761027250148, vstest.console.dll, TestRunRequest:SendTestRunMessage: Starting.
TpTrace Information: 0 : 24732, 6, 2021/12/03, 20:43:32.460, 19761027254538, vstest.console.dll, TestRunRequest:SendTestRunMessage: Completed.
TpTrace Verbose: 0 : 24732, 6, 2021/12/03, 20:43:32.460, 19761027256636, vstest.console.dll, TcpClientExtensions.MessageLoopAsync: Polling on remoteEndPoint: 127.0.0.1:62977 localEndPoint: 127.0.0.1:62976
TpTrace Verbose: 0 : 24732, 6, 2021/12/03, 20:43:32.518, 19761027829243, vstest.console.dll, TcpClientExtensions.MessageLoopAsync: NotifyDataAvailable remoteEndPoint: 127.0.0.1:62977 localEndPoint: 127.0.0.1:62976
TpTrace Verbose: 0 : 24732, 6, 2021/12/03, 20:43:32.518, 19761027835045, vstest.console.dll, TestRequestSender.OnExecutionMessageReceived: Received message: {"Version":5,"MessageType":"TestSession.Message","Payload":{"MessageLevel":0,"Message":"This is SetUp\r\nThis is Teardown\r\n"}}
TpTrace Verbose: 0 : 24732, 6, 2021/12/03, 20:43:32.519, 19761027840062, vstest.console.dll, TestRunRequest:SendTestRunMessage: Starting.
TpTrace Information: 0 : 24732, 6, 2021/12/03, 20:43:32.519, 19761027842070, vstest.console.dll, TestRunRequest:SendTestRunMessage: Completed.
TpTrace Verbose: 0 : 24732, 6, 2021/12/03, 20:43:32.519, 19761027843892, vstest.console.dll, TcpClientExtensions.MessageLoopAsync: Polling on remoteEndPoint: 127.0.0.1:62977 localEndPoint: 127.0.0.1:62976
TpTrace Verbose: 0 : 24732, 6, 2021/12/03, 20:43:32.526, 19761027908519, vstest.console.dll, TcpClientExtensions.MessageLoopAsync: NotifyDataAvailable remoteEndPoint: 127.0.0.1:62977 localEndPoint: 127.0.0.1:62976
TpTrace Verbose: 0 : 24732, 6, 2021/12/03, 20:43:32.526, 19761027913129, vstest.console.dll, TestRequestSender.OnExecutionMessageReceived: Received message: {"Version":5,"MessageType":"TestSession.Message","Payload":{"MessageLevel":0,"Message":"This is SetUp\r\nThis is Teardown\r\n"}}
TpTrace Verbose: 0 : 24732, 6, 2021/12/03, 20:43:32.526, 19761027917008, vstest.console.dll, TestRunRequest:SendTestRunMessage: Starting.
TpTrace Information: 0 : 24732, 6, 2021/12/03, 20:43:32.527, 19761027919813, vstest.console.dll, TestRunRequest:SendTestRunMessage: Completed.
TpTrace Verbose: 0 : 24732, 6, 2021/12/03, 20:43:32.527, 19761027925184, vstest.console.dll, TcpClientExtensions.MessageLoopAsync: Polling on remoteEndPoint: 127.0.0.1:62977 localEndPoint: 127.0.0.1:62976
TpTrace Verbose: 0 : 24732, 6, 2021/12/03, 20:43:32.553, 19761028183103, vstest.console.dll, TcpClientExtensions.MessageLoopAsync: NotifyDataAvailable remoteEndPoint: 127.0.0.1:62977 localEndPoint: 127.0.0.1:62976
TpTrace Verbose: 0 : 24732, 6, 2021/12/03, 20:43:32.553, 19761028186061, vstest.console.dll, TestRequestSender.OnExecutionMessageReceived: Received message: {"Version":5,"MessageType":"TestSession.Message","Payload":{"MessageLevel":0,"Message":"This is SetUp\r\nThis is Teardown\r\n"}}
TpTrace Verbose: 0 : 24732, 6, 2021/12/03, 20:43:32.555, 19761028197174, vstest.console.dll, TestRunRequest:SendTestRunMessage: Starting.
TpTrace Information: 0 : 24732, 6, 2021/12/03, 20:43:32.555, 19761028199959, vstest.console.dll, TestRunRequest:SendTestRunMessage: Completed.
TpTrace Verbose: 0 : 24732, 6, 2021/12/03, 20:43:32.555, 19761028203072, vstest.console.dll, TcpClientExtensions.MessageLoopAsync: Polling on remoteEndPoint: 127.0.0.1:62977 localEndPoint: 127.0.0.1:62976
TpTrace Verbose: 0 : 24732, 6, 2021/12/03, 20:43:32.570, 19761028350440, vstest.console.dll, TcpClientExtensions.MessageLoopAsync: NotifyDataAvailable remoteEndPoint: 127.0.0.1:62977 localEndPoint: 127.0.0.1:62976
TpTrace Verbose: 0 : 24732, 6, 2021/12/03, 20:43:32.572, 19761028370932, vstest.console.dll, TestRequestSender.OnExecutionMessageReceived: Received message: {"Version":5,"MessageType":"TestSession.Message","Payload":{"MessageLevel":0,"Message":"This is SetUp\r\nThis is Teardown\r\n"}}
TpTrace Verbose: 0 : 24732, 6, 2021/12/03, 20:43:32.573, 19761028379604, vstest.console.dll, TestRunRequest:SendTestRunMessage: Starting.
TpTrace Information: 0 : 24732, 6, 2021/12/03, 20:43:32.574, 19761028388672, vstest.console.dll, TestRunRequest:SendTestRunMessage: Completed.
TpTrace Verbose: 0 : 24732, 6, 2021/12/03, 20:43:32.576, 19761028409030, vstest.console.dll, TcpClientExtensions.MessageLoopAsync: Polling on remoteEndPoint: 127.0.0.1:62977 localEndPoint: 127.0.0.1:62976
TpTrace Verbose: 0 : 24732, 6, 2021/12/03, 20:43:32.579, 19761028437839, vstest.console.dll, TcpClientExtensions.MessageLoopAsync: NotifyDataAvailable remoteEndPoint: 127.0.0.1:62977 localEndPoint: 127.0.0.1:62976
TpTrace Verbose: 0 : 24732, 6, 2021/12/03, 20:43:32.579, 19761028443514, vstest.console.dll, TestRequestSender.OnExecutionMessageReceived: Received message: {"Version":5,"MessageType":"TestSession.Message","Payload":{"MessageLevel":0,"Message":"This is SetUp\r\nThis is Teardown\r\n"}}
TpTrace Verbose: 0 : 24732, 6, 2021/12/03, 20:43:32.580, 19761028449224, vstest.console.dll, TestRunRequest:SendTestRunMessage: Starting.
TpTrace Information: 0 : 24732, 6, 2021/12/03, 20:43:32.580, 19761028452830, vstest.console.dll, TestRunRequest:SendTestRunMessage: Completed.
TpTrace Verbose: 0 : 24732, 6, 2021/12/03, 20:43:32.580, 19761028455050, vstest.console.dll, TcpClientExtensions.MessageLoopAsync: Polling on remoteEndPoint: 127.0.0.1:62977 localEndPoint: 127.0.0.1:62976
TpTrace Verbose: 0 : 24732, 6, 2021/12/03, 20:43:32.664, 19761029293977, vstest.console.dll, TcpClientExtensions.MessageLoopAsync: NotifyDataAvailable remoteEndPoint: 127.0.0.1:62977 localEndPoint: 127.0.0.1:62976
TpTrace Verbose: 0 : 24732, 6, 2021/12/03, 20:43:32.672, 19761029367699, vstest.console.dll, TestRequestSender.OnExecutionMessageReceived: Received message: {"Version":5,"MessageType":"TestSession.Message","Payload":{"MessageLevel":0,"Message":"This is SetUp\r\nThis is Teardown\r\n"}}
TpTrace Verbose: 0 : 24732, 6, 2021/12/03, 20:43:32.673, 19761029383800, vstest.console.dll, TestRunRequest:SendTestRunMessage: Starting.
TpTrace Information: 0 : 24732, 6, 2021/12/03, 20:43:32.678, 19761029435822, vstest.console.dll, TestRunRequest:SendTestRunMessage: Completed.
TpTrace Verbose: 0 : 24732, 6, 2021/12/03, 20:43:32.704, 19761029687135, vstest.console.dll, TcpClientExtensions.MessageLoopAsync: Polling on remoteEndPoint: 127.0.0.1:62977 localEndPoint: 127.0.0.1:62976
TpTrace Verbose: 0 : 24732, 6, 2021/12/03, 20:43:32.705, 19761029697909, vstest.console.dll, TcpClientExtensions.MessageLoopAsync: NotifyDataAvailable remoteEndPoint: 127.0.0.1:62977 localEndPoint: 127.0.0.1:62976
TpTrace Verbose: 0 : 24732, 6, 2021/12/03, 20:43:32.705, 19761029706087, vstest.console.dll, TestRequestSender.OnExecutionMessageReceived: Received message: {"Version":5,"MessageType":"TestSession.Message","Payload":{"MessageLevel":0,"Message":"This is SetUp\r\nThis is Teardown\r\n"}}
TpTrace Verbose: 0 : 24732, 6, 2021/12/03, 20:43:32.706, 19761029713276, vstest.console.dll, TestRunRequest:SendTestRunMessage: Starting.
TpTrace Information: 0 : 24732, 6, 2021/12/03, 20:43:32.707, 19761029720718, vstest.console.dll, TestRunRequest:SendTestRunMessage: Completed.
TpTrace Verbose: 0 : 24732, 6, 2021/12/03, 20:43:32.707, 19761029725723, vstest.console.dll, TcpClientExtensions.MessageLoopAsync: Polling on remoteEndPoint: 127.0.0.1:62977 localEndPoint: 127.0.0.1:62976
TpTrace Verbose: 0 : 24732, 6, 2021/12/03, 20:43:33.038, 19761033035166, vstest.console.dll, TcpClientExtensions.MessageLoopAsync: NotifyDataAvailable remoteEndPoint: 127.0.0.1:62977 localEndPoint: 127.0.0.1:62976
TpTrace Verbose: 0 : 24732, 6, 2021/12/03, 20:43:33.042, 19761033074938, vstest.console.dll, TestRequestSender.OnExecutionMessageReceived: Received message: {"Version":5,"MessageType":"TestSession.Message","Payload":{"MessageLevel":0,"Message":"This is SetUp\r\nThis is Teardown\r\n"}}
TpTrace Verbose: 0 : 24732, 6, 2021/12/03, 20:43:33.047, 19761033118572, vstest.console.dll, TestRunRequest:SendTestRunMessage: Starting.
TpTrace Information: 0 : 24732, 6, 2021/12/03, 20:43:33.049, 19761033142257, vstest.console.dll, TestRunRequest:SendTestRunMessage: Completed.
TpTrace Verbose: 0 : 24732, 6, 2021/12/03, 20:43:33.051, 19761033161826, vstest.console.dll, TcpClientExtensions.MessageLoopAsync: Polling on remoteEndPoint: 127.0.0.1:62977 localEndPoint: 127.0.0.1:62976
TpTrace Verbose: 0 : 24732, 6, 2021/12/03, 20:43:33.064, 19761033291792, vstest.console.dll, TcpClientExtensions.MessageLoopAsync: NotifyDataAvailable remoteEndPoint: 127.0.0.1:62977 localEndPoint: 127.0.0.1:62976
TpTrace Verbose: 0 : 24732, 6, 2021/12/03, 20:43:33.074, 19761033389625, vstest.console.dll, TestRequestSender.OnExecutionMessageReceived: Received message: {"Version":5,"MessageType":"TestSession.Message","Payload":{"MessageLevel":0,"Message":"NUnit Adapter 3.17.0.0: Test execution complete"}}
TpTrace Verbose: 0 : 24732, 6, 2021/12/03, 20:43:33.080, 19761033451895, vstest.console.dll, TestRunRequest:SendTestRunMessage: Starting.
TpTrace Information: 0 : 24732, 6, 2021/12/03, 20:43:33.081, 19761033465506, vstest.console.dll, TestRunRequest:SendTestRunMessage: Completed.
TpTrace Verbose: 0 : 24732, 6, 2021/12/03, 20:43:33.082, 19761033470265, vstest.console.dll, TcpClientExtensions.MessageLoopAsync: Polling on remoteEndPoint: 127.0.0.1:62977 localEndPoint: 127.0.0.1:62976
TpTrace Verbose: 0 : 24732, 6, 2021/12/03, 20:43:33.133, 19761033986179, vstest.console.dll, TcpClientExtensions.MessageLoopAsync: NotifyDataAvailable remoteEndPoint: 127.0.0.1:62977 localEndPoint: 127.0.0.1:62976
TpTrace Verbose: 0 : 24732, 6, 2021/12/03, 20:43:33.134, 19761033994867, vstest.console.dll, TestRequestSender.OnExecutionMessageReceived: Received message: {"Version":5,"MessageType":"TestExecution.Completed","Payload":{"TestRunCompleteArgs":{"TestRunStatistics":{"ExecutedTests":9,"Stats":{"Passed":9}},"IsCanceled":false,"IsAborted":false,"Error":null,"AttachmentSets":[],"ElapsedTimeInRunningTests":"00:00:02.7350428","Metrics":{}},"LastRunTests":{"NewTestResults":[{"TestCase":{"Id":"6d5716f7-631c-0760-6033-dbf2855c5d30","FullyQualifiedName":"TestProject1.Tests.SetCurrency_SwitchCurrencyAndValue_CashObjectsAreEqual(100)","DisplayName":"SetCurrency_SwitchCurrencyAndValue_CashObjectsAreEqual(100)","ExecutorUri":"executor://NUnit3TestExecutor","Source":"C:\\Users\\Admin\\Documents\\Kacper IT\\source\\repos\\ZPSB202109\\Kacper.Wozniak\\TestProject1\\TestProject1\\bin\\Debug\\net5.0\\fine-code-coverage\\build-output\\TestProject1.dll","CodeFilePath":null,"LineNumber":0,"Properties":[]},"Attachments":[],"Outcome":1,"ErrorMessage":null,"ErrorStackTrace":null,"DisplayName":"SetCurrency_SwitchCurrencyAndValue_CashObjectsAreEqual(100)","Messages":[{"Category":"StdOutMsgs","Text":"This is SetUp\r\nThis is Teardown\r\n"}],"ComputerName":"DOMEK","Duration":"00:00:00.6527740","StartTime":"2021-12-03T19:43:31.7237459+00:00","EndTime":"2021-12-03T19:43:32.376325+00:00","Properties":[]},{"TestCase":{"Id":"c60f8c0c-8808-2af1-ebcf-06db52f6132c","FullyQualifiedName":"TestProject1.Tests.SetCurrency_SwitchCurrencyAndValue_CashObjectsAreEqual(200)","DisplayName":"SetCurrency_SwitchCurrencyAndValue_CashObjectsAreEqual(200)","ExecutorUri":"executor://NUnit3TestExecutor","Source":"C:\\Users\\Admin\\Documents\\Kacper IT\\source\\repos\\ZPSB202109\\Kacper.Wozniak\\TestProject1\\TestProject1\\bin\\Debug\\net5.0\\fine-code-coverage\\build-output\\TestProject1.dll","CodeFilePath":null,"LineNumber":0,"Properties":[]},"Attachments":[],"Outcome":1,"ErrorMessage":null,"ErrorStackTrace":null,"DisplayName":"SetCurrency_SwitchCurrencyAndValue_CashObjectsAreEqual(200)","Messages":[{"Category":"StdOutMsgs","Text":"This is SetUp\r\nThis is Teardown\r\n"}],"ComputerName":"DOMEK","Duration":"00:00:00.0002709","StartTime":"2021-12-03T19:43:32.3977269+00:00","EndTime":"2021-12-03T19:43:32.3980006+00:00","Properties":[]},{"TestCase":{"Id":"0f9f7507-532d-fe7e-97ee-505e40679222","FullyQualifiedName":"TestProject1.Tests.SetCurrency_SwitchCurrencyAndValue_CashObjectsAreEqual(300)","DisplayName":"SetCurrency_SwitchCurrencyAndValue_CashObjectsAreEqual(300)","ExecutorUri":"executor://NUnit3TestExecutor","Source":"C:\\Users\\Admin\\Documents\\Kacper IT\\source\\repos\\ZPSB202109\\Kacper.Wozniak\\TestProject1\\TestProject1\\bin\\Debug\\net5.0\\fine-code-coverage\\build-output\\TestProject1.dll","CodeFilePath":null,"LineNumber":0,"Properties":[]},"Attachments":[],"Outcome":1,"ErrorMessage":null,"ErrorStackTrace":null,"DisplayName":"SetCurrency_SwitchCurrencyAndValue_CashObjectsAreEqual(300)","Messages":[{"Category":"StdOutMsgs","Text":"This is SetUp\r\nThis is Teardown\r\n"}],"ComputerName":"DOMEK","Duration":"00:00:00.0001840","StartTime":"2021-12-03T19:43:32.409883+00:00","EndTime":"2021-12-03T19:43:32.410069+00:00","Properties":[]},{"TestCase":{"Id":"8e93e17d-ea2a-7765-506a-e87f6d1eb584","FullyQualifiedName":"TestProject1.Tests.SimpleAddMoney","DisplayName":"SimpleAddMoney","ExecutorUri":"executor://NUnit3TestExecutor","Source":"C:\\Users\\Admin\\Documents\\Kacper IT\\source\\repos\\ZPSB202109\\Kacper.Wozniak\\TestProject1\\TestProject1\\bin\\Debug\\net5.0\\fine-code-coverage\\build-output\\TestProject1.dll","CodeFilePath":null,"LineNumber":0,"Properties":[]},"Attachments":[],"Outcome":1,"ErrorMessage":null,"ErrorStackTrace":null,"DisplayName":"SimpleAddMoney","Messages":[{"Category":"StdOutMsgs","Text":"This is SetUp\r\nThis is Teardown\r\n"}],"ComputerName":"DOMEK","Duration":"00:00:00.0174239","StartTime":"2021-12-03T19:43:32.4268942+00:00","EndTime":"2021-12-03T19:43:32.444319+00:00","Properties":[]},{"TestCase":{"Id":"b8bf62d1-29f7-03ff-7b84-b023dc060ddc","FullyQualifiedName":"TestProject1.Tests.SimpleMultiply","DisplayName":"SimpleMultiply","ExecutorUri":"executor://NUnit3TestExecutor","Source":"C:\\Users\\Admin\\Documents\\Kacper IT\\source\\repos\\ZPSB202109\\Kacper.Wozniak\\TestProject1\\TestProject1\\bin\\Debug\\net5.0\\fine-code-coverage\\build-output\\TestProject1.dll","CodeFilePath":null,"LineNumber":0,"Properties":[]},"Attachments":[],"Outcome":1,"ErrorMessage":null,"ErrorStackTrace":null,"DisplayName":"SimpleMultiply","Messages":[{"Category":"StdOutMsgs","Text":"This is SetUp\r\nThis is Teardown\r\n"}],"ComputerName":"DOMEK","Duration":"00:00:00.0008990","StartTime":"2021-12-03T19:43:32.4443592+00:00","EndTime":"2021-12-03T19:43:32.4452561+00:00","Properties":[]},{"TestCase":{"Id":"818f49ce-49eb-c889-94c3-b1d29ee1c231","FullyQualifiedName":"TestProject1.Tests.SimpleNegate","DisplayName":"SimpleNegate","ExecutorUri":"executor://NUnit3TestExecutor","Source":"C:\\Users\\Admin\\Documents\\Kacper IT\\source\\repos\\ZPSB202109\\Kacper.Wozniak\\TestProject1\\TestProject1\\bin\\Debug\\net5.0\\fine-code-coverage\\build-output\\TestProject1.dll","CodeFilePath":null,"LineNumber":0,"Properties":[]},"Attachments":[],"Outcome":1,"ErrorMessage":null,"ErrorStackTrace":null,"DisplayName":"SimpleNegate","Messages":[{"Category":"StdOutMsgs","Text":"This is SetUp\r\nThis is Teardown\r\n"}],"ComputerName":"DOMEK","Duration":"00:00:00.0028800","StartTime":"2021-12-03T19:43:32.445465+00:00","EndTime":"2021-12-03T19:43:32.4483433+00:00","Properties":[]},{"TestCase":{"Id":"540170e8-6422-828b-cdf1-b91151623603","FullyQualifiedName":"TestProject1.Tests.Test1","DisplayName":"Test1","ExecutorUri":"executor://NUnit3TestExecutor","Source":"C:\\Users\\Admin\\Documents\\Kacper IT\\source\\repos\\ZPSB202109\\Kacper.Wozniak\\TestProject1\\TestProject1\\bin\\Debug\\net5.0\\fine-code-coverage\\build-output\\TestProject1.dll","CodeFilePath":null,"LineNumber":0,"Properties":[{"Key":{"Id":"NUnit.TestCategory","Label":"TestCategory","Category":"","Description":"","Attributes":5,"ValueType":"System.String[]"},"Value":["Sanity"]}]},"Attachments":[],"Outcome":1,"ErrorMessage":null,"ErrorStackTrace":null,"DisplayName":"Test1","Messages":[{"Category":"StdOutMsgs","Text":"This is SetUp\r\nThis is Teardown\r\n"}],"ComputerName":"DOMEK","Duration":"00:00:00.0029930","StartTime":"2021-12-03T19:43:32.4502736+00:00","EndTime":"2021-12-03T19:43:32.4532655+00:00","Properties":[]},{"TestCase":{"Id":"f7c13444-7ed6-724c-d8f2-a0c571dafdb5","FullyQualifiedName":"TestProject1.Tests.Test2","DisplayName":"Test2","ExecutorUri":"executor://NUnit3TestExecutor","Source":"C:\\Users\\Admin\\Documents\\Kacper IT\\source\\repos\\ZPSB202109\\Kacper.Wozniak\\TestProject1\\TestProject1\\bin\\Debug\\net5.0\\fine-code-coverage\\build-output\\TestProject1.dll","CodeFilePath":null,"LineNumber":0,"Properties":[{"Key":{"Id":"NUnit.TestCategory","Label":"TestCategory","Category":"","Description":"","Attributes":5,"ValueType":"System.String[]"},"Value":["Smoke"]}]},"Attachments":[],"Outcome":1,"ErrorMessage":null,"ErrorStackTrace":null,"DisplayName":"Test2","Messages":[{"Category":"StdOutMsgs","Text":"This is SetUp\r\nThis is Teardown\r\n"}],"ComputerName":"DOMEK","Duration":"00:00:00.0069900","StartTime":"2021-12-03T19:43:32.4533787+00:00","EndTime":"2021-12-03T19:43:32.4603675+00:00","Properties":[]},{"TestCase":{"Id":"8d2ce8c4-5b3b-363e-58ea-c22e8f239adf","FullyQualifiedName":"TestProject1.Tests.TestMock","DisplayName":"TestMock","ExecutorUri":"executor://NUnit3TestExecutor","Source":"C:\\Users\\Admin\\Documents\\Kacper IT\\source\\repos\\ZPSB202109\\Kacper.Wozniak\\TestProject1\\TestProject1\\bin\\Debug\\net5.0\\fine-code-coverage\\build-output\\TestProject1.dll","CodeFilePath":null,"LineNumber":0,"Properties":[{"Key":{"Id":"NUnit.TestCategory","Label":"TestCategory","Category":"","Description":"","Attributes":5,"ValueType":"System.String[]"},"Value":["Unit"]}]},"Attachments":[],"Outcome":1,"ErrorMessage":null,"ErrorStackTrace":null,"DisplayName":"TestMock","Messages":[{"Category":"StdOutMsgs","Text":"This is SetUp\r\nThis is Teardown\r\n"}],"ComputerName":"DOMEK","Duration":"00:00:00.5744310","StartTime":"2021-12-03T19:43:32.4606445+00:00","EndTime":"2021-12-03T19:43:33.0350744+00:00","Properties":[]}],"TestRunStatistics":{"ExecutedTests":9,"Stats":{"Passed":9}},"ActiveTests":[]},"RunAttachments":[],"ExecutorUris":["executor://nunit3testexecutor/"]}}
TpTrace Verbose: 0 : 24732, 6, 2021/12/03, 20:43:33.137, 19761034026260, vstest.console.dll, TestRequestSender.EndSession: Sending end session.
TpTrace Verbose: 0 : 24732, 6, 2021/12/03, 20:43:33.138, 19761034031201, vstest.console.dll, ProxyOperationManager.Close: waiting for test host to exit for 100 ms
TpTrace Warning: 0 : 24732, 10, 2021/12/03, 20:43:33.164, 19761034288387, vstest.console.dll, TestHostManagerCallbacks.ErrorReceivedCallback Test host standard error line: 
TpTrace Verbose: 0 : 24732, 7, 2021/12/03, 20:43:33.180, 19761034455761, vstest.console.dll, TestHostProvider.ExitCallBack: Host exited starting callback.
TpTrace Information: 0 : 24732, 7, 2021/12/03, 20:43:33.208, 19761034734588, vstest.console.dll, TestHostManagerCallbacks.ExitCallBack: Testhost processId: 9140 exited with exitcode: 0 error: ''
TpTrace Verbose: 0 : 24732, 7, 2021/12/03, 20:43:33.209, 19761034739515, vstest.console.dll, DotnetTestHostManager.OnHostExited: invoking OnHostExited callback
TpTrace Verbose: 0 : 24732, 7, 2021/12/03, 20:43:33.209, 19761034744145, vstest.console.dll, CrossPlatEngine.TestHostManagerHostExited: calling on client process exit callback.
TpTrace Warning: 0 : 24732, 6, 2021/12/03, 20:43:33.210, 19761034747182, vstest.console.dll, ProxyOperationManager: Timed out waiting for test host to exit. Will terminate process.
TpTrace Information: 0 : 24732, 7, 2021/12/03, 20:43:33.210, 19761034747315, vstest.console.dll, TestRequestSender.OnClientProcessExit: Test host process exited. Standard error: 
TpTrace Information: 0 : 24732, 7, 2021/12/03, 20:43:33.210, 19761034751392, vstest.console.dll, SocketServer.Stop: Stop server endPoint: 127.0.0.1:62976
TpTrace Information: 0 : 24732, 7, 2021/12/03, 20:43:33.210, 19761034753706, vstest.console.dll, SocketServer.Stop: Cancellation requested. Stopping message loop.
TpTrace Verbose: 0 : 24732, 6, 2021/12/03, 20:43:33.212, 19761034769339, vstest.console.dll, ProxyDataCollectionManager.InvokeDataCollectionServiceAction: Starting.
TpTrace Information: 0 : 24732, 6, 2021/12/03, 20:43:33.212, 19761034772147, vstest.console.dll, ProxyDataCollectionManager.AfterTestRunEnd: Get attachment set for datacollector processId: 28880 port: 62973
TpTrace Verbose: 0 : 24732, 6, 2021/12/03, 20:43:33.212, 19761034774509, vstest.console.dll, DataCollectionRequestSender.SendAfterTestRunStartAndGetResult : Send AfterTestRunEnd message with isCancelled: False
TpTrace Verbose: 0 : 24732, 6, 2021/12/03, 20:43:33.234, 19761034989703, vstest.console.dll, DataCollectionRequestSender.SendAfterTestRunStartAndGetResult : Received message: (DataCollection.AfterTestRunEndResult) -> {
  "AttachmentSets": [],
  "Metrics": {}
}
TpTrace Information: 0 : 24732, 6, 2021/12/03, 20:43:33.242, 19761035069935, vstest.console.dll, ProxyDataCollectionManager.InvokeDataCollectionServiceAction: Completed.
TpTrace Warning: 0 : 24732, 9, 2021/12/03, 20:43:33.254, 19761035193835, vstest.console.dll, DataCollectionLauncher.ErrorReceivedCallback datacollector standard error line: 
TpTrace Information: 0 : 24732, 7, 2021/12/03, 20:43:33.270, 19761035352603, vstest.console.dll, DataCollectionLauncher.ExitCallBack: Data collector exited with exitcode: 0 error: ''
TpTrace Verbose: 0 : 24732, 6, 2021/12/03, 20:43:33.408, 19761036727756, vstest.console.dll, TestRunRequest:SendTestRunStatsChange: Starting.
TpTrace Information: 0 : 24732, 6, 2021/12/03, 20:43:33.410, 19761036756921, vstest.console.dll, TestRunRequest:SendTestRunStatsChange: Completed.
TpTrace Verbose: 0 : 24732, 6, 2021/12/03, 20:43:33.415, 19761036803038, vstest.console.dll, ParallelProxyExecutionManager: HandlePartialRunComplete: Total completed clients = 1, Run complete = True, Run canceled: False.
TpTrace Verbose: 0 : 24732, 6, 2021/12/03, 20:43:33.495, 19761037599510, vstest.console.dll, TestRunRequest:TestRunComplete: Starting. IsAborted:False IsCanceled:False.
TpTrace Verbose: 0 : 24732, 6, 2021/12/03, 20:43:33.496, 19761037611017, vstest.console.dll, TestLoggerManager.HandleTestRunComplete: Ignoring as the object is disposed.
TpTrace Information: 0 : 24732, 6, 2021/12/03, 20:43:33.497, 19761037618819, vstest.console.dll, TestRunRequest:TestRunComplete: Completed.
TpTrace Verbose: 0 : 24732, 1, 2021/12/03, 20:43:33.497, 19761037619094, vstest.console.dll, TestRunRequest.Dispose: Starting.
TpTrace Verbose: 0 : 24732, 6, 2021/12/03, 20:43:33.497, 19761037621481, vstest.console.dll, TestRequestSender.SetOperationComplete: Setting operation complete.
TpTrace Information: 0 : 24732, 1, 2021/12/03, 20:43:33.498, 19761037629031, vstest.console.dll, TestRunRequest.Dispose: Completed.
TpTrace Information: 0 : 24732, 6, 2021/12/03, 20:43:33.498, 19761037630899, vstest.console.dll, SocketServer.Stop: Stop server endPoint: 127.0.0.1:62976
TpTrace Information: 0 : 24732, 1, 2021/12/03, 20:43:33.498, 19761037634479, vstest.console.dll, TestRequestManager.RunTests: run tests completed.
TpTrace Information: 0 : 24732, 6, 2021/12/03, 20:43:33.499, 19761037637472, vstest.console.dll, SocketServer.Stop: Cancellation requested. Stopping message loop.
TpTrace Information: 0 : 24732, 1, 2021/12/03, 20:43:33.499, 19761037640968, vstest.console.dll, RunTestsArgumentProcessor:Execute: Test run is completed.
TpTrace Information: 0 : 24732, 6, 2021/12/03, 20:43:33.499, 19761037643957, vstest.console.dll, SocketServer.PrivateStop: Stop server endPoint: 127.0.0.1:62976 error: 
TpTrace Verbose: 0 : 24732, 1, 2021/12/03, 20:43:33.500, 19761037650123, vstest.console.dll, Executor.Execute: Exiting with exit code of 0
