TpTrace Verbose: 0 : 25748, 1, 2021/12/03, 20:42:25.853, 19760361271637, vstest.console.dll, Version: 16.11.0
TpTrace Information: 0 : 25748, 1, 2021/12/03, 20:42:25.884, 19760361492340, vstest.console.dll, FilePatternParser: The given file C:\Users\Admin\Documents\Kacper IT\source\repos\ZPSB202109\Kacper.Wozniak\TestProject1\SpecFlowProject1\bin\Debug\net5.0\fine-code-coverage\build-output\SpecFlowProject1.dll is a full path.
TpTrace Verbose: 0 : 25748, 1, 2021/12/03, 20:42:25.902, 19760361669258, vstest.console.dll, TestPluginCache.DiscoverTestExtensions: finding test extensions in assemblies ends with: RuntimeProvider.dll TPluginInfo: Microsoft.VisualStudio.TestPlatform.Common.ExtensionFramework.Utilities.TestRuntimePluginInformation TExtension: Microsoft.VisualStudio.TestPlatform.ObjectModel.Host.ITestRuntimeProvider
TpTrace Verbose: 0 : 25748, 1, 2021/12/03, 20:42:25.903, 19760361686917, vstest.console.dll, TestPluginCache.GetExtensionPaths: Filtered extension paths: 
TpTrace Verbose: 0 : 25748, 1, 2021/12/03, 20:42:25.904, 19760361696183, vstest.console.dll, TestPluginCache.GetExtensionPaths: Added default extension paths: C:\Program Files\dotnet\sdk\5.0.403\Extensions\Microsoft.Diagnostics.NETCore.Client.dll
C:\Program Files\dotnet\sdk\5.0.403\Extensions\Microsoft.TestPlatform.Extensions.BlameDataCollector.dll
C:\Program Files\dotnet\sdk\5.0.403\Extensions\Microsoft.TestPlatform.Extensions.EventLogCollector.dll
C:\Program Files\dotnet\sdk\5.0.403\Extensions\Microsoft.TestPlatform.TestHostRuntimeProvider.dll
C:\Program Files\dotnet\sdk\5.0.403\Extensions\Microsoft.VisualStudio.TestPlatform.Extensions.Html.TestLogger.dll
C:\Program Files\dotnet\sdk\5.0.403\Extensions\Microsoft.VisualStudio.TestPlatform.Extensions.Trx.TestLogger.dll
TpTrace Verbose: 0 : 25748, 1, 2021/12/03, 20:42:25.905, 19760361702199, vstest.console.dll, TestPluginCache.GetExtensionPaths: Added unfilterableExtensionPaths: 
TpTrace Information: 0 : 25748, 1, 2021/12/03, 20:42:25.908, 19760361728587, vstest.console.dll, AssemblyResolver.ctor: Creating AssemblyResolver with searchDirectories C:\Program Files\dotnet\sdk\5.0.403\Extensions,C:\Program Files\dotnet\sdk\5.0.403
TpTrace Verbose: 0 : 25748, 1, 2021/12/03, 20:42:25.911, 19760361763606, vstest.console.dll, TestPluginCache.DiscoverTestExtensions: Discovering the extensions using extension path.
TpTrace Verbose: 0 : 25748, 1, 2021/12/03, 20:42:25.912, 19760361770673, vstest.console.dll, TestPluginCache.GetExtensionPaths: Filtered extension paths: 
TpTrace Verbose: 0 : 25748, 1, 2021/12/03, 20:42:25.912, 19760361775346, vstest.console.dll, TestPluginCache.GetExtensionPaths: Added default extension paths: C:\Program Files\dotnet\sdk\5.0.403\Extensions\Microsoft.Diagnostics.NETCore.Client.dll
C:\Program Files\dotnet\sdk\5.0.403\Extensions\Microsoft.TestPlatform.Extensions.BlameDataCollector.dll
C:\Program Files\dotnet\sdk\5.0.403\Extensions\Microsoft.TestPlatform.Extensions.EventLogCollector.dll
C:\Program Files\dotnet\sdk\5.0.403\Extensions\Microsoft.TestPlatform.TestHostRuntimeProvider.dll
C:\Program Files\dotnet\sdk\5.0.403\Extensions\Microsoft.VisualStudio.TestPlatform.Extensions.Html.TestLogger.dll
C:\Program Files\dotnet\sdk\5.0.403\Extensions\Microsoft.VisualStudio.TestPlatform.Extensions.Trx.TestLogger.dll
TpTrace Verbose: 0 : 25748, 1, 2021/12/03, 20:42:25.913, 19760361780672, vstest.console.dll, TestPluginCache.GetExtensionPaths: Added unfilterableExtensionPaths: 
TpTrace Verbose: 0 : 25748, 1, 2021/12/03, 20:42:25.913, 19760361785524, vstest.console.dll, TestPluginCache.DiscoverTestExtensions: Discovering the extensions using allExtensionPaths: C:\Program Files\dotnet\sdk\5.0.403\Extensions\Microsoft.Diagnostics.NETCore.Client.dll
C:\Program Files\dotnet\sdk\5.0.403\Extensions\Microsoft.TestPlatform.Extensions.BlameDataCollector.dll
C:\Program Files\dotnet\sdk\5.0.403\Extensions\Microsoft.TestPlatform.Extensions.EventLogCollector.dll
C:\Program Files\dotnet\sdk\5.0.403\Extensions\Microsoft.TestPlatform.TestHostRuntimeProvider.dll
C:\Program Files\dotnet\sdk\5.0.403\Extensions\Microsoft.VisualStudio.TestPlatform.Extensions.Html.TestLogger.dll
C:\Program Files\dotnet\sdk\5.0.403\Extensions\Microsoft.VisualStudio.TestPlatform.Extensions.Trx.TestLogger.dll
TpTrace Information: 0 : 25748, 1, 2021/12/03, 20:42:25.914, 19760361792691, vstest.console.dll, AssemblyResolver.AddSearchDirectories: Adding more searchDirectories C:\Program Files\dotnet\sdk\5.0.403\Extensions,C:\Program Files\dotnet\sdk\5.0.403
TpTrace Information: 0 : 25748, 1, 2021/12/03, 20:42:25.915, 19760361797732, vstest.console.dll, AssemblyResolver.AddSearchDirectories: Adding more searchDirectories C:\Program Files\dotnet\sdk\5.0.403\Extensions,C:\Program Files\dotnet\sdk\5.0.403
TpTrace Information: 0 : 25748, 1, 2021/12/03, 20:42:25.915, 19760361802004, vstest.console.dll, AssemblyResolver.AddSearchDirectories: Adding more searchDirectories C:\Program Files\dotnet\sdk\5.0.403\Extensions,C:\Program Files\dotnet\sdk\5.0.403
TpTrace Information: 0 : 25748, 1, 2021/12/03, 20:42:25.915, 19760361805866, vstest.console.dll, AssemblyResolver.AddSearchDirectories: Adding more searchDirectories C:\Program Files\dotnet\sdk\5.0.403\Extensions,C:\Program Files\dotnet\sdk\5.0.403
TpTrace Information: 0 : 25748, 1, 2021/12/03, 20:42:25.916, 19760361811673, vstest.console.dll, AssemblyResolver.AddSearchDirectories: Adding more searchDirectories C:\Program Files\dotnet\sdk\5.0.403\Extensions,C:\Program Files\dotnet\sdk\5.0.403
TpTrace Information: 0 : 25748, 1, 2021/12/03, 20:42:25.917, 19760361818771, vstest.console.dll, AssemblyResolver.AddSearchDirectories: Adding more searchDirectories C:\Program Files\dotnet\sdk\5.0.403\Extensions,C:\Program Files\dotnet\sdk\5.0.403
TpTrace Information: 0 : 25748, 1, 2021/12/03, 20:42:25.918, 19760361834943, vstest.console.dll, AssemblyResolver.OnResolve: Microsoft.Diagnostics.NETCore.Client: Resolving assembly.
TpTrace Information: 0 : 25748, 1, 2021/12/03, 20:42:25.920, 19760361849225, vstest.console.dll, AssemblyResolver.OnResolve: Microsoft.Diagnostics.NETCore.Client: Searching in: 'C:\Program Files\dotnet\sdk\5.0.403\Extensions'.
TpTrace Information: 0 : 25748, 1, 2021/12/03, 20:42:25.921, 19760361863677, vstest.console.dll, AssemblyResolver.OnResolve: Microsoft.Diagnostics.NETCore.Client: Loading assembly 'C:\Program Files\dotnet\sdk\5.0.403\Extensions\Microsoft.Diagnostics.NETCore.Client.dll'.
TpTrace Information: 0 : 25748, 1, 2021/12/03, 20:42:25.924, 19760361888860, vstest.console.dll, AssemblyResolver.OnResolve: Resolved assembly: Microsoft.Diagnostics.NETCore.Client, from path: C:\Program Files\dotnet\sdk\5.0.403\Extensions\Microsoft.Diagnostics.NETCore.Client.dll
TpTrace Information: 0 : 25748, 1, 2021/12/03, 20:42:25.936, 19760362009209, vstest.console.dll, AssemblyResolver.OnResolve: Microsoft.Bcl.AsyncInterfaces: Resolving assembly.
TpTrace Information: 0 : 25748, 1, 2021/12/03, 20:42:25.937, 19760362021969, vstest.console.dll, AssemblyResolver.OnResolve: Microsoft.Bcl.AsyncInterfaces: Searching in: 'C:\Program Files\dotnet\sdk\5.0.403\Extensions'.
TpTrace Information: 0 : 25748, 1, 2021/12/03, 20:42:25.938, 19760362035226, vstest.console.dll, AssemblyResolver.OnResolve: Microsoft.Bcl.AsyncInterfaces: Assembly path does not exist: 'C:\Program Files\dotnet\sdk\5.0.403\Extensions\Microsoft.Bcl.AsyncInterfaces.dll', returning.
TpTrace Information: 0 : 25748, 1, 2021/12/03, 20:42:25.940, 19760362050704, vstest.console.dll, AssemblyResolver.OnResolve: Microsoft.Bcl.AsyncInterfaces: Assembly path does not exist: 'C:\Program Files\dotnet\sdk\5.0.403\Extensions\Microsoft.Bcl.AsyncInterfaces.exe', returning.
TpTrace Information: 0 : 25748, 1, 2021/12/03, 20:42:25.941, 19760362058376, vstest.console.dll, AssemblyResolver.OnResolve: Microsoft.Bcl.AsyncInterfaces: Searching in: 'C:\Program Files\dotnet\sdk\5.0.403'.
TpTrace Information: 0 : 25748, 1, 2021/12/03, 20:42:25.942, 19760362067504, vstest.console.dll, AssemblyResolver.OnResolve: Microsoft.Bcl.AsyncInterfaces: Assembly path does not exist: 'C:\Program Files\dotnet\sdk\5.0.403\Microsoft.Bcl.AsyncInterfaces.dll', returning.
TpTrace Information: 0 : 25748, 1, 2021/12/03, 20:42:25.943, 19760362078488, vstest.console.dll, AssemblyResolver.OnResolve: Microsoft.Bcl.AsyncInterfaces: Assembly path does not exist: 'C:\Program Files\dotnet\sdk\5.0.403\Microsoft.Bcl.AsyncInterfaces.exe', returning.
TpTrace Information: 0 : 25748, 1, 2021/12/03, 20:42:25.943, 19760362081269, vstest.console.dll, AssemblyResolver.OnResolve: Microsoft.Bcl.AsyncInterfaces: Failed to load assembly.
TpTrace Verbose: 0 : 25748, 1, 2021/12/03, 20:42:25.944, 19760362092477, vstest.console.dll, CurrentDomainAssemblyResolve: Resolving assembly 'Microsoft.Bcl.AsyncInterfaces'.
TpTrace Information: 0 : 25748, 1, 2021/12/03, 20:42:25.944, 19760362096082, vstest.console.dll, AssemblyResolver.OnResolve: Microsoft.Bcl.AsyncInterfaces: Resolving assembly.
TpTrace Information: 0 : 25748, 1, 2021/12/03, 20:42:25.945, 19760362098853, vstest.console.dll, AssemblyResolver.OnResolve: Microsoft.Bcl.AsyncInterfaces: Resolved from cache.
TpTrace Verbose: 0 : 25748, 1, 2021/12/03, 20:42:25.945, 19760362101411, vstest.console.dll, CurrentDomainAssemblyResolve: Resolving assembly 'Microsoft.Bcl.AsyncInterfaces'.
TpTrace Verbose: 0 : 25748, 1, 2021/12/03, 20:42:25.945, 19760362103639, vstest.console.dll, CurrentDomainAssemblyResolve: Failed to resolve assembly 'Microsoft.Bcl.AsyncInterfaces'.
TpTrace Verbose: 0 : 25748, 1, 2021/12/03, 20:42:25.947, 19760362126309, vstest.console.dll, CurrentDomainAssemblyResolve: Failed to resolve assembly 'Microsoft.Bcl.AsyncInterfaces'.
TpTrace Warning: 0 : 25748, 1, 2021/12/03, 20:42:25.996, 19760362616891, vstest.console.dll, TestPluginDiscoverer: Failed to get types from assembly 'Microsoft.Diagnostics.NETCore.Client, Version=0.2.2.41902, Culture=neutral, PublicKeyToken=31bf3856ad364e35'.  Skipping test extension scan for this assembly.  Error: System.Reflection.ReflectionTypeLoadException: Unable to load one or more of the requested types.
Could not load file or assembly 'Microsoft.Bcl.AsyncInterfaces, Version=1.0.0.0, Culture=neutral, PublicKeyToken=cc7b13ffcd2ddd51'. Nie można odnaleźć określonego pliku.
   at System.Reflection.RuntimeModule.GetTypes(RuntimeModule module)
   at System.Reflection.RuntimeModule.GetTypes()
   at System.Reflection.Assembly.GetTypes()
   at Microsoft.VisualStudio.TestPlatform.Common.ExtensionFramework.TestPluginDiscoverer.GetTestExtensionsFromAssembly[TPluginInfo,TExtension](Assembly assembly, Dictionary`2 pluginInfos)
System.IO.FileNotFoundException: Could not load file or assembly 'Microsoft.Bcl.AsyncInterfaces, Version=1.0.0.0, Culture=neutral, PublicKeyToken=cc7b13ffcd2ddd51'. Nie można odnaleźć określonego pliku.
File name: 'Microsoft.Bcl.AsyncInterfaces, Version=1.0.0.0, Culture=neutral, PublicKeyToken=cc7b13ffcd2ddd51'
TpTrace Warning: 0 : 25748, 1, 2021/12/03, 20:42:25.999, 19760362641842, vstest.console.dll, LoaderExceptions: System.IO.FileNotFoundException: Could not load file or assembly 'Microsoft.Bcl.AsyncInterfaces, Version=1.0.0.0, Culture=neutral, PublicKeyToken=cc7b13ffcd2ddd51'. Nie można odnaleźć określonego pliku.
File name: 'Microsoft.Bcl.AsyncInterfaces, Version=1.0.0.0, Culture=neutral, PublicKeyToken=cc7b13ffcd2ddd51'
TpTrace Information: 0 : 25748, 1, 2021/12/03, 20:42:25.999, 19760362645692, vstest.console.dll, AssemblyResolver.OnResolve: Microsoft.TestPlatform.Extensions.BlameDataCollector: Resolving assembly.
TpTrace Information: 0 : 25748, 1, 2021/12/03, 20:42:26.000, 19760362648062, vstest.console.dll, AssemblyResolver.OnResolve: Microsoft.TestPlatform.Extensions.BlameDataCollector: Searching in: 'C:\Program Files\dotnet\sdk\5.0.403\Extensions'.
TpTrace Information: 0 : 25748, 1, 2021/12/03, 20:42:26.000, 19760362655008, vstest.console.dll, AssemblyResolver.OnResolve: Microsoft.TestPlatform.Extensions.BlameDataCollector: Loading assembly 'C:\Program Files\dotnet\sdk\5.0.403\Extensions\Microsoft.TestPlatform.Extensions.BlameDataCollector.dll'.
TpTrace Information: 0 : 25748, 1, 2021/12/03, 20:42:26.002, 19760362675153, vstest.console.dll, AssemblyResolver.OnResolve: Resolved assembly: Microsoft.TestPlatform.Extensions.BlameDataCollector, from path: C:\Program Files\dotnet\sdk\5.0.403\Extensions\Microsoft.TestPlatform.Extensions.BlameDataCollector.dll
TpTrace Information: 0 : 25748, 1, 2021/12/03, 20:42:26.004, 19760362688886, vstest.console.dll, AssemblyResolver.OnResolve: Microsoft.TestPlatform.Extensions.EventLogCollector: Resolving assembly.
TpTrace Information: 0 : 25748, 1, 2021/12/03, 20:42:26.004, 19760362691674, vstest.console.dll, AssemblyResolver.OnResolve: Microsoft.TestPlatform.Extensions.EventLogCollector: Searching in: 'C:\Program Files\dotnet\sdk\5.0.403\Extensions'.
TpTrace Information: 0 : 25748, 1, 2021/12/03, 20:42:26.005, 19760362700381, vstest.console.dll, AssemblyResolver.OnResolve: Microsoft.TestPlatform.Extensions.EventLogCollector: Loading assembly 'C:\Program Files\dotnet\sdk\5.0.403\Extensions\Microsoft.TestPlatform.Extensions.EventLogCollector.dll'.
TpTrace Information: 0 : 25748, 1, 2021/12/03, 20:42:26.007, 19760362723136, vstest.console.dll, AssemblyResolver.OnResolve: Resolved assembly: Microsoft.TestPlatform.Extensions.EventLogCollector, from path: C:\Program Files\dotnet\sdk\5.0.403\Extensions\Microsoft.TestPlatform.Extensions.EventLogCollector.dll
TpTrace Information: 0 : 25748, 1, 2021/12/03, 20:42:26.012, 19760362770344, vstest.console.dll, AssemblyResolver.OnResolve: Microsoft.TestPlatform.TestHostRuntimeProvider: Resolving assembly.
TpTrace Information: 0 : 25748, 1, 2021/12/03, 20:42:26.012, 19760362773324, vstest.console.dll, AssemblyResolver.OnResolve: Microsoft.TestPlatform.TestHostRuntimeProvider: Searching in: 'C:\Program Files\dotnet\sdk\5.0.403\Extensions'.
TpTrace Information: 0 : 25748, 1, 2021/12/03, 20:42:26.015, 19760362802563, vstest.console.dll, AssemblyResolver.OnResolve: Microsoft.TestPlatform.TestHostRuntimeProvider: Loading assembly 'C:\Program Files\dotnet\sdk\5.0.403\Extensions\Microsoft.TestPlatform.TestHostRuntimeProvider.dll'.
TpTrace Information: 0 : 25748, 1, 2021/12/03, 20:42:26.018, 19760362832728, vstest.console.dll, AssemblyResolver.OnResolve: Resolved assembly: Microsoft.TestPlatform.TestHostRuntimeProvider, from path: C:\Program Files\dotnet\sdk\5.0.403\Extensions\Microsoft.TestPlatform.TestHostRuntimeProvider.dll
TpTrace Information: 0 : 25748, 1, 2021/12/03, 20:42:26.021, 19760362865656, vstest.console.dll, AssemblyResolver.OnResolve: Microsoft.VisualStudio.TestPlatform.Extensions.Html.TestLogger: Resolving assembly.
TpTrace Information: 0 : 25748, 1, 2021/12/03, 20:42:26.022, 19760362869168, vstest.console.dll, AssemblyResolver.OnResolve: Microsoft.VisualStudio.TestPlatform.Extensions.Html.TestLogger: Searching in: 'C:\Program Files\dotnet\sdk\5.0.403\Extensions'.
TpTrace Information: 0 : 25748, 1, 2021/12/03, 20:42:26.022, 19760362876591, vstest.console.dll, AssemblyResolver.OnResolve: Microsoft.VisualStudio.TestPlatform.Extensions.Html.TestLogger: Loading assembly 'C:\Program Files\dotnet\sdk\5.0.403\Extensions\Microsoft.VisualStudio.TestPlatform.Extensions.Html.TestLogger.dll'.
TpTrace Information: 0 : 25748, 1, 2021/12/03, 20:42:26.025, 19760362897212, vstest.console.dll, AssemblyResolver.OnResolve: Resolved assembly: Microsoft.VisualStudio.TestPlatform.Extensions.Html.TestLogger, from path: C:\Program Files\dotnet\sdk\5.0.403\Extensions\Microsoft.VisualStudio.TestPlatform.Extensions.Html.TestLogger.dll
TpTrace Information: 0 : 25748, 1, 2021/12/03, 20:42:26.026, 19760362910818, vstest.console.dll, AssemblyResolver.OnResolve: Microsoft.VisualStudio.TestPlatform.Extensions.Trx.TestLogger: Resolving assembly.
TpTrace Information: 0 : 25748, 1, 2021/12/03, 20:42:26.026, 19760362913840, vstest.console.dll, AssemblyResolver.OnResolve: Microsoft.VisualStudio.TestPlatform.Extensions.Trx.TestLogger: Searching in: 'C:\Program Files\dotnet\sdk\5.0.403\Extensions'.
TpTrace Information: 0 : 25748, 1, 2021/12/03, 20:42:26.027, 19760362920961, vstest.console.dll, AssemblyResolver.OnResolve: Microsoft.VisualStudio.TestPlatform.Extensions.Trx.TestLogger: Loading assembly 'C:\Program Files\dotnet\sdk\5.0.403\Extensions\Microsoft.VisualStudio.TestPlatform.Extensions.Trx.TestLogger.dll'.
TpTrace Information: 0 : 25748, 1, 2021/12/03, 20:42:26.030, 19760362954519, vstest.console.dll, AssemblyResolver.OnResolve: Resolved assembly: Microsoft.VisualStudio.TestPlatform.Extensions.Trx.TestLogger, from path: C:\Program Files\dotnet\sdk\5.0.403\Extensions\Microsoft.VisualStudio.TestPlatform.Extensions.Trx.TestLogger.dll
TpTrace Verbose: 0 : 25748, 1, 2021/12/03, 20:42:26.032, 19760362969931, vstest.console.dll, TestPluginCache: Discovered the extensions using extension path ''.
TpTrace Verbose: 0 : 25748, 1, 2021/12/03, 20:42:26.032, 19760362972636, vstest.console.dll, TestPluginCache: Discoverers are ''.
TpTrace Verbose: 0 : 25748, 1, 2021/12/03, 20:42:26.032, 19760362973952, vstest.console.dll, TestPluginCache: Executors are ''.
TpTrace Verbose: 0 : 25748, 1, 2021/12/03, 20:42:26.032, 19760362975092, vstest.console.dll, TestPluginCache: Executors2 are ''.
TpTrace Verbose: 0 : 25748, 1, 2021/12/03, 20:42:26.032, 19760362976219, vstest.console.dll, TestPluginCache: Setting providers are ''.
TpTrace Verbose: 0 : 25748, 1, 2021/12/03, 20:42:26.033, 19760362978208, vstest.console.dll, TestPluginCache: Loggers are ''.
TpTrace Information: 0 : 25748, 1, 2021/12/03, 20:42:26.043, 19760363080167, vstest.console.dll, RunTestsArgumentProcessor:Execute: Test run is starting.
TpTrace Verbose: 0 : 25748, 1, 2021/12/03, 20:42:26.043, 19760363082818, vstest.console.dll, RunTestsArgumentProcessor:Execute: Queuing Test run.
TpTrace Information: 0 : 25748, 1, 2021/12/03, 20:42:26.044, 19760363088226, vstest.console.dll, TestRequestManager.RunTests: run tests started.
TpTrace Information: 0 : 25748, 1, 2021/12/03, 20:42:26.055, 19760363201568, vstest.console.dll, AssemblyMetadataProvider.GetFrameWork: Determined framework:'.NETCoreApp,Version=v5.0' for source: 'C:\Users\Admin\Documents\Kacper IT\source\repos\ZPSB202109\Kacper.Wozniak\TestProject1\SpecFlowProject1\bin\Debug\net5.0\fine-code-coverage\build-output\SpecFlowProject1.dll'
TpTrace Information: 0 : 25748, 1, 2021/12/03, 20:42:26.056, 19760363209188, vstest.console.dll, Determined framework for all sources: .NETCoreApp,Version=v5.0
TpTrace Information: 0 : 25748, 1, 2021/12/03, 20:42:26.057, 19760363221038, vstest.console.dll, AssemblyMetadataProvider.GetArchitecture: Determined architecture:AnyCPU info for assembly: C:\Users\Admin\Documents\Kacper IT\source\repos\ZPSB202109\Kacper.Wozniak\TestProject1\SpecFlowProject1\bin\Debug\net5.0\fine-code-coverage\build-output\SpecFlowProject1.dll
TpTrace Information: 0 : 25748, 1, 2021/12/03, 20:42:26.060, 19760363255386, vstest.console.dll, Determined platform for all sources: X64
TpTrace Information: 0 : 25748, 1, 2021/12/03, 20:42:26.065, 19760363299649, vstest.console.dll, Compatible sources list : 
TpTrace Information: 0 : 25748, 1, 2021/12/03, 20:42:26.065, 19760363302995, vstest.console.dll, C:\Users\Admin\Documents\Kacper IT\source\repos\ZPSB202109\Kacper.Wozniak\TestProject1\SpecFlowProject1\bin\Debug\net5.0\fine-code-coverage\build-output\SpecFlowProject1.dll
TpTrace Information: 0 : 25748, 1, 2021/12/03, 20:42:26.069, 19760363339916, vstest.console.dll, InferRunSettingsHelper.IsTestSettingsEnabled: Unable to navigate to RunSettings/MSTest. Current node: RunSettings
TpTrace Information: 0 : 25748, 1, 2021/12/03, 20:42:26.070, 19760363352824, vstest.console.dll, AssemblyResolver.OnResolve: Microsoft.VisualStudio.TestPlatform.Fakes: Resolving assembly.
TpTrace Information: 0 : 25748, 1, 2021/12/03, 20:42:26.070, 19760363355300, vstest.console.dll, AssemblyResolver.OnResolve: Microsoft.VisualStudio.TestPlatform.Fakes: Searching in: 'C:\Program Files\dotnet\sdk\5.0.403\Extensions'.
TpTrace Information: 0 : 25748, 1, 2021/12/03, 20:42:26.071, 19760363358867, vstest.console.dll, AssemblyResolver.OnResolve: Microsoft.VisualStudio.TestPlatform.Fakes: Assembly path does not exist: 'C:\Program Files\dotnet\sdk\5.0.403\Extensions\Microsoft.VisualStudio.TestPlatform.Fakes.dll', returning.
TpTrace Information: 0 : 25748, 1, 2021/12/03, 20:42:26.071, 19760363363932, vstest.console.dll, AssemblyResolver.OnResolve: Microsoft.VisualStudio.TestPlatform.Fakes: Assembly path does not exist: 'C:\Program Files\dotnet\sdk\5.0.403\Extensions\Microsoft.VisualStudio.TestPlatform.Fakes.exe', returning.
TpTrace Information: 0 : 25748, 1, 2021/12/03, 20:42:26.071, 19760363365912, vstest.console.dll, AssemblyResolver.OnResolve: Microsoft.VisualStudio.TestPlatform.Fakes: Searching in: 'C:\Program Files\dotnet\sdk\5.0.403'.
TpTrace Information: 0 : 25748, 1, 2021/12/03, 20:42:26.072, 19760363369068, vstest.console.dll, AssemblyResolver.OnResolve: Microsoft.VisualStudio.TestPlatform.Fakes: Assembly path does not exist: 'C:\Program Files\dotnet\sdk\5.0.403\Microsoft.VisualStudio.TestPlatform.Fakes.dll', returning.
TpTrace Information: 0 : 25748, 1, 2021/12/03, 20:42:26.072, 19760363371761, vstest.console.dll, AssemblyResolver.OnResolve: Microsoft.VisualStudio.TestPlatform.Fakes: Assembly path does not exist: 'C:\Program Files\dotnet\sdk\5.0.403\Microsoft.VisualStudio.TestPlatform.Fakes.exe', returning.
TpTrace Information: 0 : 25748, 1, 2021/12/03, 20:42:26.072, 19760363373162, vstest.console.dll, AssemblyResolver.OnResolve: Microsoft.VisualStudio.TestPlatform.Fakes: Failed to load assembly.
TpTrace Information: 0 : 25748, 1, 2021/12/03, 20:42:26.073, 19760363380983, vstest.console.dll, Failed to create newly implemented Fakes Configurator. Reason:System.IO.FileNotFoundException: Could not load file or assembly 'Microsoft.VisualStudio.TestPlatform.Fakes, Version=16.0.0.0, Culture=neutral, PublicKeyToken=null'. Nie można odnaleźć określonego pliku.
File name: 'Microsoft.VisualStudio.TestPlatform.Fakes, Version=16.0.0.0, Culture=neutral, PublicKeyToken=null'
   at System.Reflection.RuntimeAssembly.InternalLoad(ObjectHandleOnStack assemblyName, ObjectHandleOnStack requestingAssembly, StackCrawlMarkHandle stackMark, Boolean throwOnFileNotFound, ObjectHandleOnStack assemblyLoadContext, ObjectHandleOnStack retAssembly)
   at System.Reflection.RuntimeAssembly.InternalLoad(AssemblyName assemblyName, RuntimeAssembly requestingAssembly, StackCrawlMark& stackMark, Boolean throwOnFileNotFound, AssemblyLoadContext assemblyLoadContext)
   at System.Reflection.Assembly.Load(AssemblyName assemblyRef)
   at Microsoft.VisualStudio.TestPlatform.Common.Utilities.FakesUtilities.TryGetFakesCrossPlatformDataCollectorConfigurator() 
TpTrace Verbose: 0 : 25748, 1, 2021/12/03, 20:42:26.079, 19760363447064, vstest.console.dll, TestPluginCache.DiscoverTestExtensions: finding test extensions in assemblies ends with: TestLogger.dll TPluginInfo: Microsoft.VisualStudio.TestPlatform.Common.ExtensionFramework.Utilities.TestLoggerPluginInformation TExtension: Microsoft.VisualStudio.TestPlatform.ObjectModel.Client.ITestLogger
TpTrace Verbose: 0 : 25748, 1, 2021/12/03, 20:42:26.082, 19760363470393, vstest.console.dll, TestPluginCache.GetExtensionPaths: Filtered extension paths: 
TpTrace Verbose: 0 : 25748, 1, 2021/12/03, 20:42:26.082, 19760363475337, vstest.console.dll, TestPluginCache.GetExtensionPaths: Added default extension paths: C:\Program Files\dotnet\sdk\5.0.403\Extensions\Microsoft.Diagnostics.NETCore.Client.dll
C:\Program Files\dotnet\sdk\5.0.403\Extensions\Microsoft.TestPlatform.Extensions.BlameDataCollector.dll
C:\Program Files\dotnet\sdk\5.0.403\Extensions\Microsoft.TestPlatform.Extensions.EventLogCollector.dll
C:\Program Files\dotnet\sdk\5.0.403\Extensions\Microsoft.TestPlatform.TestHostRuntimeProvider.dll
C:\Program Files\dotnet\sdk\5.0.403\Extensions\Microsoft.VisualStudio.TestPlatform.Extensions.Html.TestLogger.dll
C:\Program Files\dotnet\sdk\5.0.403\Extensions\Microsoft.VisualStudio.TestPlatform.Extensions.Trx.TestLogger.dll
TpTrace Verbose: 0 : 25748, 1, 2021/12/03, 20:42:26.083, 19760363483519, vstest.console.dll, TestPluginCache.GetExtensionPaths: Added unfilterableExtensionPaths: 
TpTrace Information: 0 : 25748, 1, 2021/12/03, 20:42:26.084, 19760363493337, vstest.console.dll, AssemblyResolver.AddSearchDirectories: Adding more searchDirectories C:\Program Files\dotnet\sdk\5.0.403\Extensions,C:\Program Files\dotnet\sdk\5.0.403
TpTrace Verbose: 0 : 25748, 1, 2021/12/03, 20:42:26.085, 19760363497909, vstest.console.dll, TestPluginCache.DiscoverTestExtensions: Discovering the extensions using extension path.
TpTrace Verbose: 0 : 25748, 1, 2021/12/03, 20:42:26.085, 19760363501338, vstest.console.dll, TestPluginCache.GetExtensionPaths: Filtered extension paths: 
TpTrace Verbose: 0 : 25748, 1, 2021/12/03, 20:42:26.085, 19760363503850, vstest.console.dll, TestPluginCache.GetExtensionPaths: Added default extension paths: C:\Program Files\dotnet\sdk\5.0.403\Extensions\Microsoft.Diagnostics.NETCore.Client.dll
C:\Program Files\dotnet\sdk\5.0.403\Extensions\Microsoft.TestPlatform.Extensions.BlameDataCollector.dll
C:\Program Files\dotnet\sdk\5.0.403\Extensions\Microsoft.TestPlatform.Extensions.EventLogCollector.dll
C:\Program Files\dotnet\sdk\5.0.403\Extensions\Microsoft.TestPlatform.TestHostRuntimeProvider.dll
C:\Program Files\dotnet\sdk\5.0.403\Extensions\Microsoft.VisualStudio.TestPlatform.Extensions.Html.TestLogger.dll
C:\Program Files\dotnet\sdk\5.0.403\Extensions\Microsoft.VisualStudio.TestPlatform.Extensions.Trx.TestLogger.dll
TpTrace Verbose: 0 : 25748, 1, 2021/12/03, 20:42:26.085, 19760363506489, vstest.console.dll, TestPluginCache.GetExtensionPaths: Added unfilterableExtensionPaths: 
TpTrace Verbose: 0 : 25748, 1, 2021/12/03, 20:42:26.086, 19760363508773, vstest.console.dll, TestPluginCache.DiscoverTestExtensions: Discovering the extensions using allExtensionPaths: C:\Program Files\dotnet\sdk\5.0.403\Extensions\Microsoft.Diagnostics.NETCore.Client.dll
C:\Program Files\dotnet\sdk\5.0.403\Extensions\Microsoft.TestPlatform.Extensions.BlameDataCollector.dll
C:\Program Files\dotnet\sdk\5.0.403\Extensions\Microsoft.TestPlatform.Extensions.EventLogCollector.dll
C:\Program Files\dotnet\sdk\5.0.403\Extensions\Microsoft.TestPlatform.TestHostRuntimeProvider.dll
C:\Program Files\dotnet\sdk\5.0.403\Extensions\Microsoft.VisualStudio.TestPlatform.Extensions.Html.TestLogger.dll
C:\Program Files\dotnet\sdk\5.0.403\Extensions\Microsoft.VisualStudio.TestPlatform.Extensions.Trx.TestLogger.dll
TpTrace Information: 0 : 25748, 1, 2021/12/03, 20:42:26.086, 19760363511617, vstest.console.dll, AssemblyResolver.AddSearchDirectories: Adding more searchDirectories C:\Program Files\dotnet\sdk\5.0.403\Extensions,C:\Program Files\dotnet\sdk\5.0.403
TpTrace Information: 0 : 25748, 1, 2021/12/03, 20:42:26.086, 19760363513705, vstest.console.dll, AssemblyResolver.AddSearchDirectories: Adding more searchDirectories C:\Program Files\dotnet\sdk\5.0.403\Extensions,C:\Program Files\dotnet\sdk\5.0.403
TpTrace Information: 0 : 25748, 1, 2021/12/03, 20:42:26.086, 19760363516043, vstest.console.dll, AssemblyResolver.AddSearchDirectories: Adding more searchDirectories C:\Program Files\dotnet\sdk\5.0.403\Extensions,C:\Program Files\dotnet\sdk\5.0.403
TpTrace Information: 0 : 25748, 1, 2021/12/03, 20:42:26.087, 19760363518191, vstest.console.dll, AssemblyResolver.AddSearchDirectories: Adding more searchDirectories C:\Program Files\dotnet\sdk\5.0.403\Extensions,C:\Program Files\dotnet\sdk\5.0.403
TpTrace Information: 0 : 25748, 1, 2021/12/03, 20:42:26.087, 19760363519878, vstest.console.dll, AssemblyResolver.AddSearchDirectories: Adding more searchDirectories C:\Program Files\dotnet\sdk\5.0.403\Extensions,C:\Program Files\dotnet\sdk\5.0.403
TpTrace Information: 0 : 25748, 1, 2021/12/03, 20:42:26.087, 19760363521474, vstest.console.dll, AssemblyResolver.AddSearchDirectories: Adding more searchDirectories C:\Program Files\dotnet\sdk\5.0.403\Extensions,C:\Program Files\dotnet\sdk\5.0.403
TpTrace Information: 0 : 25748, 1, 2021/12/03, 20:42:26.088, 19760363529344, vstest.console.dll, AssemblyResolver.OnResolve: Microsoft.Bcl.AsyncInterfaces: Resolving assembly.
TpTrace Information: 0 : 25748, 1, 2021/12/03, 20:42:26.088, 19760363532097, vstest.console.dll, AssemblyResolver.OnResolve: Microsoft.Bcl.AsyncInterfaces: Resolved from cache.
TpTrace Verbose: 0 : 25748, 1, 2021/12/03, 20:42:26.088, 19760363534173, vstest.console.dll, CurrentDomainAssemblyResolve: Resolving assembly 'Microsoft.Bcl.AsyncInterfaces'.
TpTrace Information: 0 : 25748, 1, 2021/12/03, 20:42:26.088, 19760363536593, vstest.console.dll, AssemblyResolver.OnResolve: Microsoft.Bcl.AsyncInterfaces: Resolving assembly.
TpTrace Information: 0 : 25748, 1, 2021/12/03, 20:42:26.089, 19760363539478, vstest.console.dll, AssemblyResolver.OnResolve: Microsoft.Bcl.AsyncInterfaces: Resolved from cache.
TpTrace Verbose: 0 : 25748, 1, 2021/12/03, 20:42:26.089, 19760363542008, vstest.console.dll, CurrentDomainAssemblyResolve: Resolving assembly 'Microsoft.Bcl.AsyncInterfaces'.
TpTrace Verbose: 0 : 25748, 1, 2021/12/03, 20:42:26.089, 19760363543738, vstest.console.dll, CurrentDomainAssemblyResolve: Failed to resolve assembly 'Microsoft.Bcl.AsyncInterfaces'.
TpTrace Verbose: 0 : 25748, 1, 2021/12/03, 20:42:26.090, 19760363548016, vstest.console.dll, CurrentDomainAssemblyResolve: Failed to resolve assembly 'Microsoft.Bcl.AsyncInterfaces'.
TpTrace Warning: 0 : 25748, 1, 2021/12/03, 20:42:26.090, 19760363555270, vstest.console.dll, TestPluginDiscoverer: Failed to get types from assembly 'Microsoft.Diagnostics.NETCore.Client, Version=0.2.2.41902, Culture=neutral, PublicKeyToken=31bf3856ad364e35'.  Skipping test extension scan for this assembly.  Error: System.Reflection.ReflectionTypeLoadException: Unable to load one or more of the requested types.
Could not load file or assembly 'Microsoft.Bcl.AsyncInterfaces, Version=1.0.0.0, Culture=neutral, PublicKeyToken=cc7b13ffcd2ddd51'. Nie można odnaleźć określonego pliku.
   at System.Reflection.RuntimeModule.GetTypes(RuntimeModule module)
   at System.Reflection.RuntimeModule.GetTypes()
   at System.Reflection.Assembly.GetTypes()
   at Microsoft.VisualStudio.TestPlatform.Common.ExtensionFramework.TestPluginDiscoverer.GetTestExtensionsFromAssembly[TPluginInfo,TExtension](Assembly assembly, Dictionary`2 pluginInfos)
System.IO.FileNotFoundException: Could not load file or assembly 'Microsoft.Bcl.AsyncInterfaces, Version=1.0.0.0, Culture=neutral, PublicKeyToken=cc7b13ffcd2ddd51'. Nie można odnaleźć określonego pliku.
File name: 'Microsoft.Bcl.AsyncInterfaces, Version=1.0.0.0, Culture=neutral, PublicKeyToken=cc7b13ffcd2ddd51'
TpTrace Warning: 0 : 25748, 1, 2021/12/03, 20:42:26.091, 19760363558215, vstest.console.dll, LoaderExceptions: System.IO.FileNotFoundException: Could not load file or assembly 'Microsoft.Bcl.AsyncInterfaces, Version=1.0.0.0, Culture=neutral, PublicKeyToken=cc7b13ffcd2ddd51'. Nie można odnaleźć określonego pliku.
File name: 'Microsoft.Bcl.AsyncInterfaces, Version=1.0.0.0, Culture=neutral, PublicKeyToken=cc7b13ffcd2ddd51'
TpTrace Verbose: 0 : 25748, 1, 2021/12/03, 20:42:26.091, 19760363566417, vstest.console.dll, TestPluginCache: Discovered the extensions using extension path ''.
TpTrace Verbose: 0 : 25748, 1, 2021/12/03, 20:42:26.092, 19760363569020, vstest.console.dll, TestPluginCache: Discoverers are ''.
TpTrace Verbose: 0 : 25748, 1, 2021/12/03, 20:42:26.092, 19760363570695, vstest.console.dll, TestPluginCache: Executors are ''.
TpTrace Verbose: 0 : 25748, 1, 2021/12/03, 20:42:26.092, 19760363572261, vstest.console.dll, TestPluginCache: Executors2 are ''.
TpTrace Verbose: 0 : 25748, 1, 2021/12/03, 20:42:26.092, 19760363573785, vstest.console.dll, TestPluginCache: Setting providers are ''.
TpTrace Verbose: 0 : 25748, 1, 2021/12/03, 20:42:26.093, 19760363577142, vstest.console.dll, TestPluginCache: Loggers are 'logger://Microsoft/TestPlatform/Extensions/Blame/v1,logger://Microsoft/TestPlatform/HtmlLogger/v1,logger://Microsoft/TestPlatform/TrxLogger/v1'.
TpTrace Information: 0 : 25748, 1, 2021/12/03, 20:42:26.094, 19760363590268, vstest.console.dll, TestPluginManager.CreateTestExtension: Attempting to load test extension: Microsoft.TestPlatform.Extensions.BlameDataCollector.BlameLogger
TpTrace Information: 0 : 25748, 1, 2021/12/03, 20:42:26.110, 19760363754340, vstest.console.dll, TestPluginManager.CreateTestExtension: Attempting to load test extension: Microsoft.VisualStudio.TestPlatform.CrossPlatEngine.Hosting.DefaultTestHostManager
TpTrace Information: 0 : 25748, 1, 2021/12/03, 20:42:26.111, 19760363766570, vstest.console.dll, TestPluginManager.CreateTestExtension: Attempting to load test extension: Microsoft.VisualStudio.TestPlatform.CrossPlatEngine.Hosting.DotnetTestHostManager
TpTrace Verbose: 0 : 25748, 1, 2021/12/03, 20:42:26.116, 19760363811335, vstest.console.dll, TestEngine: Initializing Parallel Execution as MaxCpuCount is set to: 1
TpTrace Information: 0 : 25748, 1, 2021/12/03, 20:42:26.117, 19760363825430, vstest.console.dll, InferRunSettingsHelper.IsTestSettingsEnabled: Unable to navigate to RunSettings/MSTest. Current node: RunSettings
TpTrace Verbose: 0 : 25748, 1, 2021/12/03, 20:42:26.158, 19760364229228, vstest.console.dll, TestRequestSender is acting as server
TpTrace Verbose: 0 : 25748, 4, 2021/12/03, 20:42:26.167, 19760364318727, vstest.console.dll, DataCollectionRequestSender.InitializeCommunication : Initialize communication. 
TpTrace Information: 0 : 25748, 4, 2021/12/03, 20:42:26.219, 19760364846743, vstest.console.dll, Listening on Endpoint : 127.0.0.1:50705
TpTrace Verbose: 0 : 25748, 4, 2021/12/03, 20:42:26.245, 19760365097931, vstest.console.dll, DotnetDataCollectionLauncher: Full path of dotnet.exe is C:\Program Files\dotnet\dotnet.exe
TpTrace Verbose: 0 : 25748, 4, 2021/12/03, 20:42:26.245, 19760365103463, vstest.console.dll, DotnetDataCollectionLauncher: Adding  --runtimeconfig "C:\Program Files\dotnet\sdk\5.0.403\datacollector.runtimeconfig.json" in args
TpTrace Verbose: 0 : 25748, 4, 2021/12/03, 20:42:26.246, 19760365122752, vstest.console.dll, DotnetDataCollectionLauncher: Adding  --depsfile "C:\Program Files\dotnet\sdk\5.0.403\datacollector.deps.json" in args
TpTrace Information: 0 : 25748, 4, 2021/12/03, 20:42:26.288, 19760365535603, vstest.console.dll, ProxyDataCollectionManager.Initialize: Launched datacollector processId: 39512 port: 50705
TpTrace Information: 0 : 25748, 4, 2021/12/03, 20:42:26.296, 19760365612812, vstest.console.dll, ProxyDataCollectionManager.Initialize: waiting for connection with timeout: 90 seconds
TpTrace Verbose: 0 : 25748, 4, 2021/12/03, 20:42:26.297, 19760365623527, vstest.console.dll, DataCollectionRequestSender.WaitForRequestHandlerConnection : Waiting for connection with timeout: 90000
TpTrace Information: 0 : 25748, 7, 2021/12/03, 20:42:26.838, 19760371036831, vstest.console.dll, Using the buffer size of 16384 bytes
TpTrace Verbose: 0 : 25748, 4, 2021/12/03, 20:42:26.839, 19760371037850, vstest.console.dll, ProxyDataCollectionManager.InvokeDataCollectionServiceAction: Starting.
TpTrace Information: 0 : 25748, 7, 2021/12/03, 20:42:26.839, 19760371041318, vstest.console.dll, Accepted Client request and set the flag
TpTrace Information: 0 : 25748, 4, 2021/12/03, 20:42:26.839, 19760371045081, vstest.console.dll, ProxyDataCollectionManager.BeforeTestRunStart: Get environment variable and port for datacollector processId: 39512 port: 50705
TpTrace Verbose: 0 : 25748, 4, 2021/12/03, 20:42:26.840, 19760371050745, vstest.console.dll, DataCollectionRequestSender.SendBeforeTestRunStartAndGetResult : Send BeforeTestRunStart message with settingsXml <RunSettings><RunConfiguration><ResultsDirectory>C:\Users\Admin\Documents\Kacper IT\source\repos\ZPSB202109\Kacper.Wozniak\TestProject1\SpecFlowProject1\bin\Debug\net5.0\fine-code-coverage\coverage-tool-output</ResultsDirectory><TargetPlatform>X64</TargetPlatform><TargetFrameworkVersion>.NETCoreApp,Version=v5.0</TargetFrameworkVersion><DesignMode>False</DesignMode><CollectSourceInformation>False</CollectSourceInformation><TestAdaptersPaths>C:\Program Files\dotnet\sdk\5.0.403\Extensions</TestAdaptersPaths></RunConfiguration><LoggerRunSettings><Loggers><Logger friendlyName="blame" enabled="True" /><Logger friendlyName="Console" uri="logger://microsoft/TestPlatform/ConsoleLogger/v1" assemblyQualifiedName="Microsoft.VisualStudio.TestPlatform.CommandLine.Internal.ConsoleLogger, vstest.console, Version=15.0.0.0, Culture=neutral, PublicKeyToken=b03f5f7f11d50a3a" codeBase="C:\Program Files\dotnet\sdk\5.0.403\vstest.console.dll" enabled="True" /></Loggers></LoggerRunSettings><DataCollectionRunSettings><DataCollectors><DataCollector friendlyName="blame" enabled="True"><Configuration><ResultsDirectory>C:\Users\Admin\Documents\Kacper IT\source\repos\ZPSB202109\Kacper.Wozniak\TestProject1\SpecFlowProject1\bin\Debug\net5.0\fine-code-coverage\coverage-tool-output</ResultsDirectory></Configuration></DataCollector></DataCollectors></DataCollectionRunSettings></RunSettings> and sources System.Linq.Enumerable+Concat2Iterator`1[System.String]: 
TpTrace Verbose: 0 : 25748, 4, 2021/12/03, 20:42:27.015, 19760372805359, vstest.console.dll, DataCollectionRequestSender.SendBeforeTestRunStartAndGetResult : Received message: (DataCollection.SendMessage) -> {
  "FriendlyName": null,
  "Uri": null,
  "TestCaseId": "00000000-0000-0000-0000-000000000000",
  "Message": "Logging DataCollector Diagnostics in file: C:\\Users\\Admin\\Documents\\Kacper IT\\source\\repos\\ZPSB202109\\Kacper.Wozniak\\TestProject1\\SpecFlowProject1\\bin\\Debug\\net5.0\\fine-code-coverage\\coverage-tool-output\\diagnostics.datacollector.21-12-03_20-42-26_23601_4.log",
  "Level": 0
}
TpTrace Verbose: 0 : 25748, 4, 2021/12/03, 20:42:27.176, 19760374415590, vstest.console.dll, DataCollectionRequestSender.SendBeforeTestRunStartAndGetResult : Received message: (DataCollection.BeforeTestRunStartResult) -> {
  "EnvironmentVariables": {},
  "DataCollectionEventsPort": 50707
}
TpTrace Information: 0 : 25748, 4, 2021/12/03, 20:42:27.187, 19760374522697, vstest.console.dll, ProxyDataCollectionManager.BeforeTestRunStart: SendBeforeTestRunStartAndGetResult successful, env variable from datacollector:   and testhost port: 50707
TpTrace Information: 0 : 25748, 4, 2021/12/03, 20:42:27.188, 19760374527483, vstest.console.dll, ProxyDataCollectionManager.InvokeDataCollectionServiceAction: Completed.
TpTrace Verbose: 0 : 25748, 1, 2021/12/03, 20:42:27.188, 19760374536007, vstest.console.dll, TestRunRequest.ExecuteAsync: Creating test run request.
TpTrace Verbose: 0 : 25748, 1, 2021/12/03, 20:42:27.189, 19760374544961, vstest.console.dll, TestRunRequest.ExecuteAsync: Starting.
TpTrace Information: 0 : 25748, 1, 2021/12/03, 20:42:27.190, 19760374552792, vstest.console.dll, TestRunRequest.ExecuteAsync: Starting run with settings:TestRunCriteria:
   KeepAlive=False,FrequencyOfRunStatsChangeEvent=10,RunStatsChangeEventTimeout=00:00:01.5000000,TestCaseFilter=,TestExecutorLauncher=
   Settingsxml=<RunSettings>
  <RunConfiguration>
    <ResultsDirectory>C:\Users\Admin\Documents\Kacper IT\source\repos\ZPSB202109\Kacper.Wozniak\TestProject1\SpecFlowProject1\bin\Debug\net5.0\fine-code-coverage\coverage-tool-output</ResultsDirectory>
    <TargetPlatform>X64</TargetPlatform>
    <TargetFrameworkVersion>.NETCoreApp,Version=v5.0</TargetFrameworkVersion>
    <DesignMode>False</DesignMode>
    <CollectSourceInformation>False</CollectSourceInformation>
  </RunConfiguration>
  <LoggerRunSettings>
    <Loggers>
      <Logger friendlyName="blame" enabled="True" />
      <Logger friendlyName="Console" uri="logger://microsoft/TestPlatform/ConsoleLogger/v1" assemblyQualifiedName="Microsoft.VisualStudio.TestPlatform.CommandLine.Internal.ConsoleLogger, vstest.console, Version=15.0.0.0, Culture=neutral, PublicKeyToken=b03f5f7f11d50a3a" codeBase="C:\Program Files\dotnet\sdk\5.0.403\vstest.console.dll" enabled="True" />
    </Loggers>
  </LoggerRunSettings>
  <DataCollectionRunSettings>
    <DataCollectors>
      <DataCollector friendlyName="blame" enabled="True">
        <Configuration>
          <ResultsDirectory>C:\Users\Admin\Documents\Kacper IT\source\repos\ZPSB202109\Kacper.Wozniak\TestProject1\SpecFlowProject1\bin\Debug\net5.0\fine-code-coverage\coverage-tool-output</ResultsDirectory>
        </Configuration>
      </DataCollector>
    </DataCollectors>
  </DataCollectionRunSettings>
</RunSettings>

TpTrace Verbose: 0 : 25748, 1, 2021/12/03, 20:42:27.190, 19760374555145, vstest.console.dll, TestRunRequest.ExecuteAsync: Wait for the first run request is over.
TpTrace Verbose: 0 : 25748, 1, 2021/12/03, 20:42:27.191, 19760374564922, vstest.console.dll, ParallelProxyExecutionManager: Start execution. Total sources: 1
TpTrace Information: 0 : 25748, 1, 2021/12/03, 20:42:27.193, 19760374577357, vstest.console.dll, ProxyParallelExecutionManager: Triggering test run for next source: C:\Users\Admin\Documents\Kacper IT\source\repos\ZPSB202109\Kacper.Wozniak\TestProject1\SpecFlowProject1\bin\Debug\net5.0\fine-code-coverage\build-output\SpecFlowProject1.dll
TpTrace Verbose: 0 : 25748, 4, 2021/12/03, 20:42:27.193, 19760374581566, vstest.console.dll, ParallelProxyExecutionManager: Execution started. Started clients: 1
TpTrace Verbose: 0 : 25748, 1, 2021/12/03, 20:42:27.193, 19760374582563, vstest.console.dll, ProxyParallelExecutionManager: No sources available for execution.
TpTrace Information: 0 : 25748, 1, 2021/12/03, 20:42:27.193, 19760374585898, vstest.console.dll, TestRunRequest.ExecuteAsync: Started.
TpTrace Verbose: 0 : 25748, 1, 2021/12/03, 20:42:27.194, 19760374588745, vstest.console.dll, TestRunRequest.WaitForCompletion: Waiting with timeout -1.
TpTrace Verbose: 0 : 25748, 4, 2021/12/03, 20:42:27.194, 19760374589499, vstest.console.dll, TestRunRequest:SendTestRunMessage: Starting.
TpTrace Information: 0 : 25748, 4, 2021/12/03, 20:42:27.194, 19760374593386, vstest.console.dll, TestRunRequest:SendTestRunMessage: Completed.
TpTrace Verbose: 0 : 25748, 4, 2021/12/03, 20:42:27.195, 19760374597756, vstest.console.dll, ProxyExecutionManager: Test host is always Lazy initialize.
TpTrace Verbose: 0 : 25748, 4, 2021/12/03, 20:42:27.195, 19760374603001, vstest.console.dll, TestRequestSender.InitializeCommunication: initialize communication. 
TpTrace Information: 0 : 25748, 4, 2021/12/03, 20:42:27.198, 19760374635258, vstest.console.dll, SocketServer.Start: Listening on endpoint : 127.0.0.1:50708
TpTrace Verbose: 0 : 25748, 4, 2021/12/03, 20:42:27.207, 19760374719645, vstest.console.dll, DotnetTestHostmanager: Adding  --runtimeconfig "C:\Users\Admin\Documents\Kacper IT\source\repos\ZPSB202109\Kacper.Wozniak\TestProject1\SpecFlowProject1\bin\Debug\net5.0\fine-code-coverage\build-output\SpecFlowProject1.runtimeconfig.json" in args
TpTrace Verbose: 0 : 25748, 4, 2021/12/03, 20:42:27.208, 19760374728270, vstest.console.dll, DotnetTestHostmanager: Adding  --depsfile "C:\Users\Admin\Documents\Kacper IT\source\repos\ZPSB202109\Kacper.Wozniak\TestProject1\SpecFlowProject1\bin\Debug\net5.0\fine-code-coverage\build-output\SpecFlowProject1.deps.json" in args
TpTrace Verbose: 0 : 25748, 4, 2021/12/03, 20:42:27.209, 19760374744230, vstest.console.dll, DotnetTestHostManager: Testhost.exe/testhost.x86.exe found at path: C:\Users\Admin\Documents\Kacper IT\source\repos\ZPSB202109\Kacper.Wozniak\TestProject1\SpecFlowProject1\bin\Debug\net5.0\fine-code-coverage\build-output\testhost.exe
TpTrace Verbose: 0 : 25748, 4, 2021/12/03, 20:42:27.210, 19760374749654, vstest.console.dll, DotnetTestHostmanager: Full path of host exe is C:\Users\Admin\Documents\Kacper IT\source\repos\ZPSB202109\Kacper.Wozniak\TestProject1\SpecFlowProject1\bin\Debug\net5.0\fine-code-coverage\build-output\testhost.exe
TpTrace Verbose: 0 : 25748, 10, 2021/12/03, 20:42:27.212, 19760374768876, vstest.console.dll, DotnetTestHostManager: Starting process 'C:\Users\Admin\Documents\Kacper IT\source\repos\ZPSB202109\Kacper.Wozniak\TestProject1\SpecFlowProject1\bin\Debug\net5.0\fine-code-coverage\build-output\testhost.exe' with command line ' --runtimeconfig "C:\Users\Admin\Documents\Kacper IT\source\repos\ZPSB202109\Kacper.Wozniak\TestProject1\SpecFlowProject1\bin\Debug\net5.0\fine-code-coverage\build-output\SpecFlowProject1.runtimeconfig.json" --depsfile "C:\Users\Admin\Documents\Kacper IT\source\repos\ZPSB202109\Kacper.Wozniak\TestProject1\SpecFlowProject1\bin\Debug\net5.0\fine-code-coverage\build-output\SpecFlowProject1.deps.json" --port 50708 --endpoint 127.0.0.1:050708 --role client --parentprocessid 25748 --diag "C:\Users\Admin\Documents\Kacper IT\source\repos\ZPSB202109\Kacper.Wozniak\TestProject1\SpecFlowProject1\bin\Debug\net5.0\fine-code-coverage\coverage-tool-output\diagnostics.host.21-12-03_20-42-27_20276_4.log" --tracelevel 4 --datacollectionport 50707 --telemetryoptedin false'
TpTrace Verbose: 0 : 25748, 10, 2021/12/03, 20:42:27.250, 19760375152630, vstest.console.dll, Test Runtime launched
TpTrace Verbose: 0 : 25748, 4, 2021/12/03, 20:42:27.281, 19760375463054, vstest.console.dll, TestRequestSender.WaitForRequestHandlerConnection: waiting for connection with timeout: 90000
TpTrace Verbose: 0 : 25748, 10, 2021/12/03, 20:42:28.074, 19760383389419, vstest.console.dll, SocketServer.OnClientConnected: Client connected for endPoint: 127.0.0.1:50708, starting MessageLoopAsync:
TpTrace Verbose: 0 : 25748, 10, 2021/12/03, 20:42:28.075, 19760383401174, vstest.console.dll, TcpClientExtensions.MessageLoopAsync: Polling on remoteEndPoint: 127.0.0.1:50709 localEndPoint: 127.0.0.1:50708
TpTrace Verbose: 0 : 25748, 10, 2021/12/03, 20:42:28.420, 19760386851290, vstest.console.dll, TcpClientExtensions.MessageLoopAsync: NotifyDataAvailable remoteEndPoint: 127.0.0.1:50709 localEndPoint: 127.0.0.1:50708
TpTrace Verbose: 0 : 25748, 10, 2021/12/03, 20:42:28.420, 19760386856195, vstest.console.dll, TestRequestSender.CheckVersionWithTestHost: onMessageReceived received message: (ProtocolVersion) -> 5
TpTrace Verbose: 0 : 25748, 10, 2021/12/03, 20:42:28.421, 19760386863078, vstest.console.dll, TcpClientExtensions.MessageLoopAsync: Polling on remoteEndPoint: 127.0.0.1:50709 localEndPoint: 127.0.0.1:50708
TpTrace Verbose: 0 : 25748, 4, 2021/12/03, 20:42:28.421, 19760386864151, vstest.console.dll, TestPluginCache.GetExtensionPaths: Filtered extension paths: 
TpTrace Verbose: 0 : 25748, 4, 2021/12/03, 20:42:28.422, 19760386867067, vstest.console.dll, TestPluginCache.GetExtensionPaths: Added default extension paths: C:\Program Files\dotnet\sdk\5.0.403\Extensions\Microsoft.Diagnostics.NETCore.Client.dll
C:\Program Files\dotnet\sdk\5.0.403\Extensions\Microsoft.TestPlatform.Extensions.BlameDataCollector.dll
C:\Program Files\dotnet\sdk\5.0.403\Extensions\Microsoft.TestPlatform.Extensions.EventLogCollector.dll
C:\Program Files\dotnet\sdk\5.0.403\Extensions\Microsoft.TestPlatform.TestHostRuntimeProvider.dll
C:\Program Files\dotnet\sdk\5.0.403\Extensions\Microsoft.VisualStudio.TestPlatform.Extensions.Html.TestLogger.dll
C:\Program Files\dotnet\sdk\5.0.403\Extensions\Microsoft.VisualStudio.TestPlatform.Extensions.Trx.TestLogger.dll
TpTrace Verbose: 0 : 25748, 4, 2021/12/03, 20:42:28.422, 19760386868513, vstest.console.dll, TestPluginCache.GetExtensionPaths: Added unfilterableExtensionPaths: 
TpTrace Verbose: 0 : 25748, 4, 2021/12/03, 20:42:28.429, 19760386939133, vstest.console.dll, TestRequestSender.InitializeExecution: Sending initializing execution with message: {"Version":5,"MessageType":"TestExecution.Initialize","Payload":["C:\\Users\\Admin\\Documents\\Kacper IT\\source\\repos\\ZPSB202109\\Kacper.Wozniak\\TestProject1\\SpecFlowProject1\\bin\\Debug\\net5.0\\fine-code-coverage\\build-output\\NUnit3.TestAdapter.dll"]}
TpTrace Verbose: 0 : 25748, 10, 2021/12/03, 20:42:28.446, 19760387108811, vstest.console.dll, TcpClientExtensions.MessageLoopAsync: NotifyDataAvailable remoteEndPoint: 127.0.0.1:50709 localEndPoint: 127.0.0.1:50708
TpTrace Verbose: 0 : 25748, 4, 2021/12/03, 20:42:28.446, 19760387109525, vstest.console.dll, TestRequestSender.StartTestRun: Sending test run with message: {"Version":5,"MessageType":"TestExecution.StartWithSources","Payload":{"AdapterSourceMap":{"_none_":["C:\\Users\\Admin\\Documents\\Kacper IT\\source\\repos\\ZPSB202109\\Kacper.Wozniak\\TestProject1\\SpecFlowProject1\\bin\\Debug\\net5.0\\fine-code-coverage\\build-output\\SpecFlowProject1.dll"]},"RunSettings":"<RunSettings>\r\n  <RunConfiguration>\r\n    <ResultsDirectory>C:\\Users\\Admin\\Documents\\Kacper IT\\source\\repos\\ZPSB202109\\Kacper.Wozniak\\TestProject1\\SpecFlowProject1\\bin\\Debug\\net5.0\\fine-code-coverage\\coverage-tool-output</ResultsDirectory>\r\n    <TargetPlatform>X64</TargetPlatform>\r\n    <TargetFrameworkVersion>.NETCoreApp,Version=v5.0</TargetFrameworkVersion>\r\n    <DesignMode>False</DesignMode>\r\n    <CollectSourceInformation>False</CollectSourceInformation>\r\n  </RunConfiguration>\r\n  <LoggerRunSettings>\r\n    <Loggers>\r\n      <Logger friendlyName=\"blame\" enabled=\"True\" />\r\n      <Logger friendlyName=\"Console\" uri=\"logger://microsoft/TestPlatform/ConsoleLogger/v1\" assemblyQualifiedName=\"Microsoft.VisualStudio.TestPlatform.CommandLine.Internal.ConsoleLogger, vstest.console, Version=15.0.0.0, Culture=neutral, PublicKeyToken=b03f5f7f11d50a3a\" codeBase=\"C:\\Program Files\\dotnet\\sdk\\5.0.403\\vstest.console.dll\" enabled=\"True\" />\r\n    </Loggers>\r\n  </LoggerRunSettings>\r\n  <DataCollectionRunSettings>\r\n    <DataCollectors>\r\n      <DataCollector friendlyName=\"blame\" enabled=\"True\">\r\n        <Configuration>\r\n          <ResultsDirectory>C:\\Users\\Admin\\Documents\\Kacper IT\\source\\repos\\ZPSB202109\\Kacper.Wozniak\\TestProject1\\SpecFlowProject1\\bin\\Debug\\net5.0\\fine-code-coverage\\coverage-tool-output</ResultsDirectory>\r\n        </Configuration>\r\n      </DataCollector>\r\n    </DataCollectors>\r\n  </DataCollectionRunSettings>\r\n</RunSettings>","TestExecutionContext":{"FrequencyOfRunStatsChangeEvent":10,"RunStatsChangeEventTimeout":"00:00:01.5000000","InIsolation":false,"KeepAlive":false,"AreTestCaseLevelEventsRequired":false,"IsDebug":false,"TestCaseFilter":null,"FilterOptions":null},"Package":null}}
TpTrace Verbose: 0 : 25748, 10, 2021/12/03, 20:42:28.446, 19760387114248, vstest.console.dll, TestRequestSender.OnExecutionMessageReceived: Received message: {"Version":5,"MessageType":"TestSession.Message","Payload":{"MessageLevel":0,"Message":"Logging TestHost Diagnostics in file: C:\\Users\\Admin\\Documents\\Kacper IT\\source\\repos\\ZPSB202109\\Kacper.Wozniak\\TestProject1\\SpecFlowProject1\\bin\\Debug\\net5.0\\fine-code-coverage\\coverage-tool-output\\diagnostics.host.21-12-03_20-42-27_20276_4.log"}}
TpTrace Verbose: 0 : 25748, 10, 2021/12/03, 20:42:28.450, 19760387156945, vstest.console.dll, TestRunRequest:SendTestRunMessage: Starting.
TpTrace Information: 0 : 25748, 10, 2021/12/03, 20:42:28.451, 19760387161397, vstest.console.dll, TestRunRequest:SendTestRunMessage: Completed.
TpTrace Verbose: 0 : 25748, 10, 2021/12/03, 20:42:28.451, 19760387163709, vstest.console.dll, TcpClientExtensions.MessageLoopAsync: Polling on remoteEndPoint: 127.0.0.1:50709 localEndPoint: 127.0.0.1:50708
TpTrace Verbose: 0 : 25748, 10, 2021/12/03, 20:42:28.849, 19760391144323, vstest.console.dll, TcpClientExtensions.MessageLoopAsync: NotifyDataAvailable remoteEndPoint: 127.0.0.1:50709 localEndPoint: 127.0.0.1:50708
TpTrace Verbose: 0 : 25748, 10, 2021/12/03, 20:42:28.852, 19760391171472, vstest.console.dll, TestRequestSender.OnExecutionMessageReceived: Received message: {"Version":5,"MessageType":"TestSession.Message","Payload":{"MessageLevel":0,"Message":"NUnit Adapter 4.1.0.0: Test execution started"}}
TpTrace Verbose: 0 : 25748, 10, 2021/12/03, 20:42:28.853, 19760391182634, vstest.console.dll, TestRunRequest:SendTestRunMessage: Starting.
TpTrace Information: 0 : 25748, 10, 2021/12/03, 20:42:28.854, 19760391189577, vstest.console.dll, TestRunRequest:SendTestRunMessage: Completed.
TpTrace Verbose: 0 : 25748, 10, 2021/12/03, 20:42:28.854, 19760391195193, vstest.console.dll, TcpClientExtensions.MessageLoopAsync: Polling on remoteEndPoint: 127.0.0.1:50709 localEndPoint: 127.0.0.1:50708
TpTrace Verbose: 0 : 25748, 10, 2021/12/03, 20:42:28.918, 19760391833601, vstest.console.dll, TcpClientExtensions.MessageLoopAsync: NotifyDataAvailable remoteEndPoint: 127.0.0.1:50709 localEndPoint: 127.0.0.1:50708
TpTrace Verbose: 0 : 25748, 10, 2021/12/03, 20:42:28.918, 19760391836060, vstest.console.dll, TestRequestSender.OnExecutionMessageReceived: Received message: {"Version":5,"MessageType":"TestSession.Message","Payload":{"MessageLevel":0,"Message":"Running all tests in C:\\Users\\Admin\\Documents\\Kacper IT\\source\\repos\\ZPSB202109\\Kacper.Wozniak\\TestProject1\\SpecFlowProject1\\bin\\Debug\\net5.0\\fine-code-coverage\\build-output\\SpecFlowProject1.dll"}}
TpTrace Verbose: 0 : 25748, 10, 2021/12/03, 20:42:28.919, 19760391842767, vstest.console.dll, TestRunRequest:SendTestRunMessage: Starting.
TpTrace Information: 0 : 25748, 10, 2021/12/03, 20:42:28.920, 19760391852467, vstest.console.dll, TestRunRequest:SendTestRunMessage: Completed.
TpTrace Verbose: 0 : 25748, 10, 2021/12/03, 20:42:28.921, 19760391857419, vstest.console.dll, TcpClientExtensions.MessageLoopAsync: Polling on remoteEndPoint: 127.0.0.1:50709 localEndPoint: 127.0.0.1:50708
TpTrace Verbose: 0 : 25748, 10, 2021/12/03, 20:42:29.772, 19760400376168, vstest.console.dll, TcpClientExtensions.MessageLoopAsync: NotifyDataAvailable remoteEndPoint: 127.0.0.1:50709 localEndPoint: 127.0.0.1:50708
TpTrace Verbose: 0 : 25748, 10, 2021/12/03, 20:42:29.773, 19760400381039, vstest.console.dll, TestRequestSender.OnExecutionMessageReceived: Received message: {"Version":5,"MessageType":"TestSession.Message","Payload":{"MessageLevel":0,"Message":"   NUnit3TestExecutor discovered 3 of 3 NUnit test cases using Current Discovery mode, Non-Explicit run"}}
TpTrace Verbose: 0 : 25748, 10, 2021/12/03, 20:42:29.773, 19760400385828, vstest.console.dll, TestRunRequest:SendTestRunMessage: Starting.
TpTrace Information: 0 : 25748, 10, 2021/12/03, 20:42:29.774, 19760400388096, vstest.console.dll, TestRunRequest:SendTestRunMessage: Completed.
TpTrace Verbose: 0 : 25748, 10, 2021/12/03, 20:42:29.774, 19760400391937, vstest.console.dll, TcpClientExtensions.MessageLoopAsync: Polling on remoteEndPoint: 127.0.0.1:50709 localEndPoint: 127.0.0.1:50708
TpTrace Verbose: 0 : 25748, 10, 2021/12/03, 20:42:30.448, 19760407135001, vstest.console.dll, TcpClientExtensions.MessageLoopAsync: NotifyDataAvailable remoteEndPoint: 127.0.0.1:50709 localEndPoint: 127.0.0.1:50708
TpTrace Verbose: 0 : 25748, 10, 2021/12/03, 20:42:30.455, 19760407201669, vstest.console.dll, TestRequestSender.OnExecutionMessageReceived: Received message: {"Version":5,"MessageType":"TestExecution.StatsChange","Payload":{"NewTestResults":[],"TestRunStatistics":{"ExecutedTests":0,"Stats":{}},"ActiveTests":[{"Id":"ecb9451f-ebff-0bbe-92a4-0995472d7258","FullyQualifiedName":"SpecFlowProject1.Features.CalculatorFeature.AddTwoNumbers","DisplayName":"AddTwoNumbers","ExecutorUri":"executor://NUnit3TestExecutor","Source":"C:\\Users\\Admin\\Documents\\Kacper IT\\source\\repos\\ZPSB202109\\Kacper.Wozniak\\TestProject1\\SpecFlowProject1\\bin\\Debug\\net5.0\\fine-code-coverage\\build-output\\SpecFlowProject1.dll","CodeFilePath":null,"LineNumber":0,"Properties":[{"Key":{"Id":"NUnit.TestCategory","Label":"TestCategory","Category":"","Description":"","Attributes":5,"ValueType":"System.String[]"},"Value":["mytag"]},{"Key":{"Id":"NUnit.Seed","Label":"Seed","Category":"","Description":"","Attributes":0,"ValueType":"System.String"},"Value":"943529559"}]}]}}
TpTrace Verbose: 0 : 25748, 10, 2021/12/03, 20:42:30.586, 19760408515651, vstest.console.dll, TestRunRequest:SendTestRunStatsChange: Starting.
TpTrace Verbose: 0 : 25748, 10, 2021/12/03, 20:42:30.606, 19760408708406, vstest.console.dll, InProgress is AddTwoNumbers
TpTrace Information: 0 : 25748, 10, 2021/12/03, 20:42:30.611, 19760408763763, vstest.console.dll, TestRunRequest:SendTestRunStatsChange: Completed.
TpTrace Verbose: 0 : 25748, 10, 2021/12/03, 20:42:30.628, 19760408932285, vstest.console.dll, TcpClientExtensions.MessageLoopAsync: Polling on remoteEndPoint: 127.0.0.1:50709 localEndPoint: 127.0.0.1:50708
TpTrace Verbose: 0 : 25748, 10, 2021/12/03, 20:42:30.657, 19760409218096, vstest.console.dll, TcpClientExtensions.MessageLoopAsync: NotifyDataAvailable remoteEndPoint: 127.0.0.1:50709 localEndPoint: 127.0.0.1:50708
TpTrace Verbose: 0 : 25748, 10, 2021/12/03, 20:42:30.658, 19760409228371, vstest.console.dll, TestRequestSender.OnExecutionMessageReceived: Received message: {"Version":5,"MessageType":"TestSession.Message","Payload":{"MessageLevel":0,"Message":"Given the first number is 50\r\n-> pending: CalculatorStepDefinitions.GivenTheFirstNumberIs(50)\r\nAnd the second number is 70\r\n-> skipped because of previous errors\r\nWhen the two numbers are added\r\n-> skipped because of previous errors\r\nThen the result should be 120\r\n-> skipped because of previous errors\r\n"}}
TpTrace Verbose: 0 : 25748, 10, 2021/12/03, 20:42:30.659, 19760409237499, vstest.console.dll, TestRunRequest:SendTestRunMessage: Starting.
TpTrace Information: 0 : 25748, 10, 2021/12/03, 20:42:30.660, 19760409251016, vstest.console.dll, TestRunRequest:SendTestRunMessage: Completed.
TpTrace Verbose: 0 : 25748, 10, 2021/12/03, 20:42:30.672, 19760409368822, vstest.console.dll, TcpClientExtensions.MessageLoopAsync: Polling on remoteEndPoint: 127.0.0.1:50709 localEndPoint: 127.0.0.1:50708
TpTrace Verbose: 0 : 25748, 10, 2021/12/03, 20:42:30.674, 19760409394851, vstest.console.dll, TcpClientExtensions.MessageLoopAsync: NotifyDataAvailable remoteEndPoint: 127.0.0.1:50709 localEndPoint: 127.0.0.1:50708
TpTrace Verbose: 0 : 25748, 10, 2021/12/03, 20:42:30.676, 19760409410746, vstest.console.dll, TestRequestSender.OnExecutionMessageReceived: Received message: {"Version":5,"MessageType":"TestSession.Message","Payload":{"MessageLevel":0,"Message":"AddTwoNumbers: One or more step definitions are not implemented yet.\r\n  CalculatorStepDefinitions.GivenTheFirstNumberIs(50)"}}
TpTrace Verbose: 0 : 25748, 10, 2021/12/03, 20:42:30.677, 19760409420026, vstest.console.dll, TestRunRequest:SendTestRunMessage: Starting.
TpTrace Information: 0 : 25748, 10, 2021/12/03, 20:42:30.686, 19760409511875, vstest.console.dll, TestRunRequest:SendTestRunMessage: Completed.
TpTrace Verbose: 0 : 25748, 10, 2021/12/03, 20:42:30.692, 19760409576988, vstest.console.dll, TcpClientExtensions.MessageLoopAsync: Polling on remoteEndPoint: 127.0.0.1:50709 localEndPoint: 127.0.0.1:50708
TpTrace Verbose: 0 : 25748, 10, 2021/12/03, 20:42:30.941, 19760412067057, vstest.console.dll, TcpClientExtensions.MessageLoopAsync: NotifyDataAvailable remoteEndPoint: 127.0.0.1:50709 localEndPoint: 127.0.0.1:50708
TpTrace Verbose: 0 : 25748, 10, 2021/12/03, 20:42:30.942, 19760412075420, vstest.console.dll, TestRequestSender.OnExecutionMessageReceived: Received message: {"Version":5,"MessageType":"TestSession.Message","Payload":{"MessageLevel":0,"Message":"Given Cash CHF 2\r\n-> No matching step definition found for the step. Use the following code to create one:\r\n        [Given(@\"Cash CHF (.*)\")]\r\n        public void GivenCashCHF(int p0)\r\n        {\r\n            _scenarioContext.Pending();\r\n        }\r\n\r\nWhen Multipy by 0\r\n-> No matching step definition found for the step. Use the following code to create one:\r\n        [When(@\"Multipy by (.*)\")]\r\n        public void WhenMultipyBy(int p0)\r\n        {\r\n            _scenarioContext.Pending();\r\n        }\r\n\r\nThen Cash Value is 0\r\n-> No matching step definition found for the step. Use the following code to create one:\r\n        [Then(@\"Cash Value is (.*)\")]\r\n        public void ThenCashValueIs(int p0)\r\n        {\r\n            _scenarioContext.Pending();\r\n        }\r\n\r\n"}}
TpTrace Verbose: 0 : 25748, 10, 2021/12/03, 20:42:30.944, 19760412087746, vstest.console.dll, TestRunRequest:SendTestRunMessage: Starting.
TpTrace Information: 0 : 25748, 10, 2021/12/03, 20:42:30.958, 19760412227539, vstest.console.dll, TestRunRequest:SendTestRunMessage: Completed.
TpTrace Verbose: 0 : 25748, 10, 2021/12/03, 20:42:30.961, 19760412259711, vstest.console.dll, TcpClientExtensions.MessageLoopAsync: Polling on remoteEndPoint: 127.0.0.1:50709 localEndPoint: 127.0.0.1:50708
TpTrace Verbose: 0 : 25748, 10, 2021/12/03, 20:42:30.965, 19760412305689, vstest.console.dll, TcpClientExtensions.MessageLoopAsync: NotifyDataAvailable remoteEndPoint: 127.0.0.1:50709 localEndPoint: 127.0.0.1:50708
TpTrace Verbose: 0 : 25748, 10, 2021/12/03, 20:42:30.971, 19760412361491, vstest.console.dll, TestRequestSender.OnExecutionMessageReceived: Received message: {"Version":5,"MessageType":"TestSession.Message","Payload":{"MessageLevel":0,"Message":"MultipyCashByValue: No matching step definition found for one or more steps.\r\nusing System;\r\nusing TechTalk.SpecFlow;\r\n\r\nnamespace MyNamespace\r\n{\r\n    [Binding]\r\n    public class StepDefinitions\r\n    {\r\n        private readonly ScenarioContext _scenarioContext;\r\n\r\n        public StepDefinitions(ScenarioContext scenarioContext)\r\n        {\r\n            _scenarioContext = scenarioContext;\r\n        }\r\n        [Given(@\"Cash CHF (.*)\")]\r\n        public void GivenCashCHF(int p0)\r\n        {\r\n            _scenarioContext.Pending();\r\n        }\r\n        \r\n        [When(@\"Multipy by (.*)\")]\r\n        public void WhenMultipyBy(int p0)\r\n        {\r\n            _scenarioContext.Pending();\r\n        }\r\n        \r\n        [Then(@\"Cash Value is (.*)\")]\r\n        public void ThenCashValueIs(int p0)\r\n        {\r\n            _scenarioContext.Pending();\r\n        }\r\n    }\r\n}\r\n"}}
TpTrace Verbose: 0 : 25748, 10, 2021/12/03, 20:42:30.986, 19760412513265, vstest.console.dll, TestRunRequest:SendTestRunMessage: Starting.
TpTrace Information: 0 : 25748, 10, 2021/12/03, 20:42:31.004, 19760412693194, vstest.console.dll, TestRunRequest:SendTestRunMessage: Completed.
TpTrace Verbose: 0 : 25748, 10, 2021/12/03, 20:42:31.026, 19760412914031, vstest.console.dll, TcpClientExtensions.MessageLoopAsync: Polling on remoteEndPoint: 127.0.0.1:50709 localEndPoint: 127.0.0.1:50708
TpTrace Verbose: 0 : 25748, 10, 2021/12/03, 20:42:31.051, 19760413161381, vstest.console.dll, TcpClientExtensions.MessageLoopAsync: NotifyDataAvailable remoteEndPoint: 127.0.0.1:50709 localEndPoint: 127.0.0.1:50708
TpTrace Verbose: 0 : 25748, 10, 2021/12/03, 20:42:31.051, 19760413164418, vstest.console.dll, TestRequestSender.OnExecutionMessageReceived: Received message: {"Version":5,"MessageType":"TestSession.Message","Payload":{"MessageLevel":0,"Message":"Given the first number is 50\r\n-> pending: CalculatorStepDefinitions.GivenTheFirstNumberIs(50)\r\nAnd the second number is 70\r\n-> skipped because of previous errors\r\nWhen the two numbers are added\r\n-> skipped because of previous errors\r\nThen the result should be 120\r\n-> skipped because of previous errors\r\n"}}
TpTrace Verbose: 0 : 25748, 10, 2021/12/03, 20:42:31.052, 19760413170398, vstest.console.dll, TestRunRequest:SendTestRunMessage: Starting.
TpTrace Information: 0 : 25748, 10, 2021/12/03, 20:42:31.052, 19760413172992, vstest.console.dll, TestRunRequest:SendTestRunMessage: Completed.
TpTrace Verbose: 0 : 25748, 10, 2021/12/03, 20:42:31.052, 19760413176305, vstest.console.dll, TcpClientExtensions.MessageLoopAsync: Polling on remoteEndPoint: 127.0.0.1:50709 localEndPoint: 127.0.0.1:50708
TpTrace Verbose: 0 : 25748, 10, 2021/12/03, 20:42:31.083, 19760413482690, vstest.console.dll, TcpClientExtensions.MessageLoopAsync: NotifyDataAvailable remoteEndPoint: 127.0.0.1:50709 localEndPoint: 127.0.0.1:50708
TpTrace Verbose: 0 : 25748, 10, 2021/12/03, 20:42:31.084, 19760413493279, vstest.console.dll, TestRequestSender.OnExecutionMessageReceived: Received message: {"Version":5,"MessageType":"TestSession.Message","Payload":{"MessageLevel":0,"Message":"AddTwoNumbers: One or more step definitions are not implemented yet.\r\n  CalculatorStepDefinitions.GivenTheFirstNumberIs(50)"}}
TpTrace Verbose: 0 : 25748, 10, 2021/12/03, 20:42:31.085, 19760413497489, vstest.console.dll, TestRunRequest:SendTestRunMessage: Starting.
TpTrace Information: 0 : 25748, 10, 2021/12/03, 20:42:31.085, 19760413499810, vstest.console.dll, TestRunRequest:SendTestRunMessage: Completed.
TpTrace Verbose: 0 : 25748, 10, 2021/12/03, 20:42:31.085, 19760413501453, vstest.console.dll, TcpClientExtensions.MessageLoopAsync: Polling on remoteEndPoint: 127.0.0.1:50709 localEndPoint: 127.0.0.1:50708
TpTrace Verbose: 0 : 25748, 10, 2021/12/03, 20:42:31.922, 19760421874774, vstest.console.dll, TcpClientExtensions.MessageLoopAsync: NotifyDataAvailable remoteEndPoint: 127.0.0.1:50709 localEndPoint: 127.0.0.1:50708
TpTrace Verbose: 0 : 25748, 10, 2021/12/03, 20:42:31.930, 19760421950538, vstest.console.dll, TestRequestSender.OnExecutionMessageReceived: Received message: {"Version":5,"MessageType":"TestSession.Message","Payload":{"MessageLevel":0,"Message":"NUnit Adapter 4.1.0.0: Test execution complete"}}
TpTrace Verbose: 0 : 25748, 10, 2021/12/03, 20:42:31.936, 19760422007679, vstest.console.dll, TestRunRequest:SendTestRunMessage: Starting.
TpTrace Information: 0 : 25748, 10, 2021/12/03, 20:42:31.937, 19760422023905, vstest.console.dll, TestRunRequest:SendTestRunMessage: Completed.
TpTrace Verbose: 0 : 25748, 10, 2021/12/03, 20:42:31.937, 19760422026305, vstest.console.dll, TcpClientExtensions.MessageLoopAsync: Polling on remoteEndPoint: 127.0.0.1:50709 localEndPoint: 127.0.0.1:50708
TpTrace Verbose: 0 : 25748, 10, 2021/12/03, 20:42:32.065, 19760423305621, vstest.console.dll, TcpClientExtensions.MessageLoopAsync: NotifyDataAvailable remoteEndPoint: 127.0.0.1:50709 localEndPoint: 127.0.0.1:50708
TpTrace Verbose: 0 : 25748, 10, 2021/12/03, 20:42:32.066, 19760423313871, vstest.console.dll, TestRequestSender.OnExecutionMessageReceived: Received message: {"Version":5,"MessageType":"TestExecution.Completed","Payload":{"TestRunCompleteArgs":{"TestRunStatistics":{"ExecutedTests":3,"Stats":{"None":3}},"IsCanceled":false,"IsAborted":false,"Error":null,"AttachmentSets":[],"ElapsedTimeInRunningTests":"00:00:03.1631365","Metrics":{}},"LastRunTests":{"NewTestResults":[{"TestCase":{"Id":"ecb9451f-ebff-0bbe-92a4-0995472d7258","FullyQualifiedName":"SpecFlowProject1.Features.CalculatorFeature.AddTwoNumbers","DisplayName":"AddTwoNumbers","ExecutorUri":"executor://NUnit3TestExecutor","Source":"C:\\Users\\Admin\\Documents\\Kacper IT\\source\\repos\\ZPSB202109\\Kacper.Wozniak\\TestProject1\\SpecFlowProject1\\bin\\Debug\\net5.0\\fine-code-coverage\\build-output\\SpecFlowProject1.dll","CodeFilePath":null,"LineNumber":0,"Properties":[{"Key":{"Id":"NUnit.TestCategory","Label":"TestCategory","Category":"","Description":"","Attributes":5,"ValueType":"System.String[]"},"Value":["mytag"]},{"Key":{"Id":"NUnit.Seed","Label":"Seed","Category":"","Description":"","Attributes":0,"ValueType":"System.String"},"Value":"943529559"}]},"Attachments":[],"Outcome":0,"ErrorMessage":"One or more step definitions are not implemented yet.\r\n  CalculatorStepDefinitions.GivenTheFirstNumberIs(50)","ErrorStackTrace":null,"DisplayName":"AddTwoNumbers","Messages":[{"Category":"StdOutMsgs","Text":"Given the first number is 50\r\n-> pending: CalculatorStepDefinitions.GivenTheFirstNumberIs(50)\r\nAnd the second number is 70\r\n-> skipped because of previous errors\r\nWhen the two numbers are added\r\n-> skipped because of previous errors\r\nThen the result should be 120\r\n-> skipped because of previous errors\r\n"},{"Category":"StdOutMsgs","Text":"One or more step definitions are not implemented yet.\r\n  CalculatorStepDefinitions.GivenTheFirstNumberIs(50)"}],"ComputerName":"DOMEK","Duration":"00:00:00.3033190","StartTime":"2021-12-03T19:42:30.3288824+00:00","EndTime":"2021-12-03T19:42:30.6319619+00:00","Properties":[{"Key":{"Id":"NUnit.Seed","Label":"Seed","Category":"","Description":"","Attributes":0,"ValueType":"System.String"},"Value":"943529559"}]},{"TestCase":{"Id":"7fde1a1b-faab-cd0c-5444-b931ee987ad0","FullyQualifiedName":"SpecFlowProject1.Features.CashClassUnitTestingFeature.MultipyCashByValue","DisplayName":"MultipyCashByValue","ExecutorUri":"executor://NUnit3TestExecutor","Source":"C:\\Users\\Admin\\Documents\\Kacper IT\\source\\repos\\ZPSB202109\\Kacper.Wozniak\\TestProject1\\SpecFlowProject1\\bin\\Debug\\net5.0\\fine-code-coverage\\build-output\\SpecFlowProject1.dll","CodeFilePath":null,"LineNumber":0,"Properties":[{"Key":{"Id":"NUnit.TestCategory","Label":"TestCategory","Category":"","Description":"","Attributes":5,"ValueType":"System.String[]"},"Value":["unit"]},{"Key":{"Id":"NUnit.Seed","Label":"Seed","Category":"","Description":"","Attributes":0,"ValueType":"System.String"},"Value":"1542275466"}]},"Attachments":[],"Outcome":0,"ErrorMessage":"No matching step definition found for one or more steps.\r\nusing System;\r\nusing TechTalk.SpecFlow;\r\n\r\nnamespace MyNamespace\r\n{\r\n    [Binding]\r\n    public class StepDefinitions\r\n    {\r\n        private readonly ScenarioContext _scenarioContext;\r\n\r\n        public StepDefinitions(ScenarioContext scenarioContext)\r\n        {\r\n            _scenarioContext = scenarioContext;\r\n        }\r\n        [Given(@\"Cash CHF (.*)\")]\r\n        public void GivenCashCHF(int p0)\r\n        {\r\n            _scenarioContext.Pending();\r\n        }\r\n        \r\n        [When(@\"Multipy by (.*)\")]\r\n        public void WhenMultipyBy(int p0)\r\n        {\r\n            _scenarioContext.Pending();\r\n        }\r\n        \r\n        [Then(@\"Cash Value is (.*)\")]\r\n        public void ThenCashValueIs(int p0)\r\n        {\r\n            _scenarioContext.Pending();\r\n        }\r\n    }\r\n}\r\n","ErrorStackTrace":null,"DisplayName":"MultipyCashByValue","Messages":[{"Category":"StdOutMsgs","Text":"Given Cash CHF 2\r\n-> No matching step definition found for the step. Use the following code to create one:\r\n        [Given(@\"Cash CHF (.*)\")]\r\n        public void GivenCashCHF(int p0)\r\n        {\r\n            _scenarioContext.Pending();\r\n        }\r\n\r\nWhen Multipy by 0\r\n-> No matching step definition found for the step. Use the following code to create one:\r\n        [When(@\"Multipy by (.*)\")]\r\n        public void WhenMultipyBy(int p0)\r\n        {\r\n            _scenarioContext.Pending();\r\n        }\r\n\r\nThen Cash Value is 0\r\n-> No matching step definition found for the step. Use the following code to create one:\r\n        [Then(@\"Cash Value is (.*)\")]\r\n        public void ThenCashValueIs(int p0)\r\n        {\r\n            _scenarioContext.Pending();\r\n        }\r\n\r\n"},{"Category":"StdOutMsgs","Text":"No matching step definition found for one or more steps.\r\nusing System;\r\nusing TechTalk.SpecFlow;\r\n\r\nnamespace MyNamespace\r\n{\r\n    [Binding]\r\n    public class StepDefinitions\r\n    {\r\n        private readonly ScenarioContext _scenarioContext;\r\n\r\n        public StepDefinitions(ScenarioContext scenarioContext)\r\n        {\r\n            _scenarioContext = scenarioContext;\r\n        }\r\n        [Given(@\"Cash CHF (.*)\")]\r\n        public void GivenCashCHF(int p0)\r\n        {\r\n            _scenarioContext.Pending();\r\n        }\r\n        \r\n        [When(@\"Multipy by (.*)\")]\r\n        public void WhenMultipyBy(int p0)\r\n        {\r\n            _scenarioContext.Pending();\r\n        }\r\n        \r\n        [Then(@\"Cash Value is (.*)\")]\r\n        public void ThenCashValueIs(int p0)\r\n        {\r\n            _scenarioContext.Pending();\r\n        }\r\n    }\r\n}\r\n"}],"ComputerName":"DOMEK","Duration":"00:00:00.2778590","StartTime":"2021-12-03T19:42:30.6586053+00:00","EndTime":"2021-12-03T19:42:30.9364631+00:00","Properties":[{"Key":{"Id":"NUnit.Seed","Label":"Seed","Category":"","Description":"","Attributes":0,"ValueType":"System.String"},"Value":"1542275466"}]},{"TestCase":{"Id":"371794e5-1e37-e80c-c15b-f3c33488b7d1","FullyQualifiedName":"SpecFlowProject1.Features.SpecFlowFeature1Feature.AddTwoNumbers","DisplayName":"AddTwoNumbers","ExecutorUri":"executor://NUnit3TestExecutor","Source":"C:\\Users\\Admin\\Documents\\Kacper IT\\source\\repos\\ZPSB202109\\Kacper.Wozniak\\TestProject1\\SpecFlowProject1\\bin\\Debug\\net5.0\\fine-code-coverage\\build-output\\SpecFlowProject1.dll","CodeFilePath":null,"LineNumber":0,"Properties":[{"Key":{"Id":"NUnit.TestCategory","Label":"TestCategory","Category":"","Description":"","Attributes":5,"ValueType":"System.String[]"},"Value":["mytag"]},{"Key":{"Id":"NUnit.Seed","Label":"Seed","Category":"","Description":"","Attributes":0,"ValueType":"System.String"},"Value":"746580675"}]},"Attachments":[],"Outcome":0,"ErrorMessage":"One or more step definitions are not implemented yet.\r\n  CalculatorStepDefinitions.GivenTheFirstNumberIs(50)","ErrorStackTrace":null,"DisplayName":"AddTwoNumbers","Messages":[{"Category":"StdOutMsgs","Text":"Given the first number is 50\r\n-> pending: CalculatorStepDefinitions.GivenTheFirstNumberIs(50)\r\nAnd the second number is 70\r\n-> skipped because of previous errors\r\nWhen the two numbers are added\r\n-> skipped because of previous errors\r\nThen the result should be 120\r\n-> skipped because of previous errors\r\n"},{"Category":"StdOutMsgs","Text":"One or more step definitions are not implemented yet.\r\n  CalculatorStepDefinitions.GivenTheFirstNumberIs(50)"}],"ComputerName":"DOMEK","Duration":"00:00:00.0146440","StartTime":"2021-12-03T19:42:30.9413138+00:00","EndTime":"2021-12-03T19:42:30.9559581+00:00","Properties":[{"Key":{"Id":"NUnit.Seed","Label":"Seed","Category":"","Description":"","Attributes":0,"ValueType":"System.String"},"Value":"746580675"}]}],"TestRunStatistics":{"ExecutedTests":3,"Stats":{"None":3}},"ActiveTests":[]},"RunAttachments":[],"ExecutorUris":["executor://nunit3testexecutor/"]}}
TpTrace Verbose: 0 : 25748, 10, 2021/12/03, 20:42:32.074, 19760423387890, vstest.console.dll, TestRequestSender.EndSession: Sending end session.
TpTrace Verbose: 0 : 25748, 10, 2021/12/03, 20:42:32.074, 19760423394056, vstest.console.dll, ProxyOperationManager.Close: waiting for test host to exit for 100 ms
TpTrace Warning: 0 : 25748, 9, 2021/12/03, 20:42:32.107, 19760423721437, vstest.console.dll, TestHostManagerCallbacks.ErrorReceivedCallback Test host standard error line: 
TpTrace Verbose: 0 : 25748, 7, 2021/12/03, 20:42:32.135, 19760423999438, vstest.console.dll, TestHostProvider.ExitCallBack: Host exited starting callback.
TpTrace Information: 0 : 25748, 7, 2021/12/03, 20:42:32.136, 19760424015118, vstest.console.dll, TestHostManagerCallbacks.ExitCallBack: Testhost processId: 38920 exited with exitcode: 0 error: ''
TpTrace Verbose: 0 : 25748, 7, 2021/12/03, 20:42:32.137, 19760424018815, vstest.console.dll, DotnetTestHostManager.OnHostExited: invoking OnHostExited callback
TpTrace Verbose: 0 : 25748, 7, 2021/12/03, 20:42:32.137, 19760424024159, vstest.console.dll, CrossPlatEngine.TestHostManagerHostExited: calling on client process exit callback.
TpTrace Warning: 0 : 25748, 10, 2021/12/03, 20:42:32.138, 19760424027851, vstest.console.dll, ProxyOperationManager: Timed out waiting for test host to exit. Will terminate process.
TpTrace Information: 0 : 25748, 7, 2021/12/03, 20:42:32.138, 19760424027964, vstest.console.dll, TestRequestSender.OnClientProcessExit: Test host process exited. Standard error: 
TpTrace Information: 0 : 25748, 7, 2021/12/03, 20:42:32.138, 19760424035060, vstest.console.dll, SocketServer.Stop: Stop server endPoint: 127.0.0.1:50708
TpTrace Information: 0 : 25748, 7, 2021/12/03, 20:42:32.138, 19760424036862, vstest.console.dll, SocketServer.Stop: Cancellation requested. Stopping message loop.
TpTrace Verbose: 0 : 25748, 10, 2021/12/03, 20:42:32.140, 19760424050950, vstest.console.dll, ProxyDataCollectionManager.InvokeDataCollectionServiceAction: Starting.
TpTrace Information: 0 : 25748, 10, 2021/12/03, 20:42:32.140, 19760424056114, vstest.console.dll, ProxyDataCollectionManager.AfterTestRunEnd: Get attachment set for datacollector processId: 39512 port: 50705
TpTrace Verbose: 0 : 25748, 10, 2021/12/03, 20:42:32.141, 19760424060775, vstest.console.dll, DataCollectionRequestSender.SendAfterTestRunStartAndGetResult : Send AfterTestRunEnd message with isCancelled: False
TpTrace Verbose: 0 : 25748, 10, 2021/12/03, 20:42:32.155, 19760424204192, vstest.console.dll, DataCollectionRequestSender.SendAfterTestRunStartAndGetResult : Received message: (DataCollection.AfterTestRunEndResult) -> {
  "AttachmentSets": [],
  "Metrics": {}
}
TpTrace Information: 0 : 25748, 10, 2021/12/03, 20:42:32.164, 19760424293078, vstest.console.dll, ProxyDataCollectionManager.InvokeDataCollectionServiceAction: Completed.
TpTrace Warning: 0 : 25748, 6, 2021/12/03, 20:42:32.182, 19760424468189, vstest.console.dll, DataCollectionLauncher.ErrorReceivedCallback datacollector standard error line: 
TpTrace Information: 0 : 25748, 7, 2021/12/03, 20:42:32.204, 19760424692230, vstest.console.dll, DataCollectionLauncher.ExitCallBack: Data collector exited with exitcode: 0 error: ''
TpTrace Verbose: 0 : 25748, 10, 2021/12/03, 20:42:32.289, 19760425540805, vstest.console.dll, TestRunRequest:SendTestRunStatsChange: Starting.
TpTrace Information: 0 : 25748, 10, 2021/12/03, 20:42:32.290, 19760425547125, vstest.console.dll, TestRunRequest:SendTestRunStatsChange: Completed.
TpTrace Verbose: 0 : 25748, 10, 2021/12/03, 20:42:32.290, 19760425553630, vstest.console.dll, ParallelProxyExecutionManager: HandlePartialRunComplete: Total completed clients = 1, Run complete = True, Run canceled: False.
TpTrace Verbose: 0 : 25748, 10, 2021/12/03, 20:42:32.375, 19760426402360, vstest.console.dll, TestRunRequest:TestRunComplete: Starting. IsAborted:False IsCanceled:False.
TpTrace Verbose: 0 : 25748, 10, 2021/12/03, 20:42:32.376, 19760426407876, vstest.console.dll, TestLoggerManager.HandleTestRunComplete: Ignoring as the object is disposed.
TpTrace Information: 0 : 25748, 10, 2021/12/03, 20:42:32.376, 19760426413520, vstest.console.dll, TestRunRequest:TestRunComplete: Completed.
TpTrace Verbose: 0 : 25748, 10, 2021/12/03, 20:42:32.376, 19760426416758, vstest.console.dll, TestRequestSender.SetOperationComplete: Setting operation complete.
TpTrace Verbose: 0 : 25748, 1, 2021/12/03, 20:42:32.376, 19760426413693, vstest.console.dll, TestRunRequest.Dispose: Starting.
TpTrace Information: 0 : 25748, 1, 2021/12/03, 20:42:32.377, 19760426422821, vstest.console.dll, TestRunRequest.Dispose: Completed.
TpTrace Information: 0 : 25748, 1, 2021/12/03, 20:42:32.377, 19760426425824, vstest.console.dll, TestRequestManager.RunTests: run tests completed.
TpTrace Information: 0 : 25748, 1, 2021/12/03, 20:42:32.378, 19760426434678, vstest.console.dll, RunTestsArgumentProcessor:Execute: Test run is completed.
TpTrace Verbose: 0 : 25748, 1, 2021/12/03, 20:42:32.381, 19760426461908, vstest.console.dll, Executor.Execute: Exiting with exit code of 0
TpTrace Information: 0 : 25748, 10, 2021/12/03, 20:42:32.377, 19760426418952, vstest.console.dll, SocketServer.Stop: Stop server endPoint: 127.0.0.1:50708
